Error parsing '/home/wsh/wheeltec/wheeltec_ros2/src/navigation2-humble/nav2_smac_planner/package.xml':
Traceback (most recent call last):
  File "/opt/ros/humble/share/ament_cmake_core/cmake/core/package_xml_2_cmake.py", line 150, in <module>
    main()
  File "/opt/ros/humble/share/ament_cmake_core/cmake/core/package_xml_2_cmake.py", line 53, in main
    raise e
  File "/opt/ros/humble/share/ament_cmake_core/cmake/core/package_xml_2_cmake.py", line 49, in main
    package = parse_package_string(
  File "/usr/lib/python3/dist-packages/catkin_pkg/package.py", line 639, in parse_package_string
    pkg.description = _get_node_value(_get_node(root, 'description', filename), allow_xml=True, apply_str=False)
  File "/usr/lib/python3/dist-packages/catkin_pkg/package.py", line 800, in _get_node
    raise InvalidPackage('The manifest must contain exactly one "%s" tag' % tagname, filename)
catkin_pkg.package.InvalidPackage: Error(s) in package '/home/wsh/wheeltec/wheeltec_ros2/src/navigation2-humble/nav2_smac_planner/package.xml':
The manifest must contain exactly one "description" tag
[31mCMake Error at /opt/ros/humble/share/ament_cmake_core/cmake/core/ament_package_xml.cmake:95 (message):
  execute_process(/usr/bin/python3
  /opt/ros/humble/share/ament_cmake_core/cmake/core/package_xml_2_cmake.py
  /home/wsh/wheeltec/wheeltec_ros2/src/navigation2-humble/nav2_smac_planner/package.xml
  /home/wsh/wheeltec/wheeltec_ros2/build/nav2_smac_planner/ament_cmake_core/package.cmake)
  returned error code 1
Call Stack (most recent call first):
  /opt/ros/humble/share/ament_cmake_core/cmake/core/ament_package_xml.cmake:49 (_ament_package_xml)
  /opt/ros/humble/share/ament_cmake_core/cmake/core/ament_package.cmake:63 (ament_package_xml)
  CMakeLists.txt:255 (ament_package)

[0m
gmake: *** [Makefile:1339: cmake_check_build_system] Error 1
