[01m[K/home/wsh/wheeltec/wheeltec_ros2/src/navigation2-humble/nav2_smac_planner/src/smoother.cpp:[m[K In constructor â€˜[01m[Knav2_smac_planner::Smoother::Smoother(const nav2_smac_planner::SmootherParams&)[m[Kâ€™:
[01m[K/home/wsh/wheeltec/wheeltec_ros2/src/navigation2-humble/nav2_smac_planner/src/smoother.cpp:41:3:[m[K [01;31m[Kerror: [m[Kâ€˜[01m[Kpoint_publisher_[m[Kâ€™ was not declared in this scope
   41 |   [01;31m[Kpoint_publisher_[m[K = node_->create_publisher<geometry_msgs::msg::Point>("smoother_osqp_topic", 1);
      |   [01;31m[K^~~~~~~~~~~~~~~~[m[K
[01m[K/home/wsh/wheeltec/wheeltec_ros2/src/navigation2-humble/nav2_smac_planner/src/smoother.cpp:41:22:[m[K [01;31m[Kerror: [m[Kâ€˜[01m[Knode_[m[Kâ€™ was not declared in this scope; did you mean â€˜[01m[Kmode_t[m[Kâ€™?
   41 |   point_publisher_ = [01;31m[Knode_[m[K->create_publisher<geometry_msgs::msg::Point>("smoother_osqp_topic", 1);
      |                      [01;31m[K^~~~~[m[K
      |                      [32m[Kmode_t[m[K
[01m[K/home/wsh/wheeltec/wheeltec_ros2/src/navigation2-humble/nav2_smac_planner/src/smoother.cpp:41:71:[m[K [01;31m[Kerror: [m[Kexpected primary-expression before â€˜[01m[K>[m[Kâ€™ token
   41 |   point_publisher_ = node_->create_publisher<geometry_msgs::msg::Point[01;31m[K>[m[K("smoother_osqp_topic", 1);
      |                                                                       [01;31m[K^[m[K
[01m[K/home/wsh/wheeltec/wheeltec_ros2/src/navigation2-humble/nav2_smac_planner/src/smoother.cpp:[m[K In constructor â€˜[01m[Knav2_smac_planner::Smoother::Smoother(const nav2_smac_planner::SmootherParams&)[m[Kâ€™:
[01m[K/home/wsh/wheeltec/wheeltec_ros2/src/navigation2-humble/nav2_smac_planner/src/smoother.cpp:41:3:[m[K [01;31m[Kerror: [m[Kâ€˜[01m[Kpoint_publisher_[m[Kâ€™ was not declared in this scope
   41 |   [01;31m[Kpoint_publisher_[m[K = node_->create_publisher<geometry_msgs::msg::Point>("smoother_osqp_topic", 1);
      |   [01;31m[K^~~~~~~~~~~~~~~~[m[K
[01m[K/home/wsh/wheeltec/wheeltec_ros2/src/navigation2-humble/nav2_smac_planner/src/smoother.cpp:41:22:[m[K [01;31m[Kerror: [m[Kâ€˜[01m[Knode_[m[Kâ€™ was not declared in this scope; did you mean â€˜[01m[Kmode_t[m[Kâ€™?
   41 |   point_publisher_ = [01;31m[Knode_[m[K->create_publisher<geometry_msgs::msg::Point>("smoother_osqp_topic", 1);
      |                      [01;31m[K^~~~~[m[K
      |                      [32m[Kmode_t[m[K
[01m[K/home/wsh/wheeltec/wheeltec_ros2/src/navigation2-humble/nav2_smac_planner/src/smoother.cpp:41:71:[m[K [01;31m[Kerror: [m[Kexpected primary-expression before â€˜[01m[K>[m[Kâ€™ token
   41 |   point_publisher_ = node_->create_publisher<geometry_msgs::msg::Point[01;31m[K>[m[K("smoother_osqp_topic", 1);
      |                                                                       [01;31m[K^[m[K
[01m[K/home/wsh/wheeltec/wheeltec_ros2/src/navigation2-humble/nav2_smac_planner/src/smoother.cpp:[m[K In constructor â€˜[01m[Knav2_smac_planner::Smoother::Smoother(const nav2_smac_planner::SmootherParams&)[m[Kâ€™:
[01m[K/home/wsh/wheeltec/wheeltec_ros2/src/navigation2-humble/nav2_smac_planner/src/smoother.cpp:41:3:[m[K [01;31m[Kerror: [m[Kâ€˜[01m[Kpoint_publisher_[m[Kâ€™ was not declared in this scope
   41 |   [01;31m[Kpoint_publisher_[m[K = node_->create_publisher<geometry_msgs::msg::Point>("smoother_osqp_topic", 1);
      |   [01;31m[K^~~~~~~~~~~~~~~~[m[K
[01m[K/home/wsh/wheeltec/wheeltec_ros2/src/navigation2-humble/nav2_smac_planner/src/smoother.cpp:41:22:[m[K [01;31m[Kerror: [m[Kâ€˜[01m[Knode_[m[Kâ€™ was not declared in this scope; did you mean â€˜[01m[Kmode_t[m[Kâ€™?
   41 |   point_publisher_ = [01;31m[Knode_[m[K->create_publisher<geometry_msgs::msg::Point>("smoother_osqp_topic", 1);
      |                      [01;31m[K^~~~~[m[K
      |                      [32m[Kmode_t[m[K
[01m[K/home/wsh/wheeltec/wheeltec_ros2/src/navigation2-humble/nav2_smac_planner/src/smoother.cpp:41:71:[m[K [01;31m[Kerror: [m[Kexpected primary-expression before â€˜[01m[K>[m[Kâ€™ token
   41 |   point_publisher_ = node_->create_publisher<geometry_msgs::msg::Point[01;31m[K>[m[K("smoother_osqp_topic", 1);
      |                                                                       [01;31m[K^[m[K
gmake[2]: *** [CMakeFiles/nav2_smac_planner.dir/build.make:158: CMakeFiles/nav2_smac_planner.dir/src/smoother.cpp.o] Error 1
gmake[2]: *** Waiting for unfinished jobs....
gmake[2]: *** [CMakeFiles/nav2_smac_planner_lattice.dir/build.make:144: CMakeFiles/nav2_smac_planner_lattice.dir/src/smoother.cpp.o] Error 1
gmake[2]: *** Waiting for unfinished jobs....
gmake[2]: *** [CMakeFiles/nav2_smac_planner_2d.dir/build.make:144: CMakeFiles/nav2_smac_planner_2d.dir/src/smoother.cpp.o] Error 1
gmake[2]: *** Waiting for unfinished jobs....
gmake[1]: *** [CMakeFiles/Makefile2:167: CMakeFiles/nav2_smac_planner_2d.dir/all] Error 2
gmake[1]: *** Waiting for unfinished jobs....
gmake[1]: *** [CMakeFiles/Makefile2:193: CMakeFiles/nav2_smac_planner_lattice.dir/all] Error 2
gmake[1]: *** [CMakeFiles/Makefile2:141: CMakeFiles/nav2_smac_planner.dir/all] Error 2
gmake: *** [Makefile:146: all] Error 2
