[0.036s] Invoking command in '/home/wsh/wheeltec/wheeltec_ros2/build/nav2_smac_planner': CMAKE_PREFIX_PATH=/home/wsh/wheeltec/wheeltec_ros2/install/nav2_core:/home/wsh/wheeltec/wheeltec_ros2/install/nav2_costmap_2d:/home/wsh/wheeltec/wheeltec_ros2/install/nav2_map_server:/home/wsh/wheeltec/wheeltec_ros2/install/nav2_lifecycle_manager:/home/wsh/wheeltec/wheeltec_ros2/install/nav2_util:/home/wsh/wheeltec/wheeltec_ros2/install/nav2_voxel_grid:/home/wsh/wheeltec/wheeltec_ros2/install/nav2_msgs:/home/wsh/wheeltec/wheeltec_ros2/install/nav2_common:/home/wsh/wheeltec/wheeltec_ros2/install/wheeltec_slam_toolbox:/home/wsh/wheeltec/wheeltec_ros2/install/wheeltec_rviz2:/home/wsh/wheeltec/wheeltec_ros2/install/wheeltec_rrt_msg:/home/wsh/wheeltec/wheeltec_ros2/install/wheeltec_robot_urdf:/home/wsh/wheeltec/wheeltec_ros2/install/wheeltec_robot_rtab:/home/wsh/wheeltec/wheeltec_ros2/install/wheeltec_robot_rrt:/home/wsh/wheeltec/wheeltec_ros2/install/turn_on_wheeltec_robot:/home/wsh/wheeltec/wheeltec_ros2/install/wheeltec_robot_msg:/home/wsh/wheeltec/wheeltec_ros2/install/wheeltec_robot_kcf:/home/wsh/wheeltec/wheeltec_ros2/install/wheeltec_nav2:/home/wsh/wheeltec/wheeltec_ros2/install/wheeltec_joy:/home/wsh/wheeltec/wheeltec_ros2/install/wheeltec_gps_path:/home/wsh/wheeltec/wheeltec_ros2/install/wheeltec_cartographer:/home/wsh/wheeltec/wheeltec_ros2/install/web_video_server:/home/wsh/wheeltec/wheeltec_ros2/install/usb_cam:/home/wsh/wheeltec/wheeltec_ros2/install/slam_gmapping:/home/wsh/wheeltec/wheeltec_ros2/install/serial:/home/wsh/wheeltec/wheeltec_ros2/install/openslam_gmapping:/home/wsh/wheeltec/wheeltec_ros2/install/nmea_msgs:/home/wsh/wheeltec/wheeltec_ros2/install/nav2_bringup:/home/wsh/wheeltec/wheeltec_ros2/install/navigation2:/home/wsh/wheeltec/wheeltec_ros2/install/nav2_smoother:/home/wsh/wheeltec/wheeltec_ros2/install/nav2_dwb_controller:/home/wsh/wheeltec/wheeltec_ros2/install/nav2_controller:/home/wsh/wheeltec/wheeltec_ros2/install/dwb_plugins:/home/wsh/wheeltec/wheeltec_ros2/install/dwb_critics:/home/wsh/wheeltec/wheeltec_ros2/install/dwb_core:/home/wsh/wheeltec/wheeltec_ros2/install/nav_2d_utils:/home/wsh/wheeltec/wheeltec_ros2/install/dwb_msgs:/home/wsh/wheeltec/wheeltec_ros2/install/nav_2d_msgs:/home/wsh/wheeltec/wheeltec_ros2/install/nav2_waypoint_follower:/home/wsh/wheeltec/wheeltec_ros2/install/nav2_theta_star_planner:/home/wsh/wheeltec/wheeltec_ros2/install/nav2_smac_planner:/home/wsh/wheeltec/wheeltec_ros2/install/nav2_regulated_pure_pursuit_controller:/home/wsh/wheeltec/wheeltec_ros2/install/nav2_planner:/home/wsh/wheeltec/wheeltec_ros2/install/nav2_navfn_planner:/home/wsh/wheeltec/wheeltec_ros2/install/nav2_mppi_controller:/home/wsh/wheeltec/wheeltec_ros2/install/nav2_constrained_smoother:/home/wsh/wheeltec/wheeltec_ros2/install/nav2_bt_navigator:/home/wsh/wheeltec/wheeltec_ros2/install/nav2_behaviors:/home/wsh/wheeltec/wheeltec_ros2/install/nav2_collision_monitor:/home/wsh/wheeltec/wheeltec_ros2/install/costmap_queue:/home/wsh/wheeltec/wheeltec_ros2/install/nav2_velocity_smoother:/home/wsh/wheeltec/wheeltec_ros2/install/nav2_rviz_plugins:/home/wsh/wheeltec/wheeltec_ros2/install/nav2_behavior_tree:/home/wsh/wheeltec/wheeltec_ros2/install/nav2_amcl:/home/wsh/wheeltec/wheeltec_ros2/install/lslidar_driver:/home/wsh/wheeltec/wheeltec_ros2/install/lslidar_msgs:/home/wsh/wheeltec/wheeltec_ros2/install/ldlidar_stl_ros2:/home/wsh/wheeltec/wheeltec_ros2/install/ldlidar_sl_ros2:/home/wsh/wheeltec/wheeltec_ros2/install/astra_camera_msgs:/home/wsh/wheeltec/wheeltec_ros2/install/ackermann_msgs:/home/wsh/wheeltec/wheeltec_ros2/install/wheeltec_robot_keyboard:/home/wsh/wheeltec/wheeltec_ros2/install/tf2_tools:/home/wsh/wheeltec/wheeltec_ros2/install/nmea_navsat_driver:/home/wsh/wheeltec/wheeltec_ros2/install/nav2_simple_commander:/home/wsh/wheeltec/wheeltec_ros2/install/auto_recharge_ros2:/opt/ros/humble LD_LIBRARY_PATH=/home/wsh/wheeltec/wheeltec_ros2/install/nav2_costmap_2d/lib:/home/wsh/wheeltec/wheeltec_ros2/install/nav2_map_server/lib:/home/wsh/wheeltec/wheeltec_ros2/install/nav2_lifecycle_manager/lib:/home/wsh/wheeltec/wheeltec_ros2/install/nav2_util/lib:/home/wsh/wheeltec/wheeltec_ros2/install/nav2_voxel_grid/lib:/home/wsh/wheeltec/wheeltec_ros2/install/nav2_msgs/lib:/home/wsh/wheeltec/wheeltec_ros2/install/wheeltec_rrt_msg/lib:/home/wsh/wheeltec/wheeltec_ros2/install/wheeltec_robot_rrt/lib:/home/wsh/wheeltec/wheeltec_ros2/install/turn_on_wheeltec_robot/lib:/home/wsh/wheeltec/wheeltec_ros2/install/wheeltec_robot_msg/lib:/home/wsh/wheeltec/wheeltec_ros2/install/usb_cam/lib:/home/wsh/wheeltec/wheeltec_ros2/install/serial/lib:/home/wsh/wheeltec/wheeltec_ros2/install/openslam_gmapping/lib:/home/wsh/wheeltec/wheeltec_ros2/install/nmea_msgs/lib:/home/wsh/wheeltec/wheeltec_ros2/install/nav2_smoother/lib:/home/wsh/wheeltec/wheeltec_ros2/install/nav2_controller/lib:/home/wsh/wheeltec/wheeltec_ros2/install/dwb_plugins/lib:/home/wsh/wheeltec/wheeltec_ros2/install/dwb_critics/lib:/home/wsh/wheeltec/wheeltec_ros2/install/dwb_core/lib:/home/wsh/wheeltec/wheeltec_ros2/install/nav_2d_utils/lib:/home/wsh/wheeltec/wheeltec_ros2/install/dwb_msgs/lib:/home/wsh/wheeltec/wheeltec_ros2/install/nav_2d_msgs/lib:/home/wsh/wheeltec/wheeltec_ros2/install/nav2_waypoint_follower/lib:/home/wsh/wheeltec/wheeltec_ros2/install/nav2_theta_star_planner/lib:/home/wsh/wheeltec/wheeltec_ros2/install/nav2_smac_planner/lib:/home/wsh/wheeltec/wheeltec_ros2/install/nav2_regulated_pure_pursuit_controller/lib:/home/wsh/wheeltec/wheeltec_ros2/install/nav2_planner/lib:/home/wsh/wheeltec/wheeltec_ros2/install/nav2_navfn_planner/lib:/home/wsh/wheeltec/wheeltec_ros2/install/nav2_mppi_controller/lib:/home/wsh/wheeltec/wheeltec_ros2/install/nav2_constrained_smoother/lib:/home/wsh/wheeltec/wheeltec_ros2/install/nav2_bt_navigator/lib:/home/wsh/wheeltec/wheeltec_ros2/install/nav2_behaviors/lib:/home/wsh/wheeltec/wheeltec_ros2/install/nav2_collision_monitor/lib:/home/wsh/wheeltec/wheeltec_ros2/install/costmap_queue/lib:/home/wsh/wheeltec/wheeltec_ros2/install/nav2_velocity_smoother/lib:/home/wsh/wheeltec/wheeltec_ros2/install/nav2_rviz_plugins/lib:/home/wsh/wheeltec/wheeltec_ros2/install/nav2_behavior_tree/lib:/home/wsh/wheeltec/wheeltec_ros2/install/nav2_amcl/lib:/home/wsh/wheeltec/wheeltec_ros2/install/lslidar_msgs/lib:/home/wsh/wheeltec/wheeltec_ros2/install/astra_camera_msgs/lib:/home/wsh/wheeltec/wheeltec_ros2/install/ackermann_msgs/lib:/usr/local/adolc/lib:/usr/local/lib:/usr/local/adolc/lib:/usr/local/lib:/usr/lib/x86_64-linux-gnu/gazebo-11/plugins:/opt/ros/humble/opt/rviz_ogre_vendor/lib:/opt/ros/humble/lib/x86_64-linux-gnu:/opt/ros/humble/lib /usr/bin/cmake --build /home/wsh/wheeltec/wheeltec_ros2/build/nav2_smac_planner -- -j20 -l20
[0.064s] -- Found ament_cmake: 1.3.9 (/opt/ros/humble/share/ament_cmake/cmake)
[0.164s] -- Found nav2_common: 1.1.6 (/home/wsh/wheeltec/wheeltec_ros2/install/nav2_common/share/nav2_common/cmake)
[0.164s] -- Found rclcpp: 16.0.9 (/opt/ros/humble/share/rclcpp/cmake)
[0.184s] -- Found rosidl_generator_c: 3.1.5 (/opt/ros/humble/share/rosidl_generator_c/cmake)
[0.186s] -- Found rosidl_adapter: 3.1.5 (/opt/ros/humble/share/rosidl_adapter/cmake)
[0.190s] -- Found rosidl_generator_cpp: 3.1.5 (/opt/ros/humble/share/rosidl_generator_cpp/cmake)
[0.199s] -- Using all available rosidl_typesupport_c: rosidl_typesupport_fastrtps_c;rosidl_typesupport_introspection_c
[0.211s] -- Using all available rosidl_typesupport_cpp: rosidl_typesupport_fastrtps_cpp;rosidl_typesupport_introspection_cpp
[0.252s] -- Found rmw_implementation_cmake: 6.1.2 (/opt/ros/humble/share/rmw_implementation_cmake/cmake)
[0.254s] -- Found rmw_fastrtps_cpp: 6.2.6 (/opt/ros/humble/share/rmw_fastrtps_cpp/cmake)
[0.370s] -- Using RMW implementation 'rmw_fastrtps_cpp' as default
[0.480s] -- Found rclcpp_action: 16.0.9 (/opt/ros/humble/share/rclcpp_action/cmake)
[0.540s] -- Found rclcpp_lifecycle: 16.0.9 (/opt/ros/humble/share/rclcpp_lifecycle/cmake)
[0.565s] -- Found visualization_msgs: 4.2.4 (/opt/ros/humble/share/visualization_msgs/cmake)
[0.742s] -- Found nav2_util: 1.1.6 (/home/wsh/wheeltec/wheeltec_ros2/install/nav2_util/share/nav2_util/cmake)
[1.102s] -- Found eigen3_cmake_module: 0.1.1 (/opt/ros/humble/share/eigen3_cmake_module/cmake)
[1.103s] -- Ensuring Eigen3 include directory is part of orocos-kdl CMake target
[1.219s] -- Found nav2_core: 1.1.6 (/home/wsh/wheeltec/wheeltec_ros2/install/nav2_core/share/nav2_core/cmake)
[2.226s] -- Found OpenMP_C: -fopenmp (found version "4.5") 
[2.226s] -- Found OpenMP_CXX: -fopenmp (found version "4.5") 
[2.248s] -- Found OpenMP_C: -fopenmp (found version "4.5") 
[2.249s] -- Found OpenMP_CXX: -fopenmp (found version "4.5") 
[10.570s] -- Configuring done
[10.649s] -- Generating done
[10.651s] -- Build files have been written to: /home/wsh/wheeltec/wheeltec_ros2/build/nav2_smac_planner
[10.697s] [35m[1mConsolidate compiler generated dependencies of target nav2_smac_planner_2d[0m
[10.697s] [35m[1mConsolidate compiler generated dependencies of target nav2_smac_planner[0m
[10.701s] [35m[1mConsolidate compiler generated dependencies of target nav2_smac_planner_lattice[0m
[10.748s] [  1%] [32mBuilding CXX object CMakeFiles/nav2_smac_planner_2d.dir/math/polygon2d.cc.o[0m
[10.748s] [  2%] [32mBuilding CXX object CMakeFiles/nav2_smac_planner.dir/src/smoother.cpp.o[0m
[10.748s] [  4%] [32mBuilding CXX object CMakeFiles/nav2_smac_planner.dir/math/line_segment2d.cc.o[0m
[10.748s] [  4%] [32mBuilding CXX object CMakeFiles/nav2_smac_planner.dir/math/discretized_path.cc.o[0m
[10.749s] [  5%] [32mBuilding CXX object CMakeFiles/nav2_smac_planner.dir/math/math_utils.cc.o[0m
[10.749s] [  7%] [32mBuilding CXX object CMakeFiles/nav2_smac_planner_lattice.dir/src/smoother.cpp.o[0m
[10.749s] [  7%] [32mBuilding CXX object CMakeFiles/nav2_smac_planner_2d.dir/math/discretized_points_smoothing/cos_theta_ipopt_interface.cc.o[0m
[10.749s] [  8%] [32mBuilding CXX object CMakeFiles/nav2_smac_planner.dir/math/discrete_points_math.cc.o[0m
[10.751s] [  9%] [32mBuilding CXX object CMakeFiles/nav2_smac_planner_2d.dir/src/smoother.cpp.o[0m
[10.751s] [ 10%] [32mBuilding CXX object CMakeFiles/nav2_smac_planner_lattice.dir/math/aabox2d.cc.o[0m
[10.751s] [ 11%] [32mBuilding CXX object CMakeFiles/nav2_smac_planner_2d.dir/math/discrete_points_math.cc.o[0m
[10.751s] [ 11%] [32mBuilding CXX object CMakeFiles/nav2_smac_planner_2d.dir/math/box2d.cc.o[0m
[10.751s] [ 12%] [32mBuilding CXX object CMakeFiles/nav2_smac_planner_lattice.dir/math/discrete_points_math.cc.o[0m
[10.751s] [ 13%] [32mBuilding CXX object CMakeFiles/nav2_smac_planner.dir/math/box2d.cc.o[0m
[10.751s] [ 14%] [32mBuilding CXX object CMakeFiles/nav2_smac_planner_2d.dir/math/aabox2d.cc.o[0m
[10.753s] [ 16%] [32mBuilding CXX object CMakeFiles/nav2_smac_planner_2d.dir/math/math_utils.cc.o[0m
[10.753s] [ 16%] [32mBuilding CXX object CMakeFiles/nav2_smac_planner.dir/math/aabox2d.cc.o[0m
[10.753s] [ 17%] [32mBuilding CXX object CMakeFiles/nav2_smac_planner_2d.dir/math/discretized_path.cc.o[0m
[10.754s] [ 18%] [32mBuilding CXX object CMakeFiles/nav2_smac_planner.dir/math/polygon2d.cc.o[0m
[10.755s] [ 19%] [32mBuilding CXX object CMakeFiles/nav2_smac_planner_2d.dir/math/line_segment2d.cc.o[0m
[10.979s] In file included from [01m[K/home/wsh/wheeltec/wheeltec_ros2/src/navigation2-humble/nav2_smac_planner/math/discretized_points_smoothing/cos_theta_ipopt_interface.h:25[m[K,
[10.979s]                  from [01m[K/home/wsh/wheeltec/wheeltec_ros2/src/navigation2-humble/nav2_smac_planner/math/discretized_points_smoothing/cos_theta_ipopt_interface.cc:17[m[K:
[10.979s] [01m[K/usr/local/adolc/include/adolc/adolc_sparse.h:15:10:[m[K [01;31m[Kfatal error: [m[Kadolc/sparse/sparsedrivers.h: No such file or directory
[10.979s]    15 | #include [01;31m[K<adolc/sparse/sparsedrivers.h>[m[K
[10.980s]       |          [01;31m[K^~~~~~~~~~~~~~~~~~~~~~~~~~~~~~[m[K
[10.980s] compilation terminated.
[10.980s] gmake[2]: *** [CMakeFiles/nav2_smac_planner_2d.dir/build.make:368: CMakeFiles/nav2_smac_planner_2d.dir/math/discretized_points_smoothing/cos_theta_ipopt_interface.cc.o] Error 1
[10.980s] gmake[2]: *** Waiting for unfinished jobs....
[11.004s] [ 20%] [32mBuilding CXX object CMakeFiles/nav2_smac_planner_lattice.dir/math/box2d.cc.o[0m
[11.018s] [01m[K/home/wsh/wheeltec/wheeltec_ros2/src/navigation2-humble/nav2_smac_planner/math/polygon2d.cc:27:10:[m[K [01;31m[Kfatal error: [m[Kutil/string_util.h: No such file or directory
[11.018s]    27 | #include [01;31m[K"util/string_util.h"[m[K
[11.018s]       |          [01;31m[K^~~~~~~~~~~~~~~~~~~~[m[K
[11.018s] compilation terminated.
[11.022s] gmake[2]: *** [CMakeFiles/nav2_smac_planner_2d.dir/build.make:354: CMakeFiles/nav2_smac_planner_2d.dir/math/polygon2d.cc.o] Error 1
[11.034s] [ 21%] [32mBuilding CXX object CMakeFiles/nav2_smac_planner_lattice.dir/math/discretized_path.cc.o[0m
[11.090s] [01m[K/home/wsh/wheeltec/wheeltec_ros2/src/navigation2-humble/nav2_smac_planner/math/polygon2d.cc:27:10:[m[K [01;31m[Kfatal error: [m[Kutil/string_util.h: No such file or directory
[11.090s]    27 | #include [01;31m[K"util/string_util.h"[m[K
[11.090s]       |          [01;31m[K^~~~~~~~~~~~~~~~~~~~[m[K
[11.090s] compilation terminated.
[11.090s] gmake[2]: *** [CMakeFiles/nav2_smac_planner.dir/build.make:354: CMakeFiles/nav2_smac_planner.dir/math/polygon2d.cc.o] Error 1
[11.090s] gmake[2]: *** Waiting for unfinished jobs....
[11.118s] [ 22%] [32mBuilding CXX object CMakeFiles/nav2_smac_planner_lattice.dir/math/line_segment2d.cc.o[0m
[11.943s] [ 23%] [32mBuilding CXX object CMakeFiles/nav2_smac_planner_lattice.dir/math/math_utils.cc.o[0m
[12.029s] [ 23%] [32mBuilding CXX object CMakeFiles/nav2_smac_planner_lattice.dir/math/polygon2d.cc.o[0m
[12.087s] [ 24%] [32mBuilding CXX object CMakeFiles/nav2_smac_planner_lattice.dir/math/discretized_points_smoothing/cos_theta_ipopt_interface.cc.o[0m
[12.146s] [ 25%] [32mBuilding CXX object CMakeFiles/nav2_smac_planner_lattice.dir/math/discretized_points_smoothing/cos_theta_smoother.cc.o[0m
[12.210s] [ 26%] [32mBuilding CXX object CMakeFiles/nav2_smac_planner_lattice.dir/math/discretized_points_smoothing/fem_pos_deviation_ipopt_interface.cc.o[0m
[12.228s] [ 27%] [32mBuilding CXX object CMakeFiles/nav2_smac_planner_lattice.dir/math/discretized_points_smoothing/fem_pos_deviation_osqp_interface.cc.o[0m
[12.293s] [01m[K/home/wsh/wheeltec/wheeltec_ros2/src/navigation2-humble/nav2_smac_planner/math/polygon2d.cc:27:10:[m[K [01;31m[Kfatal error: [m[Kutil/string_util.h: No such file or directory
[12.293s]    27 | #include [01;31m[K"util/string_util.h"[m[K
[12.293s]       |          [01;31m[K^~~~~~~~~~~~~~~~~~~~[m[K
[12.293s] compilation terminated.
[12.295s] gmake[2]: *** [CMakeFiles/nav2_smac_planner_lattice.dir/build.make:354: CMakeFiles/nav2_smac_planner_lattice.dir/math/polygon2d.cc.o] Error 1
[12.295s] gmake[2]: *** Waiting for unfinished jobs....
[12.363s] In file included from [01m[K/home/wsh/wheeltec/wheeltec_ros2/src/navigation2-humble/nav2_smac_planner/math/discretized_points_smoothing/fem_pos_deviation_ipopt_interface.h:23[m[K,
[12.363s]                  from [01m[K/home/wsh/wheeltec/wheeltec_ros2/src/navigation2-humble/nav2_smac_planner/math/discretized_points_smoothing/fem_pos_deviation_ipopt_interface.cc:21[m[K:
[12.363s] [01m[K/usr/local/adolc/include/adolc/adolc_sparse.h:15:10:[m[K [01;31m[Kfatal error: [m[Kadolc/sparse/sparsedrivers.h: No such file or directory
[12.363s]    15 | #include [01;31m[K<adolc/sparse/sparsedrivers.h>[m[K
[12.363s]       |          [01;31m[K^~~~~~~~~~~~~~~~~~~~~~~~~~~~~~[m[K
[12.363s] compilation terminated.
[12.367s] gmake[2]: *** [CMakeFiles/nav2_smac_planner_lattice.dir/build.make:396: CMakeFiles/nav2_smac_planner_lattice.dir/math/discretized_points_smoothing/fem_pos_deviation_ipopt_interface.cc.o] Error 1
[12.416s] In file included from [01m[K/home/wsh/wheeltec/wheeltec_ros2/src/navigation2-humble/nav2_smac_planner/math/discretized_points_smoothing/cos_theta_ipopt_interface.h:25[m[K,
[12.417s]                  from [01m[K/home/wsh/wheeltec/wheeltec_ros2/src/navigation2-humble/nav2_smac_planner/math/discretized_points_smoothing/cos_theta_ipopt_interface.cc:17[m[K:
[12.417s] [01m[K/usr/local/adolc/include/adolc/adolc_sparse.h:15:10:[m[K [01;31m[Kfatal error: [m[Kadolc/sparse/sparsedrivers.h: No such file or directory
[12.417s]    15 | #include [01;31m[K<adolc/sparse/sparsedrivers.h>[m[K
[12.417s]       |          [01;31m[K^~~~~~~~~~~~~~~~~~~~~~~~~~~~~~[m[K
[12.417s] compilation terminated.
[12.418s] gmake[2]: *** [CMakeFiles/nav2_smac_planner_lattice.dir/build.make:368: CMakeFiles/nav2_smac_planner_lattice.dir/math/discretized_points_smoothing/cos_theta_ipopt_interface.cc.o] Error 1
[12.474s] In file included from [01m[K/usr/include/coin/IpJournalist.hpp:15[m[K,
[12.474s]                  from [01m[K/usr/include/coin/IpIpoptApplication.hpp:26[m[K,
[12.474s]                  from [01m[K/home/wsh/wheeltec/wheeltec_ros2/src/navigation2-humble/nav2_smac_planner/math/discretized_points_smoothing/cos_theta_smoother.cc:19[m[K:
[12.474s] [01m[K/usr/include/coin/IpSmartPtr.hpp:18:4:[m[K [01;31m[Kerror: [m[K#error "don't have header file for stddef"
[12.474s]    18 | #  [01;31m[Kerror[m[K "don't have header file for stddef"
[12.474s]       |    [01;31m[K^~~~~[m[K
[12.492s] In file included from [01m[K/home/wsh/wheeltec/wheeltec_ros2/src/navigation2-humble/nav2_smac_planner/math/discretized_points_smoothing/cos_theta_ipopt_interface.h:25[m[K,
[12.492s]                  from [01m[K/home/wsh/wheeltec/wheeltec_ros2/src/navigation2-humble/nav2_smac_planner/math/discretized_points_smoothing/cos_theta_smoother.cc:22[m[K:
[12.492s] [01m[K/usr/local/adolc/include/adolc/adolc_sparse.h:15:10:[m[K [01;31m[Kfatal error: [m[Kadolc/sparse/sparsedrivers.h: No such file or directory
[12.492s]    15 | #include [01;31m[K<adolc/sparse/sparsedrivers.h>[m[K
[12.492s]       |          [01;31m[K^~~~~~~~~~~~~~~~~~~~~~~~~~~~~~[m[K
[12.492s] compilation terminated.
[12.494s] gmake[2]: *** [CMakeFiles/nav2_smac_planner_lattice.dir/build.make:382: CMakeFiles/nav2_smac_planner_lattice.dir/math/discretized_points_smoothing/cos_theta_smoother.cc.o] Error 1
[13.171s] In file included from [01m[K/opt/ros/humble/include/rclcpp/rclcpp/client.hpp:40[m[K,
[13.171s]                  from [01m[K/opt/ros/humble/include/rclcpp/rclcpp/callback_group.hpp:24[m[K,
[13.171s]                  from [01m[K/opt/ros/humble/include/rclcpp/rclcpp/any_executable.hpp:20[m[K,
[13.171s]                  from [01m[K/opt/ros/humble/include/rclcpp/rclcpp/memory_strategy.hpp:25[m[K,
[13.171s]                  from [01m[K/opt/ros/humble/include/rclcpp/rclcpp/memory_strategies.hpp:18[m[K,
[13.171s]                  from [01m[K/opt/ros/humble/include/rclcpp/rclcpp/executor_options.hpp:20[m[K,
[13.171s]                  from [01m[K/opt/ros/humble/include/rclcpp/rclcpp/executor.hpp:37[m[K,
[13.172s]                  from [01m[K/opt/ros/humble/include/rclcpp/rclcpp/executors/multi_threaded_executor.hpp:25[m[K,
[13.172s]                  from [01m[K/opt/ros/humble/include/rclcpp/rclcpp/executors.hpp:21[m[K,
[13.172s]                  from [01m[K/opt/ros/humble/include/rclcpp/rclcpp/rclcpp.hpp:155[m[K,
[13.172s]                  from [01m[K/home/wsh/wheeltec/wheeltec_ros2/src/navigation2-humble/nav2_smac_planner/math/discrete_points_math.h:25[m[K,
[13.172s]                  from [01m[K/home/wsh/wheeltec/wheeltec_ros2/src/navigation2-humble/nav2_smac_planner/math/discrete_points_math.cc:21[m[K:
[13.172s] [01m[K/home/wsh/wheeltec/wheeltec_ros2/src/navigation2-humble/nav2_smac_planner/math/discrete_points_math.cc:[m[K In static member function â€˜[01m[Kstatic bool nav2_smac_planner::DiscretePointsMath::ComputePathProfile(const std::vector<std::pair<double, double> >&, std::vector<double, std::allocator<double> >*, std::vector<double, std::allocator<double> >*, std::vector<double, std::allocator<double> >*, std::vector<double, std::allocator<double> >*)[m[Kâ€™:
[13.172s] [01m[K/home/wsh/wheeltec/wheeltec_ros2/src/navigation2-humble/nav2_smac_planner/math/discrete_points_math.cc:32:18:[m[K [01;31m[Kerror: [m[Kâ€˜[01m[Knode[m[Kâ€™ was not declared in this scope
[13.172s]    32 |     RCLCPP_ERROR([01;31m[Knode[m[K->get_logger(), "headings pointer is null");
[13.172s]       |                  [01;31m[K^~~~[m[K
[13.172s] [01m[K/home/wsh/wheeltec/wheeltec_ros2/src/navigation2-humble/nav2_smac_planner/math/discrete_points_math.cc:32:5:[m[K [01;31m[Kerror: [m[Ktemplate argument 1 is invalid
[13.172s]    32 |     [01;31m[KRCLCPP_ERROR[m[K(node->get_logger(), "headings pointer is null");
[13.172s]       |     [01;31m[K^~~~~~~~~~~~[m[K
[13.173s] [01m[K/home/wsh/wheeltec/wheeltec_ros2/src/navigation2-humble/nav2_smac_planner/math/discrete_points_math.cc:32:5:[m[K [01;31m[Kerror: [m[Ktemplate argument 1 is invalid
[13.173s]    32 |     [01;31m[KRCLCPP_ERROR[m[K(node->get_logger(), "headings pointer is null");
[13.173s]       |     [01;31m[K^~~~~~~~~~~~[m[K
[13.173s] [01m[K/home/wsh/wheeltec/wheeltec_ros2/src/navigation2-humble/nav2_smac_planner/math/discrete_points_math.cc:32:5:[m[K [01;31m[Kerror: [m[Ktemplate argument 1 is invalid
[13.173s]    32 |     [01;31m[KRCLCPP_ERROR[m[K(node->get_logger(), "headings pointer is null");
[13.173s]       |     [01;31m[K^~~~~~~~~~~~[m[K
[13.177s] [01m[K/home/wsh/wheeltec/wheeltec_ros2/src/navigation2-humble/nav2_smac_planner/math/discrete_points_math.cc:36:20:[m[K [01;31m[Kerror: [m[Kâ€˜[01m[Knode[m[Kâ€™ was not declared in this scope
[13.177s]    36 |       RCLCPP_ERROR([01;31m[Knode[m[K->get_logger(), "kappas pointer is null");
[13.177s]       |                    [01;31m[K^~~~[m[K
[13.177s] [01m[K/home/wsh/wheeltec/wheeltec_ros2/src/navigation2-humble/nav2_smac_planner/math/discrete_points_math.cc:36:7:[m[K [01;31m[Kerror: [m[Ktemplate argument 1 is invalid
[13.177s]    36 |       [01;31m[KRCLCPP_ERROR[m[K(node->get_logger(), "kappas pointer is null");
[13.177s]       |       [01;31m[K^~~~~~~~~~~~[m[K
[13.177s] [01m[K/home/wsh/wheeltec/wheeltec_ros2/src/navigation2-humble/nav2_smac_planner/math/discrete_points_math.cc:36:7:[m[K [01;31m[Kerror: [m[Ktemplate argument 1 is invalid
[13.178s]    36 |       [01;31m[KRCLCPP_ERROR[m[K(node->get_logger(), "kappas pointer is null");
[13.178s]       |       [01;31m[K^~~~~~~~~~~~[m[K
[13.178s] [01m[K/home/wsh/wheeltec/wheeltec_ros2/src/navigation2-humble/nav2_smac_planner/math/discrete_points_math.cc:36:7:[m[K [01;31m[Kerror: [m[Ktemplate argument 1 is invalid
[13.178s]    36 |       [01;31m[KRCLCPP_ERROR[m[K(node->get_logger(), "kappas pointer is null");
[13.178s]       |       [01;31m[K^~~~~~~~~~~~[m[K
[13.183s] [01m[K/home/wsh/wheeltec/wheeltec_ros2/src/navigation2-humble/nav2_smac_planner/math/discrete_points_math.cc:40:20:[m[K [01;31m[Kerror: [m[Kâ€˜[01m[Knode[m[Kâ€™ was not declared in this scope
[13.183s]    40 |       RCLCPP_ERROR([01;31m[Knode[m[K->get_logger(), "dkappas pointer is null");
[13.183s]       |                    [01;31m[K^~~~[m[K
[13.183s] [01m[K/home/wsh/wheeltec/wheeltec_ros2/src/navigation2-humble/nav2_smac_planner/math/discrete_points_math.cc:40:7:[m[K [01;31m[Kerror: [m[Ktemplate argument 1 is invalid
[13.184s]    40 |       [01;31m[KRCLCPP_ERROR[m[K(node->get_logger(), "dkappas pointer is null");
[13.184s]       |       [01;31m[K^~~~~~~~~~~~[m[K
[13.184s] [01m[K/home/wsh/wheeltec/wheeltec_ros2/src/navigation2-humble/nav2_smac_planner/math/discrete_points_math.cc:40:7:[m[K [01;31m[Kerror: [m[Ktemplate argument 1 is invalid
[13.184s]    40 |       [01;31m[KRCLCPP_ERROR[m[K(node->get_logger(), "dkappas pointer is null");
[13.184s]       |       [01;31m[K^~~~~~~~~~~~[m[K
[13.184s] [01m[K/home/wsh/wheeltec/wheeltec_ros2/src/navigation2-humble/nav2_smac_planner/math/discrete_points_math.cc:40:7:[m[K [01;31m[Kerror: [m[Ktemplate argument 1 is invalid
[13.184s]    40 |       [01;31m[KRCLCPP_ERROR[m[K(node->get_logger(), "dkappas pointer is null");
[13.184s]       |       [01;31m[K^~~~~~~~~~~~[m[K
[13.330s] In file included from [01m[K/opt/ros/humble/include/rclcpp/rclcpp/client.hpp:40[m[K,
[13.330s]                  from [01m[K/opt/ros/humble/include/rclcpp/rclcpp/callback_group.hpp:24[m[K,
[13.330s]                  from [01m[K/opt/ros/humble/include/rclcpp/rclcpp/any_executable.hpp:20[m[K,
[13.330s]                  from [01m[K/opt/ros/humble/include/rclcpp/rclcpp/memory_strategy.hpp:25[m[K,
[13.330s]                  from [01m[K/opt/ros/humble/include/rclcpp/rclcpp/memory_strategies.hpp:18[m[K,
[13.330s]                  from [01m[K/opt/ros/humble/include/rclcpp/rclcpp/executor_options.hpp:20[m[K,
[13.331s]                  from [01m[K/opt/ros/humble/include/rclcpp/rclcpp/executor.hpp:37[m[K,
[13.331s]                  from [01m[K/opt/ros/humble/include/rclcpp/rclcpp/executors/multi_threaded_executor.hpp:25[m[K,
[13.331s]                  from [01m[K/opt/ros/humble/include/rclcpp/rclcpp/executors.hpp:21[m[K,
[13.331s]                  from [01m[K/opt/ros/humble/include/rclcpp/rclcpp/rclcpp.hpp:155[m[K,
[13.331s]                  from [01m[K/home/wsh/wheeltec/wheeltec_ros2/src/navigation2-humble/nav2_smac_planner/math/discrete_points_math.h:25[m[K,
[13.331s]                  from [01m[K/home/wsh/wheeltec/wheeltec_ros2/src/navigation2-humble/nav2_smac_planner/math/discrete_points_math.cc:21[m[K:
[13.331s] [01m[K/home/wsh/wheeltec/wheeltec_ros2/src/navigation2-humble/nav2_smac_planner/math/discrete_points_math.cc:[m[K In static member function â€˜[01m[Kstatic bool nav2_smac_planner::DiscretePointsMath::ComputePathProfile(const std::vector<std::pair<double, double> >&, std::vector<double, std::allocator<double> >*, std::vector<double, std::allocator<double> >*, std::vector<double, std::allocator<double> >*, std::vector<double, std::allocator<double> >*)[m[Kâ€™:
[13.331s] [01m[K/home/wsh/wheeltec/wheeltec_ros2/src/navigation2-humble/nav2_smac_planner/math/discrete_points_math.cc:32:18:[m[K [01;31m[Kerror: [m[Kâ€˜[01m[Knode[m[Kâ€™ was not declared in this scope
[13.331s]    32 |     RCLCPP_ERROR([01;31m[Knode[m[K->get_logger(), "headings pointer is null");
[13.331s]       |                  [01;31m[K^~~~[m[K
[13.331s] [01m[K/home/wsh/wheeltec/wheeltec_ros2/src/navigation2-humble/nav2_smac_planner/math/discrete_points_math.cc:32:5:[m[K [01;31m[Kerror: [m[Ktemplate argument 1 is invalid
[13.332s]    32 |     [01;31m[KRCLCPP_ERROR[m[K(node->get_logger(), "headings pointer is null");
[13.332s]       |     [01;31m[K^~~~~~~~~~~~[m[K
[13.332s] [01m[K/home/wsh/wheeltec/wheeltec_ros2/src/navigation2-humble/nav2_smac_planner/math/discrete_points_math.cc:32:5:[m[K [01;31m[Kerror: [m[Ktemplate argument 1 is invalid
[13.332s]    32 |     [01;31m[KRCLCPP_ERROR[m[K(node->get_logger(), "headings pointer is null");
[13.332s]       |     [01;31m[K^~~~~~~~~~~~[m[K
[13.332s] [01m[K/home/wsh/wheeltec/wheeltec_ros2/src/navigation2-humble/nav2_smac_planner/math/discrete_points_math.cc:32:5:[m[K [01;31m[Kerror: [m[Ktemplate argument 1 is invalid
[13.332s]    32 |     [01;31m[KRCLCPP_ERROR[m[K(node->get_logger(), "headings pointer is null");
[13.332s]       |     [01;31m[K^~~~~~~~~~~~[m[K
[13.333s] [01m[K/home/wsh/wheeltec/wheeltec_ros2/src/navigation2-humble/nav2_smac_planner/math/discrete_points_math.cc:36:20:[m[K [01;31m[Kerror: [m[Kâ€˜[01m[Knode[m[Kâ€™ was not declared in this scope
[13.333s]    36 |       RCLCPP_ERROR([01;31m[Knode[m[K->get_logger(), "kappas pointer is null");
[13.334s]       |                    [01;31m[K^~~~[m[K
[13.334s] [01m[K/home/wsh/wheeltec/wheeltec_ros2/src/navigation2-humble/nav2_smac_planner/math/discrete_points_math.cc:36:7:[m[K [01;31m[Kerror: [m[Ktemplate argument 1 is invalid
[13.334s]    36 |       [01;31m[KRCLCPP_ERROR[m[K(node->get_logger(), "kappas pointer is null");
[13.334s]       |       [01;31m[K^~~~~~~~~~~~[m[K
[13.334s] [01m[K/home/wsh/wheeltec/wheeltec_ros2/src/navigation2-humble/nav2_smac_planner/math/discrete_points_math.cc:36:7:[m[K [01;31m[Kerror: [m[Ktemplate argument 1 is invalid
[13.334s]    36 |       [01;31m[KRCLCPP_ERROR[m[K(node->get_logger(), "kappas pointer is null");
[13.334s]       |       [01;31m[K^~~~~~~~~~~~[m[K
[13.334s] [01m[K/home/wsh/wheeltec/wheeltec_ros2/src/navigation2-humble/nav2_smac_planner/math/discrete_points_math.cc:36:7:[m[K [01;31m[Kerror: [m[Ktemplate argument 1 is invalid
[13.334s]    36 |       [01;31m[KRCLCPP_ERROR[m[K(node->get_logger(), "kappas pointer is null");
[13.334s]       |       [01;31m[K^~~~~~~~~~~~[m[K
[13.337s] [01m[K/home/wsh/wheeltec/wheeltec_ros2/src/navigation2-humble/nav2_smac_planner/math/discrete_points_math.cc:40:20:[m[K [01;31m[Kerror: [m[Kâ€˜[01m[Knode[m[Kâ€™ was not declared in this scope
[13.337s]    40 |       RCLCPP_ERROR([01;31m[Knode[m[K->get_logger(), "dkappas pointer is null");
[13.337s]       |                    [01;31m[K^~~~[m[K
[13.337s] [01m[K/home/wsh/wheeltec/wheeltec_ros2/src/navigation2-humble/nav2_smac_planner/math/discrete_points_math.cc:40:7:[m[K [01;31m[Kerror: [m[Ktemplate argument 1 is invalid
[13.337s]    40 |       [01;31m[KRCLCPP_ERROR[m[K(node->get_logger(), "dkappas pointer is null");
[13.337s]       |       [01;31m[K^~~~~~~~~~~~[m[K
[13.337s] [01m[K/home/wsh/wheeltec/wheeltec_ros2/src/navigation2-humble/nav2_smac_planner/math/discrete_points_math.cc:40:7:[m[K [01;31m[Kerror: [m[Ktemplate argument 1 is invalid
[13.338s]    40 |       [01;31m[KRCLCPP_ERROR[m[K(node->get_logger(), "dkappas pointer is null");
[13.338s]       |       [01;31m[K^~~~~~~~~~~~[m[K
[13.338s] [01m[K/home/wsh/wheeltec/wheeltec_ros2/src/navigation2-humble/nav2_smac_planner/math/discrete_points_math.cc:40:7:[m[K [01;31m[Kerror: [m[Ktemplate argument 1 is invalid
[13.338s]    40 |       [01;31m[KRCLCPP_ERROR[m[K(node->get_logger(), "dkappas pointer is null");
[13.338s]       |       [01;31m[K^~~~~~~~~~~~[m[K
[13.623s] In file included from [01m[K/opt/ros/humble/include/rclcpp/rclcpp/client.hpp:40[m[K,
[13.623s]                  from [01m[K/opt/ros/humble/include/rclcpp/rclcpp/callback_group.hpp:24[m[K,
[13.623s]                  from [01m[K/opt/ros/humble/include/rclcpp/rclcpp/any_executable.hpp:20[m[K,
[13.623s]                  from [01m[K/opt/ros/humble/include/rclcpp/rclcpp/memory_strategy.hpp:25[m[K,
[13.623s]                  from [01m[K/opt/ros/humble/include/rclcpp/rclcpp/memory_strategies.hpp:18[m[K,
[13.623s]                  from [01m[K/opt/ros/humble/include/rclcpp/rclcpp/executor_options.hpp:20[m[K,
[13.624s]                  from [01m[K/opt/ros/humble/include/rclcpp/rclcpp/executor.hpp:37[m[K,
[13.624s]                  from [01m[K/opt/ros/humble/include/rclcpp/rclcpp/executors/multi_threaded_executor.hpp:25[m[K,
[13.624s]                  from [01m[K/opt/ros/humble/include/rclcpp/rclcpp/executors.hpp:21[m[K,
[13.624s]                  from [01m[K/opt/ros/humble/include/rclcpp/rclcpp/rclcpp.hpp:155[m[K,
[13.624s]                  from [01m[K/home/wsh/wheeltec/wheeltec_ros2/src/navigation2-humble/nav2_smac_planner/math/discrete_points_math.h:25[m[K,
[13.624s]                  from [01m[K/home/wsh/wheeltec/wheeltec_ros2/src/navigation2-humble/nav2_smac_planner/math/discrete_points_math.cc:21[m[K:
[13.624s] [01m[K/home/wsh/wheeltec/wheeltec_ros2/src/navigation2-humble/nav2_smac_planner/math/discrete_points_math.cc:[m[K In static member function â€˜[01m[Kstatic bool nav2_smac_planner::DiscretePointsMath::ComputePathProfile(const std::vector<std::pair<double, double> >&, std::vector<double, std::allocator<double> >*, std::vector<double, std::allocator<double> >*, std::vector<double, std::allocator<double> >*, std::vector<double, std::allocator<double> >*)[m[Kâ€™:
[13.624s] [01m[K/home/wsh/wheeltec/wheeltec_ros2/src/navigation2-humble/nav2_smac_planner/math/discrete_points_math.cc:32:18:[m[K [01;31m[Kerror: [m[Kâ€˜[01m[Knode[m[Kâ€™ was not declared in this scope
[13.624s]    32 |     RCLCPP_ERROR([01;31m[Knode[m[K->get_logger(), "headings pointer is null");
[13.624s]       |                  [01;31m[K^~~~[m[K
[13.624s] [01m[K/home/wsh/wheeltec/wheeltec_ros2/src/navigation2-humble/nav2_smac_planner/math/discrete_points_math.cc:32:5:[m[K [01;31m[Kerror: [m[Ktemplate argument 1 is invalid
[13.625s]    32 |     [01;31m[KRCLCPP_ERROR[m[K(node->get_logger(), "headings pointer is null");
[13.625s]       |     [01;31m[K^~~~~~~~~~~~[m[K
[13.625s] [01m[K/home/wsh/wheeltec/wheeltec_ros2/src/navigation2-humble/nav2_smac_planner/math/discrete_points_math.cc:32:5:[m[K [01;31m[Kerror: [m[Ktemplate argument 1 is invalid
[13.625s]    32 |     [01;31m[KRCLCPP_ERROR[m[K(node->get_logger(), "headings pointer is null");
[13.625s]       |     [01;31m[K^~~~~~~~~~~~[m[K
[13.625s] [01m[K/home/wsh/wheeltec/wheeltec_ros2/src/navigation2-humble/nav2_smac_planner/math/discrete_points_math.cc:32:5:[m[K [01;31m[Kerror: [m[Ktemplate argument 1 is invalid
[13.625s]    32 |     [01;31m[KRCLCPP_ERROR[m[K(node->get_logger(), "headings pointer is null");
[13.625s]       |     [01;31m[K^~~~~~~~~~~~[m[K
[13.626s] [01m[K/home/wsh/wheeltec/wheeltec_ros2/src/navigation2-humble/nav2_smac_planner/math/discrete_points_math.cc:36:20:[m[K [01;31m[Kerror: [m[Kâ€˜[01m[Knode[m[Kâ€™ was not declared in this scope
[13.626s]    36 |       RCLCPP_ERROR([01;31m[Knode[m[K->get_logger(), "kappas pointer is null");
[13.627s]       |                    [01;31m[K^~~~[m[K
[13.627s] [01m[K/home/wsh/wheeltec/wheeltec_ros2/src/navigation2-humble/nav2_smac_planner/math/discrete_points_math.cc:36:7:[m[K [01;31m[Kerror: [m[Ktemplate argument 1 is invalid
[13.627s]    36 |       [01;31m[KRCLCPP_ERROR[m[K(node->get_logger(), "kappas pointer is null");
[13.627s]       |       [01;31m[K^~~~~~~~~~~~[m[K
[13.627s] [01m[K/home/wsh/wheeltec/wheeltec_ros2/src/navigation2-humble/nav2_smac_planner/math/discrete_points_math.cc:36:7:[m[K [01;31m[Kerror: [m[Ktemplate argument 1 is invalid
[13.627s]    36 |       [01;31m[KRCLCPP_ERROR[m[K(node->get_logger(), "kappas pointer is null");
[13.627s]       |       [01;31m[K^~~~~~~~~~~~[m[K
[13.627s] [01m[K/home/wsh/wheeltec/wheeltec_ros2/src/navigation2-humble/nav2_smac_planner/math/discrete_points_math.cc:36:7:[m[K [01;31m[Kerror: [m[Ktemplate argument 1 is invalid
[13.627s]    36 |       [01;31m[KRCLCPP_ERROR[m[K(node->get_logger(), "kappas pointer is null");
[13.627s]       |       [01;31m[K^~~~~~~~~~~~[m[K
[13.630s] [01m[K/home/wsh/wheeltec/wheeltec_ros2/src/navigation2-humble/nav2_smac_planner/math/discrete_points_math.cc:40:20:[m[K [01;31m[Kerror: [m[Kâ€˜[01m[Knode[m[Kâ€™ was not declared in this scope
[13.630s]    40 |       RCLCPP_ERROR([01;31m[Knode[m[K->get_logger(), "dkappas pointer is null");
[13.630s]       |                    [01;31m[K^~~~[m[K
[13.630s] [01m[K/home/wsh/wheeltec/wheeltec_ros2/src/navigation2-humble/nav2_smac_planner/math/discrete_points_math.cc:40:7:[m[K [01;31m[Kerror: [m[Ktemplate argument 1 is invalid
[13.630s]    40 |       [01;31m[KRCLCPP_ERROR[m[K(node->get_logger(), "dkappas pointer is null");
[13.631s]       |       [01;31m[K^~~~~~~~~~~~[m[K
[13.631s] [01m[K/home/wsh/wheeltec/wheeltec_ros2/src/navigation2-humble/nav2_smac_planner/math/discrete_points_math.cc:40:7:[m[K [01;31m[Kerror: [m[Ktemplate argument 1 is invalid
[13.631s]    40 |       [01;31m[KRCLCPP_ERROR[m[K(node->get_logger(), "dkappas pointer is null");
[13.631s]       |       [01;31m[K^~~~~~~~~~~~[m[K
[13.631s] [01m[K/home/wsh/wheeltec/wheeltec_ros2/src/navigation2-humble/nav2_smac_planner/math/discrete_points_math.cc:40:7:[m[K [01;31m[Kerror: [m[Ktemplate argument 1 is invalid
[13.631s]    40 |       [01;31m[KRCLCPP_ERROR[m[K(node->get_logger(), "dkappas pointer is null");
[13.631s]       |       [01;31m[K^~~~~~~~~~~~[m[K
[13.631s] gmake[2]: *** [CMakeFiles/nav2_smac_planner.dir/build.make:270: CMakeFiles/nav2_smac_planner.dir/math/discrete_points_math.cc.o] Error 1
[13.726s] gmake[2]: *** [CMakeFiles/nav2_smac_planner_2d.dir/build.make:270: CMakeFiles/nav2_smac_planner_2d.dir/math/discrete_points_math.cc.o] Error 1
[13.917s] gmake[2]: *** [CMakeFiles/nav2_smac_planner_lattice.dir/build.make:270: CMakeFiles/nav2_smac_planner_lattice.dir/math/discrete_points_math.cc.o] Error 1
[14.026s] In file included from [01m[K/home/wsh/wheeltec/wheeltec_ros2/src/navigation2-humble/nav2_smac_planner/math/discretized_points_smoothing/fem_pos_deviation_osqp_interface.cc:21[m[K:
[14.026s] [01m[K/home/wsh/wheeltec/wheeltec_ros2/src/navigation2-humble/nav2_smac_planner/math/discretized_points_smoothing/fem_pos_deviation_osqp_interface.h:77:36:[m[K [01;31m[Kerror: [m[Kâ€˜[01m[Kc_float[m[Kâ€™ was not declared in this scope; did you mean â€˜[01m[Kfloat[m[Kâ€™?
[14.026s]    77 |   void CalculateKernel(std::vector<[01;31m[Kc_float[m[K>* P_data,
[14.027s]       |                                    [01;31m[K^~~~~~~[m[K
[14.027s]       |                                    [32m[Kfloat[m[K
[14.027s] [01m[K/home/wsh/wheeltec/wheeltec_ros2/src/navigation2-humble/nav2_smac_planner/math/discretized_points_smoothing/fem_pos_deviation_osqp_interface.h:77:43:[m[K [01;31m[Kerror: [m[Ktemplate argument 1 is invalid
[14.027s]    77 |   void CalculateKernel(std::vector<c_float[01;31m[K>[m[K* P_data,
[14.027s]       |                                           [01;31m[K^[m[K
[14.027s] [01m[K/home/wsh/wheeltec/wheeltec_ros2/src/navigation2-humble/nav2_smac_planner/math/discretized_points_smoothing/fem_pos_deviation_osqp_interface.h:77:43:[m[K [01;31m[Kerror: [m[Ktemplate argument 2 is invalid
[14.029s] [01m[K/home/wsh/wheeltec/wheeltec_ros2/src/navigation2-humble/nav2_smac_planner/math/discretized_points_smoothing/fem_pos_deviation_osqp_interface.h:78:36:[m[K [01;31m[Kerror: [m[Kâ€˜[01m[Kc_int[m[Kâ€™ was not declared in this scope; did you mean â€˜[01m[Ku_int[m[Kâ€™?
[14.030s]    78 |                        std::vector<[01;31m[Kc_int[m[K>* P_indices,
[14.030s]       |                                    [01;31m[K^~~~~[m[K
[14.030s]       |                                    [32m[Ku_int[m[K
[14.030s] [01m[K/home/wsh/wheeltec/wheeltec_ros2/src/navigation2-humble/nav2_smac_planner/math/discretized_points_smoothing/fem_pos_deviation_osqp_interface.h:78:41:[m[K [01;31m[Kerror: [m[Ktemplate argument 1 is invalid
[14.030s]    78 |                        std::vector<c_int[01;31m[K>[m[K* P_indices,
[14.030s]       |                                         [01;31m[K^[m[K
[14.030s] [01m[K/home/wsh/wheeltec/wheeltec_ros2/src/navigation2-humble/nav2_smac_planner/math/discretized_points_smoothing/fem_pos_deviation_osqp_interface.h:78:41:[m[K [01;31m[Kerror: [m[Ktemplate argument 2 is invalid
[14.033s] [01m[K/home/wsh/wheeltec/wheeltec_ros2/src/navigation2-humble/nav2_smac_planner/math/discretized_points_smoothing/fem_pos_deviation_osqp_interface.h:79:36:[m[K [01;31m[Kerror: [m[Kâ€˜[01m[Kc_int[m[Kâ€™ was not declared in this scope; did you mean â€˜[01m[Ku_int[m[Kâ€™?
[14.033s]    79 |                        std::vector<[01;31m[Kc_int[m[K>* P_indptr);
[14.033s]       |                                    [01;31m[K^~~~~[m[K
[14.033s]       |                                    [32m[Ku_int[m[K
[14.033s] [01m[K/home/wsh/wheeltec/wheeltec_ros2/src/navigation2-humble/nav2_smac_planner/math/discretized_points_smoothing/fem_pos_deviation_osqp_interface.h:79:41:[m[K [01;31m[Kerror: [m[Ktemplate argument 1 is invalid
[14.033s]    79 |                        std::vector<c_int[01;31m[K>[m[K* P_indptr);
[14.033s]       |                                         [01;31m[K^[m[K
[14.033s] [01m[K/home/wsh/wheeltec/wheeltec_ros2/src/navigation2-humble/nav2_smac_planner/math/discretized_points_smoothing/fem_pos_deviation_osqp_interface.h:79:41:[m[K [01;31m[Kerror: [m[Ktemplate argument 2 is invalid
[14.036s] [01m[K/home/wsh/wheeltec/wheeltec_ros2/src/navigation2-humble/nav2_smac_planner/math/discretized_points_smoothing/fem_pos_deviation_osqp_interface.h:81:36:[m[K [01;31m[Kerror: [m[Kâ€˜[01m[Kc_float[m[Kâ€™ was not declared in this scope; did you mean â€˜[01m[Kfloat[m[Kâ€™?
[14.036s]    81 |   void CalculateOffset(std::vector<[01;31m[Kc_float[m[K>* q);
[14.036s]       |                                    [01;31m[K^~~~~~~[m[K
[14.036s]       |                                    [32m[Kfloat[m[K
[14.037s] [01m[K/home/wsh/wheeltec/wheeltec_ros2/src/navigation2-humble/nav2_smac_planner/math/discretized_points_smoothing/fem_pos_deviation_osqp_interface.h:81:43:[m[K [01;31m[Kerror: [m[Ktemplate argument 1 is invalid
[14.037s]    81 |   void CalculateOffset(std::vector<c_float[01;31m[K>[m[K* q);
[14.037s]       |                                           [01;31m[K^[m[K
[14.037s] [01m[K/home/wsh/wheeltec/wheeltec_ros2/src/navigation2-humble/nav2_smac_planner/math/discretized_points_smoothing/fem_pos_deviation_osqp_interface.h:81:43:[m[K [01;31m[Kerror: [m[Ktemplate argument 2 is invalid
[14.040s] [01m[K/home/wsh/wheeltec/wheeltec_ros2/src/navigation2-humble/nav2_smac_planner/math/discretized_points_smoothing/fem_pos_deviation_osqp_interface.h:83:46:[m[K [01;31m[Kerror: [m[Kâ€˜[01m[Kc_float[m[Kâ€™ was not declared in this scope; did you mean â€˜[01m[Kfloat[m[Kâ€™?
[14.040s]    83 |   void CalculateAffineConstraint(std::vector<[01;31m[Kc_float[m[K>* A_data,
[14.040s]       |                                              [01;31m[K^~~~~~~[m[K
[14.040s]       |                                              [32m[Kfloat[m[K
[14.040s] [01m[K/home/wsh/wheeltec/wheeltec_ros2/src/navigation2-humble/nav2_smac_planner/math/discretized_points_smoothing/fem_pos_deviation_osqp_interface.h:83:53:[m[K [01;31m[Kerror: [m[Ktemplate argument 1 is invalid
[14.040s]    83 |   void CalculateAffineConstraint(std::vector<c_float[01;31m[K>[m[K* A_data,
[14.040s]       |                                                     [01;31m[K^[m[K
[14.040s] [01m[K/home/wsh/wheeltec/wheeltec_ros2/src/navigation2-humble/nav2_smac_planner/math/discretized_points_smoothing/fem_pos_deviation_osqp_interface.h:83:53:[m[K [01;31m[Kerror: [m[Ktemplate argument 2 is invalid
[14.043s] [01m[K/home/wsh/wheeltec/wheeltec_ros2/src/navigation2-humble/nav2_smac_planner/math/discretized_points_smoothing/fem_pos_deviation_osqp_interface.h:84:46:[m[K [01;31m[Kerror: [m[Kâ€˜[01m[Kc_int[m[Kâ€™ was not declared in this scope; did you mean â€˜[01m[Ku_int[m[Kâ€™?
[14.043s]    84 |                                  std::vector<[01;31m[Kc_int[m[K>* A_indices,
[14.043s]       |                                              [01;31m[K^~~~~[m[K
[14.043s]       |                                              [32m[Ku_int[m[K
[14.043s] [01m[K/home/wsh/wheeltec/wheeltec_ros2/src/navigation2-humble/nav2_smac_planner/math/discretized_points_smoothing/fem_pos_deviation_osqp_interface.h:84:51:[m[K [01;31m[Kerror: [m[Ktemplate argument 1 is invalid
[14.043s]    84 |                                  std::vector<c_int[01;31m[K>[m[K* A_indices,
[14.043s]       |                                                   [01;31m[K^[m[K
[14.043s] [01m[K/home/wsh/wheeltec/wheeltec_ros2/src/navigation2-humble/nav2_smac_planner/math/discretized_points_smoothing/fem_pos_deviation_osqp_interface.h:84:51:[m[K [01;31m[Kerror: [m[Ktemplate argument 2 is invalid
[14.046s] [01m[K/home/wsh/wheeltec/wheeltec_ros2/src/navigation2-humble/nav2_smac_planner/math/discretized_points_smoothing/fem_pos_deviation_osqp_interface.h:85:46:[m[K [01;31m[Kerror: [m[Kâ€˜[01m[Kc_int[m[Kâ€™ was not declared in this scope; did you mean â€˜[01m[Ku_int[m[Kâ€™?
[14.046s]    85 |                                  std::vector<[01;31m[Kc_int[m[K>* A_indptr,
[14.046s]       |                                              [01;31m[K^~~~~[m[K
[14.046s]       |                                              [32m[Ku_int[m[K
[14.046s] [01m[K/home/wsh/wheeltec/wheeltec_ros2/src/navigation2-humble/nav2_smac_planner/math/discretized_points_smoothing/fem_pos_deviation_osqp_interface.h:85:51:[m[K [01;31m[Kerror: [m[Ktemplate argument 1 is invalid
[14.046s]    85 |                                  std::vector<c_int[01;31m[K>[m[K* A_indptr,
[14.046s]       |                                                   [01;31m[K^[m[K
[14.046s] [01m[K/home/wsh/wheeltec/wheeltec_ros2/src/navigation2-humble/nav2_smac_planner/math/discretized_points_smoothing/fem_pos_deviation_osqp_interface.h:85:51:[m[K [01;31m[Kerror: [m[Ktemplate argument 2 is invalid
[14.050s] [01m[K/home/wsh/wheeltec/wheeltec_ros2/src/navigation2-humble/nav2_smac_planner/math/discretized_points_smoothing/fem_pos_deviation_osqp_interface.h:86:46:[m[K [01;31m[Kerror: [m[Kâ€˜[01m[Kc_float[m[Kâ€™ was not declared in this scope; did you mean â€˜[01m[Kfloat[m[Kâ€™?
[14.050s]    86 |                                  std::vector<[01;31m[Kc_float[m[K>* lower_bounds,
[14.050s]       |                                              [01;31m[K^~~~~~~[m[K
[14.050s]       |                                              [32m[Kfloat[m[K
[14.050s] [01m[K/home/wsh/wheeltec/wheeltec_ros2/src/navigation2-humble/nav2_smac_planner/math/discretized_points_smoothing/fem_pos_deviation_osqp_interface.h:86:53:[m[K [01;31m[Kerror: [m[Ktemplate argument 1 is invalid
[14.050s]    86 |                                  std::vector<c_float[01;31m[K>[m[K* lower_bounds,
[14.050s]       |                                                     [01;31m[K^[m[K
[14.050s] [01m[K/home/wsh/wheeltec/wheeltec_ros2/src/navigation2-humble/nav2_smac_planner/math/discretized_points_smoothing/fem_pos_deviation_osqp_interface.h:86:53:[m[K [01;31m[Kerror: [m[Ktemplate argument 2 is invalid
[14.053s] [01m[K/home/wsh/wheeltec/wheeltec_ros2/src/navigation2-humble/nav2_smac_planner/math/discretized_points_smoothing/fem_pos_deviation_osqp_interface.h:87:46:[m[K [01;31m[Kerror: [m[Kâ€˜[01m[Kc_float[m[Kâ€™ was not declared in this scope; did you mean â€˜[01m[Kfloat[m[Kâ€™?
[14.054s]    87 |                                  std::vector<[01;31m[Kc_float[m[K>* upper_bounds);
[14.054s]       |                                              [01;31m[K^~~~~~~[m[K
[14.054s]       |                                              [32m[Kfloat[m[K
[14.054s] [01m[K/home/wsh/wheeltec/wheeltec_ros2/src/navigation2-humble/nav2_smac_planner/math/discretized_points_smoothing/fem_pos_deviation_osqp_interface.h:87:53:[m[K [01;31m[Kerror: [m[Ktemplate argument 1 is invalid
[14.054s]    87 |                                  std::vector<c_float[01;31m[K>[m[K* upper_bounds);
[14.054s]       |                                                     [01;31m[K^[m[K
[14.054s] [01m[K/home/wsh/wheeltec/wheeltec_ros2/src/navigation2-humble/nav2_smac_planner/math/discretized_points_smoothing/fem_pos_deviation_osqp_interface.h:87:53:[m[K [01;31m[Kerror: [m[Ktemplate argument 2 is invalid
[14.057s] [01m[K/home/wsh/wheeltec/wheeltec_ros2/src/navigation2-humble/nav2_smac_planner/math/discretized_points_smoothing/fem_pos_deviation_osqp_interface.h:89:39:[m[K [01;31m[Kerror: [m[Kâ€˜[01m[Kc_float[m[Kâ€™ was not declared in this scope; did you mean â€˜[01m[Kfloat[m[Kâ€™?
[14.057s]    89 |   void SetPrimalWarmStart(std::vector<[01;31m[Kc_float[m[K>* primal_warm_start);
[14.058s]       |                                       [01;31m[K^~~~~~~[m[K
[14.058s]       |                                       [32m[Kfloat[m[K
[14.058s] [01m[K/home/wsh/wheeltec/wheeltec_ros2/src/navigation2-humble/nav2_smac_planner/math/discretized_points_smoothing/fem_pos_deviation_osqp_interface.h:89:46:[m[K [01;31m[Kerror: [m[Ktemplate argument 1 is invalid
[14.058s]    89 |   void SetPrimalWarmStart(std::vector<c_float[01;31m[K>[m[K* primal_warm_start);
[14.058s]       |                                              [01;31m[K^[m[K
[14.058s] [01m[K/home/wsh/wheeltec/wheeltec_ros2/src/navigation2-humble/nav2_smac_planner/math/discretized_points_smoothing/fem_pos_deviation_osqp_interface.h:89:46:[m[K [01;31m[Kerror: [m[Ktemplate argument 2 is invalid
[14.061s] [01m[K/home/wsh/wheeltec/wheeltec_ros2/src/navigation2-humble/nav2_smac_planner/math/discretized_points_smoothing/fem_pos_deviation_osqp_interface.h:93:19:[m[K [01;31m[Kerror: [m[Kâ€˜[01m[Kc_float[m[Kâ€™ was not declared in this scope; did you mean â€˜[01m[Kfloat[m[Kâ€™?
[14.061s]    93 |       std::vector<[01;31m[Kc_float[m[K>* P_data, std::vector<c_int>* P_indices,
[14.061s]       |                   [01;31m[K^~~~~~~[m[K
[14.062s]       |                   [32m[Kfloat[m[K
[14.062s] [01m[K/home/wsh/wheeltec/wheeltec_ros2/src/navigation2-humble/nav2_smac_planner/math/discretized_points_smoothing/fem_pos_deviation_osqp_interface.h:93:26:[m[K [01;31m[Kerror: [m[Ktemplate argument 1 is invalid
[14.062s]    93 |       std::vector<c_float[01;31m[K>[m[K* P_data, std::vector<c_int>* P_indices,
[14.062s]       |                          [01;31m[K^[m[K
[14.062s] [01m[K/home/wsh/wheeltec/wheeltec_ros2/src/navigation2-humble/nav2_smac_planner/math/discretized_points_smoothing/fem_pos_deviation_osqp_interface.h:93:26:[m[K [01;31m[Kerror: [m[Ktemplate argument 2 is invalid
[14.065s] [01m[K/home/wsh/wheeltec/wheeltec_ros2/src/navigation2-humble/nav2_smac_planner/math/discretized_points_smoothing/fem_pos_deviation_osqp_interface.h:93:49:[m[K [01;31m[Kerror: [m[Kâ€˜[01m[Kc_int[m[Kâ€™ was not declared in this scope; did you mean â€˜[01m[Ku_int[m[Kâ€™?
[14.065s]    93 |       std::vector<c_float>* P_data, std::vector<[01;31m[Kc_int[m[K>* P_indices,
[14.065s]       |                                                 [01;31m[K^~~~~[m[K
[14.065s]       |                                                 [32m[Ku_int[m[K
[14.065s] [01m[K/home/wsh/wheeltec/wheeltec_ros2/src/navigation2-humble/nav2_smac_planner/math/discretized_points_smoothing/fem_pos_deviation_osqp_interface.h:93:54:[m[K [01;31m[Kerror: [m[Ktemplate argument 1 is invalid
[14.065s]    93 |       std::vector<c_float>* P_data, std::vector<c_int[01;31m[K>[m[K* P_indices,
[14.065s]       |                                                      [01;31m[K^[m[K
[14.065s] [01m[K/home/wsh/wheeltec/wheeltec_ros2/src/navigation2-humble/nav2_smac_planner/math/discretized_points_smoothing/fem_pos_deviation_osqp_interface.h:93:54:[m[K [01;31m[Kerror: [m[Ktemplate argument 2 is invalid
[14.068s] [01m[K/home/wsh/wheeltec/wheeltec_ros2/src/navigation2-humble/nav2_smac_planner/math/discretized_points_smoothing/fem_pos_deviation_osqp_interface.h:94:19:[m[K [01;31m[Kerror: [m[Kâ€˜[01m[Kc_int[m[Kâ€™ was not declared in this scope; did you mean â€˜[01m[Ku_int[m[Kâ€™?
[14.068s]    94 |       std::vector<[01;31m[Kc_int[m[K>* P_indptr, std::vector<c_float>* A_data,
[14.068s]       |                   [01;31m[K^~~~~[m[K
[14.068s]       |                   [32m[Ku_int[m[K
[14.068s] [01m[K/home/wsh/wheeltec/wheeltec_ros2/src/navigation2-humble/nav2_smac_planner/math/discretized_points_smoothing/fem_pos_deviation_osqp_interface.h:94:24:[m[K [01;31m[Kerror: [m[Ktemplate argument 1 is invalid
[14.068s]    94 |       std::vector<c_int[01;31m[K>[m[K* P_indptr, std::vector<c_float>* A_data,
[14.068s]       |                        [01;31m[K^[m[K
[14.068s] [01m[K/home/wsh/wheeltec/wheeltec_ros2/src/navigation2-humble/nav2_smac_planner/math/discretized_points_smoothing/fem_pos_deviation_osqp_interface.h:94:24:[m[K [01;31m[Kerror: [m[Ktemplate argument 2 is invalid
[14.071s] [01m[K/home/wsh/wheeltec/wheeltec_ros2/src/navigation2-humble/nav2_smac_planner/math/discretized_points_smoothing/fem_pos_deviation_osqp_interface.h:94:49:[m[K [01;31m[Kerror: [m[Kâ€˜[01m[Kc_float[m[Kâ€™ was not declared in this scope; did you mean â€˜[01m[Kfloat[m[Kâ€™?
[14.072s]    94 |       std::vector<c_int>* P_indptr, std::vector<[01;31m[Kc_float[m[K>* A_data,
[14.072s]       |                                                 [01;31m[K^~~~~~~[m[K
[14.072s]       |                                                 [32m[Kfloat[m[K
[14.072s] [01m[K/home/wsh/wheeltec/wheeltec_ros2/src/navigation2-humble/nav2_smac_planner/math/discretized_points_smoothing/fem_pos_deviation_osqp_interface.h:94:56:[m[K [01;31m[Kerror: [m[Ktemplate argument 1 is invalid
[14.072s]    94 |       std::vector<c_int>* P_indptr, std::vector<c_float[01;31m[K>[m[K* A_data,
[14.072s]       |                                                        [01;31m[K^[m[K
[14.072s] [01m[K/home/wsh/wheeltec/wheeltec_ros2/src/navigation2-humble/nav2_smac_planner/math/discretized_points_smoothing/fem_pos_deviation_osqp_interface.h:94:56:[m[K [01;31m[Kerror: [m[Ktemplate argument 2 is invalid
[14.075s] [01m[K/home/wsh/wheeltec/wheeltec_ros2/src/navigation2-humble/nav2_smac_planner/math/discretized_points_smoothing/fem_pos_deviation_osqp_interface.h:95:19:[m[K [01;31m[Kerror: [m[Kâ€˜[01m[Kc_int[m[Kâ€™ was not declared in this scope; did you mean â€˜[01m[Ku_int[m[Kâ€™?
[14.075s]    95 |       std::vector<[01;31m[Kc_int[m[K>* A_indices, std::vector<c_int>* A_indptr,
[14.075s]       |                   [01;31m[K^~~~~[m[K
[14.075s]       |                   [32m[Ku_int[m[K
[14.075s] [01m[K/home/wsh/wheeltec/wheeltec_ros2/src/navigation2-humble/nav2_smac_planner/math/discretized_points_smoothing/fem_pos_deviation_osqp_interface.h:95:24:[m[K [01;31m[Kerror: [m[Ktemplate argument 1 is invalid
[14.075s]    95 |       std::vector<c_int[01;31m[K>[m[K* A_indices, std::vector<c_int>* A_indptr,
[14.075s]       |                        [01;31m[K^[m[K
[14.075s] [01m[K/home/wsh/wheeltec/wheeltec_ros2/src/navigation2-humble/nav2_smac_planner/math/discretized_points_smoothing/fem_pos_deviation_osqp_interface.h:95:24:[m[K [01;31m[Kerror: [m[Ktemplate argument 2 is invalid
[14.078s] [01m[K/home/wsh/wheeltec/wheeltec_ros2/src/navigation2-humble/nav2_smac_planner/math/discretized_points_smoothing/fem_pos_deviation_osqp_interface.h:95:50:[m[K [01;31m[Kerror: [m[Kâ€˜[01m[Kc_int[m[Kâ€™ was not declared in this scope; did you mean â€˜[01m[Ku_int[m[Kâ€™?
[14.078s]    95 |       std::vector<c_int>* A_indices, std::vector<[01;31m[Kc_int[m[K>* A_indptr,
[14.078s]       |                                                  [01;31m[K^~~~~[m[K
[14.078s]       |                                                  [32m[Ku_int[m[K
[14.078s] [01m[K/home/wsh/wheeltec/wheeltec_ros2/src/navigation2-humble/nav2_smac_planner/math/discretized_points_smoothing/fem_pos_deviation_osqp_interface.h:95:55:[m[K [01;31m[Kerror: [m[Ktemplate argument 1 is invalid
[14.078s]    95 |       std::vector<c_int>* A_indices, std::vector<c_int[01;31m[K>[m[K* A_indptr,
[14.078s]       |                                                       [01;31m[K^[m[K
[14.079s] [01m[K/home/wsh/wheeltec/wheeltec_ros2/src/navigation2-humble/nav2_smac_planner/math/discretized_points_smoothing/fem_pos_deviation_osqp_interface.h:95:55:[m[K [01;31m[Kerror: [m[Ktemplate argument 2 is invalid
[14.082s] [01m[K/home/wsh/wheeltec/wheeltec_ros2/src/navigation2-humble/nav2_smac_planner/math/discretized_points_smoothing/fem_pos_deviation_osqp_interface.h:96:19:[m[K [01;31m[Kerror: [m[Kâ€˜[01m[Kc_float[m[Kâ€™ was not declared in this scope; did you mean â€˜[01m[Kfloat[m[Kâ€™?
[14.082s]    96 |       std::vector<[01;31m[Kc_float[m[K>* lower_bounds, std::vector<c_float>* upper_bounds,
[14.082s]       |                   [01;31m[K^~~~~~~[m[K
[14.082s]       |                   [32m[Kfloat[m[K
[14.082s] [01m[K/home/wsh/wheeltec/wheeltec_ros2/src/navigation2-humble/nav2_smac_planner/math/discretized_points_smoothing/fem_pos_deviation_osqp_interface.h:96:26:[m[K [01;31m[Kerror: [m[Ktemplate argument 1 is invalid
[14.082s]    96 |       std::vector<c_float[01;31m[K>[m[K* lower_bounds, std::vector<c_float>* upper_bounds,
[14.083s]       |                          [01;31m[K^[m[K
[14.083s] [01m[K/home/wsh/wheeltec/wheeltec_ros2/src/navigation2-humble/nav2_smac_planner/math/discretized_points_smoothing/fem_pos_deviation_osqp_interface.h:96:26:[m[K [01;31m[Kerror: [m[Ktemplate argument 2 is invalid
[14.086s] [01m[K/home/wsh/wheeltec/wheeltec_ros2/src/navigation2-humble/nav2_smac_planner/math/discretized_points_smoothing/fem_pos_deviation_osqp_interface.h:96:55:[m[K [01;31m[Kerror: [m[Kâ€˜[01m[Kc_float[m[Kâ€™ was not declared in this scope; did you mean â€˜[01m[Kfloat[m[Kâ€™?
[14.086s]    96 |       std::vector<c_float>* lower_bounds, std::vector<[01;31m[Kc_float[m[K>* upper_bounds,
[14.086s]       |                                                       [01;31m[K^~~~~~~[m[K
[14.086s]       |                                                       [32m[Kfloat[m[K
[14.086s] [01m[K/home/wsh/wheeltec/wheeltec_ros2/src/navigation2-humble/nav2_smac_planner/math/discretized_points_smoothing/fem_pos_deviation_osqp_interface.h:96:62:[m[K [01;31m[Kerror: [m[Ktemplate argument 1 is invalid
[14.086s]    96 |       std::vector<c_float>* lower_bounds, std::vector<c_float[01;31m[K>[m[K* upper_bounds,
[14.086s]       |                                                              [01;31m[K^[m[K
[14.086s] [01m[K/home/wsh/wheeltec/wheeltec_ros2/src/navigation2-humble/nav2_smac_planner/math/discretized_points_smoothing/fem_pos_deviation_osqp_interface.h:96:62:[m[K [01;31m[Kerror: [m[Ktemplate argument 2 is invalid
[14.089s] [01m[K/home/wsh/wheeltec/wheeltec_ros2/src/navigation2-humble/nav2_smac_planner/math/discretized_points_smoothing/fem_pos_deviation_osqp_interface.h:97:19:[m[K [01;31m[Kerror: [m[Kâ€˜[01m[Kc_float[m[Kâ€™ was not declared in this scope; did you mean â€˜[01m[Kfloat[m[Kâ€™?
[14.089s]    97 |       std::vector<[01;31m[Kc_float[m[K>* q, std::vector<c_float>* primal_warm_start,
[14.090s]       |                   [01;31m[K^~~~~~~[m[K
[14.090s]       |                   [32m[Kfloat[m[K
[14.090s] [01m[K/home/wsh/wheeltec/wheeltec_ros2/src/navigation2-humble/nav2_smac_planner/math/discretized_points_smoothing/fem_pos_deviation_osqp_interface.h:97:26:[m[K [01;31m[Kerror: [m[Ktemplate argument 1 is invalid
[14.090s]    97 |       std::vector<c_float[01;31m[K>[m[K* q, std::vector<c_float>* primal_warm_start,
[14.090s]       |                          [01;31m[K^[m[K
[14.090s] [01m[K/home/wsh/wheeltec/wheeltec_ros2/src/navigation2-humble/nav2_smac_planner/math/discretized_points_smoothing/fem_pos_deviation_osqp_interface.h:97:26:[m[K [01;31m[Kerror: [m[Ktemplate argument 2 is invalid
[14.093s] [01m[K/home/wsh/wheeltec/wheeltec_ros2/src/navigation2-humble/nav2_smac_planner/math/discretized_points_smoothing/fem_pos_deviation_osqp_interface.h:97:44:[m[K [01;31m[Kerror: [m[Kâ€˜[01m[Kc_float[m[Kâ€™ was not declared in this scope; did you mean â€˜[01m[Kfloat[m[Kâ€™?
[14.093s]    97 |       std::vector<c_float>* q, std::vector<[01;31m[Kc_float[m[K>* primal_warm_start,
[14.093s]       |                                            [01;31m[K^~~~~~~[m[K
[14.093s]       |                                            [32m[Kfloat[m[K
[14.093s] [01m[K/home/wsh/wheeltec/wheeltec_ros2/src/navigation2-humble/nav2_smac_planner/math/discretized_points_smoothing/fem_pos_deviation_osqp_interface.h:97:51:[m[K [01;31m[Kerror: [m[Ktemplate argument 1 is invalid
[14.093s]    97 |       std::vector<c_float>* q, std::vector<c_float[01;31m[K>[m[K* primal_warm_start,
[14.094s]       |                                                   [01;31m[K^[m[K
[14.094s] [01m[K/home/wsh/wheeltec/wheeltec_ros2/src/navigation2-humble/nav2_smac_planner/math/discretized_points_smoothing/fem_pos_deviation_osqp_interface.h:97:51:[m[K [01;31m[Kerror: [m[Ktemplate argument 2 is invalid
[14.094s] [01m[K/home/wsh/wheeltec/wheeltec_ros2/src/navigation2-humble/nav2_smac_planner/math/discretized_points_smoothing/fem_pos_deviation_osqp_interface.h:98:7:[m[K [01;31m[Kerror: [m[Kâ€˜[01m[KOSQPData[m[Kâ€™ has not been declared
[14.094s]    98 |       [01;31m[KOSQPData[m[K* data, OSQPWorkspace** work, OSQPSettings* settings);
[14.094s]       |       [01;31m[K^~~~~~~~[m[K
[14.100s] [01m[K/home/wsh/wheeltec/wheeltec_ros2/src/navigation2-humble/nav2_smac_planner/math/discretized_points_smoothing/fem_pos_deviation_osqp_interface.cc:[m[K In member function â€˜[01m[Kbool nav2_smac_planner::FemPosDeviationOsqpInterface::Solve()[m[Kâ€™:
[14.100s] [01m[K/home/wsh/wheeltec/wheeltec_ros2/src/navigation2-humble/nav2_smac_planner/math/discretized_points_smoothing/fem_pos_deviation_osqp_interface.cc:59:15:[m[K [01;31m[Kerror: [m[Kâ€˜[01m[Kc_float[m[Kâ€™ was not declared in this scope; did you mean â€˜[01m[Kfloat[m[Kâ€™?
[14.100s]    59 |   std::vector<[01;31m[Kc_float[m[K> P_data;
[14.100s]       |               [01;31m[K^~~~~~~[m[K
[14.100s]       |               [32m[Kfloat[m[K
[14.100s] [01m[K/home/wsh/wheeltec/wheeltec_ros2/src/navigation2-humble/nav2_smac_planner/math/discretized_points_smoothing/fem_pos_deviation_osqp_interface.cc:59:22:[m[K [01;31m[Kerror: [m[Ktemplate argument 1 is invalid
[14.100s]    59 |   std::vector<c_float[01;31m[K>[m[K P_data;
[14.100s]       |                      [01;31m[K^[m[K
[14.100s] [01m[K/home/wsh/wheeltec/wheeltec_ros2/src/navigation2-humble/nav2_smac_planner/math/discretized_points_smoothing/fem_pos_deviation_osqp_interface.cc:59:22:[m[K [01;31m[Kerror: [m[Ktemplate argument 2 is invalid
[14.103s] [01m[K/home/wsh/wheeltec/wheeltec_ros2/src/navigation2-humble/nav2_smac_planner/math/discretized_points_smoothing/fem_pos_deviation_osqp_interface.cc:60:15:[m[K [01;31m[Kerror: [m[Kâ€˜[01m[Kc_int[m[Kâ€™ was not declared in this scope; did you mean â€˜[01m[Ku_int[m[Kâ€™?
[14.103s]    60 |   std::vector<[01;31m[Kc_int[m[K> P_indices;
[14.103s]       |               [01;31m[K^~~~~[m[K
[14.103s]       |               [32m[Ku_int[m[K
[14.103s] [01m[K/home/wsh/wheeltec/wheeltec_ros2/src/navigation2-humble/nav2_smac_planner/math/discretized_points_smoothing/fem_pos_deviation_osqp_interface.cc:60:20:[m[K [01;31m[Kerror: [m[Ktemplate argument 1 is invalid
[14.104s]    60 |   std::vector<c_int[01;31m[K>[m[K P_indices;
[14.104s]       |                    [01;31m[K^[m[K
[14.104s] [01m[K/home/wsh/wheeltec/wheeltec_ros2/src/navigation2-humble/nav2_smac_planner/math/discretized_points_smoothing/fem_pos_deviation_osqp_interface.cc:60:20:[m[K [01;31m[Kerror: [m[Ktemplate argument 2 is invalid
[14.104s] [01m[K/home/wsh/wheeltec/wheeltec_ros2/src/navigation2-humble/nav2_smac_planner/math/discretized_points_smoothing/fem_pos_deviation_osqp_interface.cc:61:20:[m[K [01;31m[Kerror: [m[Ktemplate argument 2 is invalid
[14.104s]    61 |   std::vector<c_int[01;31m[K>[m[K P_indptr;
[14.104s]       |                    [01;31m[K^[m[K
[14.104s] [01m[K/home/wsh/wheeltec/wheeltec_ros2/src/navigation2-humble/nav2_smac_planner/math/discretized_points_smoothing/fem_pos_deviation_osqp_interface.cc:65:22:[m[K [01;31m[Kerror: [m[Ktemplate argument 2 is invalid
[14.104s]    65 |   std::vector<c_float[01;31m[K>[m[K A_data;
[14.104s]       |                      [01;31m[K^[m[K
[14.104s] [01m[K/home/wsh/wheeltec/wheeltec_ros2/src/navigation2-humble/nav2_smac_planner/math/discretized_points_smoothing/fem_pos_deviation_osqp_interface.cc:66:20:[m[K [01;31m[Kerror: [m[Ktemplate argument 2 is invalid
[14.104s]    66 |   std::vector<c_int[01;31m[K>[m[K A_indices;
[14.104s]       |                    [01;31m[K^[m[K
[14.104s] [01m[K/home/wsh/wheeltec/wheeltec_ros2/src/navigation2-humble/nav2_smac_planner/math/discretized_points_smoothing/fem_pos_deviation_osqp_interface.cc:67:20:[m[K [01;31m[Kerror: [m[Ktemplate argument 2 is invalid
[14.104s]    67 |   std::vector<c_int[01;31m[K>[m[K A_indptr;
[14.105s]       |                    [01;31m[K^[m[K
[14.105s] [01m[K/home/wsh/wheeltec/wheeltec_ros2/src/navigation2-humble/nav2_smac_planner/math/discretized_points_smoothing/fem_pos_deviation_osqp_interface.cc:68:22:[m[K [01;31m[Kerror: [m[Ktemplate argument 2 is invalid
[14.105s]    68 |   std::vector<c_float[01;31m[K>[m[K lower_bounds;
[14.105s]       |                      [01;31m[K^[m[K
[14.105s] [01m[K/home/wsh/wheeltec/wheeltec_ros2/src/navigation2-humble/nav2_smac_planner/math/discretized_points_smoothing/fem_pos_deviation_osqp_interface.cc:69:22:[m[K [01;31m[Kerror: [m[Ktemplate argument 2 is invalid
[14.105s]    69 |   std::vector<c_float[01;31m[K>[m[K upper_bounds;
[14.105s]       |                      [01;31m[K^[m[K
[14.105s] [01m[K/home/wsh/wheeltec/wheeltec_ros2/src/navigation2-humble/nav2_smac_planner/math/discretized_points_smoothing/fem_pos_deviation_osqp_interface.cc:74:22:[m[K [01;31m[Kerror: [m[Ktemplate argument 2 is invalid
[14.105s]    74 |   std::vector<c_float[01;31m[K>[m[K q;
[14.105s]       |                      [01;31m[K^[m[K
[14.105s] [01m[K/home/wsh/wheeltec/wheeltec_ros2/src/navigation2-humble/nav2_smac_planner/math/discretized_points_smoothing/fem_pos_deviation_osqp_interface.cc:78:22:[m[K [01;31m[Kerror: [m[Ktemplate argument 2 is invalid
[14.105s]    78 |   std::vector<c_float[01;31m[K>[m[K primal_warm_start;
[14.105s]       |                      [01;31m[K^[m[K
[14.107s] [01m[K/home/wsh/wheeltec/wheeltec_ros2/src/navigation2-humble/nav2_smac_planner/math/discretized_points_smoothing/fem_pos_deviation_osqp_interface.cc:81:3:[m[K [01;31m[Kerror: [m[Kâ€˜[01m[KOSQPData[m[Kâ€™ was not declared in this scope
[14.107s]    81 |   [01;31m[KOSQPData[m[K* data = reinterpret_cast<OSQPData*>(c_malloc(sizeof(OSQPData)));
[14.107s]       |   [01;31m[K^~~~~~~~[m[K
[14.108s] [01m[K/home/wsh/wheeltec/wheeltec_ros2/src/navigation2-humble/nav2_smac_planner/math/discretized_points_smoothing/fem_pos_deviation_osqp_interface.cc:81:13:[m[K [01;31m[Kerror: [m[Kâ€˜[01m[Kdata[m[Kâ€™ was not declared in this scope; did you mean â€˜[01m[Kstd::data[m[Kâ€™?
[14.108s]    81 |   OSQPData* [01;31m[Kdata[m[K = reinterpret_cast<OSQPData*>(c_malloc(sizeof(OSQPData)));
[14.108s]       |             [01;31m[K^~~~[m[K
[14.108s]       |             [32m[Kstd::data[m[K
[14.108s] In file included from [01m[K/usr/include/c++/11/vector:69[m[K,
[14.108s]                  from [01m[K/home/wsh/wheeltec/wheeltec_ros2/src/navigation2-humble/nav2_smac_planner/math/discretized_points_smoothing/fem_pos_deviation_osqp_interface.h:24[m[K,
[14.108s]                  from [01m[K/home/wsh/wheeltec/wheeltec_ros2/src/navigation2-humble/nav2_smac_planner/math/discretized_points_smoothing/fem_pos_deviation_osqp_interface.cc:21[m[K:
[14.108s] [01m[K/usr/include/c++/11/bits/range_access.h:319:5:[m[K [01;36m[Knote: [m[Kâ€˜[01m[Kstd::data[m[Kâ€™ declared here
[14.108s]   319 |     [01;36m[Kdata[m[K(initializer_list<_Tp> __il) noexcept
[14.108s]       |     [01;36m[K^~~~[m[K
[14.109s] [01m[K/home/wsh/wheeltec/wheeltec_ros2/src/navigation2-humble/nav2_smac_planner/math/discretized_points_smoothing/fem_pos_deviation_osqp_interface.cc:81:37:[m[K [01;31m[Kerror: [m[Kâ€˜[01m[KOSQPData[m[Kâ€™ does not name a type
[14.109s]    81 |   OSQPData* data = reinterpret_cast<[01;31m[KOSQPData[m[K*>(c_malloc(sizeof(OSQPData)));
[14.109s]       |                                     [01;31m[K^~~~~~~~[m[K
[14.109s] [01m[K/home/wsh/wheeltec/wheeltec_ros2/src/navigation2-humble/nav2_smac_planner/math/discretized_points_smoothing/fem_pos_deviation_osqp_interface.cc:81:45:[m[K [01;31m[Kerror: [m[Kexpected â€˜[01m[K>[m[Kâ€™ before â€˜[01m[K*[m[Kâ€™ token
[14.109s]    81 |   OSQPData* data = reinterpret_cast<OSQPData[01;31m[K*[m[K>(c_malloc(sizeof(OSQPData)));
[14.109s]       |                                             [01;31m[K^[m[K
[14.109s] [01m[K/home/wsh/wheeltec/wheeltec_ros2/src/navigation2-humble/nav2_smac_planner/math/discretized_points_smoothing/fem_pos_deviation_osqp_interface.cc:81:45:[m[K [01;31m[Kerror: [m[Kexpected â€˜[01m[K([m[Kâ€™ before â€˜[01m[K*[m[Kâ€™ token
[14.109s]    81 |   OSQPData* data = reinterpret_cast<OSQPData[01;31m[K*[m[K>(c_malloc(sizeof(OSQPData)));
[14.109s]       |                                             [01;31m[K^[m[K
[14.109s]       |                                             [32m[K([m[K
[14.110s] [01m[K/home/wsh/wheeltec/wheeltec_ros2/src/navigation2-humble/nav2_smac_planner/math/discretized_points_smoothing/fem_pos_deviation_osqp_interface.cc:81:46:[m[K [01;31m[Kerror: [m[Kexpected primary-expression before â€˜[01m[K>[m[Kâ€™ token
[14.110s]    81 |   OSQPData* data = reinterpret_cast<OSQPData*[01;31m[K>[m[K(c_malloc(sizeof(OSQPData)));
[14.110s]       |                                              [01;31m[K^[m[K
[14.113s] [01m[K/home/wsh/wheeltec/wheeltec_ros2/src/navigation2-humble/nav2_smac_planner/math/discretized_points_smoothing/fem_pos_deviation_osqp_interface.cc:81:48:[m[K [01;31m[Kerror: [m[Kâ€˜[01m[Kc_malloc[m[Kâ€™ was not declared in this scope; did you mean â€˜[01m[Kmalloc[m[Kâ€™?
[14.113s]    81 |   OSQPData* data = reinterpret_cast<OSQPData*>([01;31m[Kc_malloc[m[K(sizeof(OSQPData)));
[14.113s]       |                                                [01;31m[K^~~~~~~~[m[K
[14.113s]       |                                                [32m[Kmalloc[m[K
[14.113s] [01m[K/home/wsh/wheeltec/wheeltec_ros2/src/navigation2-humble/nav2_smac_planner/math/discretized_points_smoothing/fem_pos_deviation_osqp_interface.cc:81:75:[m[K [01;31m[Kerror: [m[Kexpected â€˜[01m[K)[m[Kâ€™ before â€˜[01m[K;[m[Kâ€™ token
[14.114s]    81 |   OSQPData* data = reinterpret_cast<OSQPData*>(c_malloc(sizeof(OSQPData)))[01;31m[K;[m[K
[14.114s]       |                                                                           [01;31m[K^[m[K
[14.114s]       |                                                                           [32m[K)[m[K
[14.114s] [01m[K/home/wsh/wheeltec/wheeltec_ros2/src/navigation2-humble/nav2_smac_planner/math/discretized_points_smoothing/fem_pos_deviation_osqp_interface.cc:91:13:[m[K [01;31m[Kerror: [m[Kâ€˜[01m[Kstruct OSQPSettings[m[Kâ€™ has no member named â€˜[01m[Kwarm_start[m[Kâ€™; did you mean â€˜[01m[Kwarm_starting[m[Kâ€™?
[14.114s]    91 |   settings->[01;31m[Kwarm_start[m[K = warm_start_;
[14.114s]       |             [01;31m[K^~~~~~~~~~[m[K
[14.114s]       |             [32m[Kwarm_starting[m[K
[14.114s] [01m[K/home/wsh/wheeltec/wheeltec_ros2/src/navigation2-humble/nav2_smac_planner/math/discretized_points_smoothing/fem_pos_deviation_osqp_interface.cc:95:63:[m[K [01;31m[Kerror: [m[Krequest for member â€˜[01m[Ksize[m[Kâ€™ in â€˜[01m[Klower_bounds[m[Kâ€™, which is of non-class type â€˜[01m[Kint[m[Kâ€™
[14.114s]    95 |   bool res = OptimizeWithOsqp(num_of_variables_, lower_bounds.[01;31m[Ksize[m[K(), &P_data,
[14.114s]       |                                                               [01;31m[K^~~~[m[K
[14.114s] [01m[K/home/wsh/wheeltec/wheeltec_ros2/src/navigation2-humble/nav2_smac_planner/math/discretized_points_smoothing/fem_pos_deviation_osqp_interface.cc:99:46:[m[K [01;31m[Kerror: [m[Kinvalid use of incomplete type â€˜[01m[KOSQPWorkspace[m[Kâ€™ {aka â€˜[01m[Kstruct OSQPWorkspace_[m[Kâ€™}
[14.114s]    99 |   if (res == false || work == nullptr || work[01;31m[K->[m[Ksolution == nullptr) {
[14.114s]       |                                              [01;31m[K^~[m[K
[14.114s] In file included from [01m[K/usr/local/include/osqp/osqp.h:8[m[K,
[14.115s]                  from [01m[K/home/wsh/wheeltec/wheeltec_ros2/src/navigation2-humble/nav2_smac_planner/math/discretized_points_smoothing/fem_pos_deviation_osqp_interface.h:26[m[K,
[14.115s]                  from [01m[K/home/wsh/wheeltec/wheeltec_ros2/src/navigation2-humble/nav2_smac_planner/math/discretized_points_smoothing/fem_pos_deviation_osqp_interface.cc:21[m[K:
[14.115s] [01m[K/usr/local/include/osqp/osqp_api_types.h:135:16:[m[K [01;36m[Knote: [m[Kforward declaration of â€˜[01m[KOSQPWorkspace[m[Kâ€™ {aka â€˜[01m[Kstruct OSQPWorkspace_[m[Kâ€™}
[14.115s]   135 | typedef struct [01;36m[KOSQPWorkspace_[m[K OSQPWorkspace;
[14.115s]       |                [01;36m[K^~~~~~~~~~~~~~[m[K
[14.115s] [01m[K/home/wsh/wheeltec/wheeltec_ros2/src/navigation2-humble/nav2_smac_planner/math/discretized_points_smoothing/fem_pos_deviation_osqp_interface.cc:103:18:[m[K [01;31m[Kerror: [m[Kcannot convert â€˜[01m[KOSQPWorkspace*[m[Kâ€™ {aka â€˜[01m[KOSQPWorkspace_*[m[Kâ€™} to â€˜[01m[KOSQPSolver*[m[Kâ€™
[14.115s]   103 |     osqp_cleanup([01;31m[Kwork[m[K);
[14.115s]       |                  [01;31m[K^~~~[m[K
[14.115s]       |                  [01;31m[K|[m[K
[14.115s]       |                  [01;31m[KOSQPWorkspace* {aka OSQPWorkspace_*}[m[K
[14.115s] In file included from [01m[K/usr/local/include/osqp/osqp.h:9[m[K,
[14.115s]                  from [01m[K/home/wsh/wheeltec/wheeltec_ros2/src/navigation2-humble/nav2_smac_planner/math/discretized_points_smoothing/fem_pos_deviation_osqp_interface.h:26[m[K,
[14.115s]                  from [01m[K/home/wsh/wheeltec/wheeltec_ros2/src/navigation2-humble/nav2_smac_planner/math/discretized_points_smoothing/fem_pos_deviation_osqp_interface.cc:21[m[K:
[14.115s] [01m[K/usr/local/include/osqp/osqp_api_functions.h:133:43:[m[K [01;36m[Knote: [m[K  initializing argument 1 of â€˜[01m[KOSQPInt osqp_cleanup(OSQPSolver*)[m[Kâ€™
[14.116s]   133 | OSQP_API OSQPInt osqp_cleanup([01;36m[KOSQPSolver* solver[m[K);
[14.116s]       |                               [01;36m[K~~~~~~~~~~~~^~~~~~[m[K
[14.116s] In file included from [01m[K/usr/local/include/osqp/osqp.h:8[m[K,
[14.116s]                  from [01m[K/home/wsh/wheeltec/wheeltec_ros2/src/navigation2-humble/nav2_smac_planner/math/discretized_points_smoothing/fem_pos_deviation_osqp_interface.h:26[m[K,
[14.116s]                  from [01m[K/home/wsh/wheeltec/wheeltec_ros2/src/navigation2-humble/nav2_smac_planner/math/discretized_points_smoothing/fem_pos_deviation_osqp_interface.cc:21[m[K:
[14.116s] [01m[K/usr/local/include/osqp/osqp_api_types.h:135:16:[m[K [01;36m[Knote: [m[Kclass type â€˜[01m[KOSQPWorkspace[m[Kâ€™ {aka â€˜[01m[KOSQPWorkspace_[m[Kâ€™} is incomplete
[14.116s]   135 | typedef struct [01;36m[KOSQPWorkspace_[m[K OSQPWorkspace;
[14.116s]       |                [01;36m[K^~~~~~~~~~~~~~[m[K
[14.117s] [01m[K/home/wsh/wheeltec/wheeltec_ros2/src/navigation2-humble/nav2_smac_planner/math/discretized_points_smoothing/fem_pos_deviation_osqp_interface.cc:104:5:[m[K [01;31m[Kerror: [m[Kâ€˜[01m[Kc_free[m[Kâ€™ was not declared in this scope; did you mean â€˜[01m[Kfree[m[Kâ€™?
[14.117s]   104 |     [01;31m[Kc_free[m[K(data->A);
[14.117s]       |     [01;31m[K^~~~~~[m[K
[14.117s]       |     [32m[Kfree[m[K
[14.117s] [01m[K/home/wsh/wheeltec/wheeltec_ros2/src/navigation2-humble/nav2_smac_planner/math/discretized_points_smoothing/fem_pos_deviation_osqp_interface.cc:117:20:[m[K [01;31m[Kerror: [m[Kinvalid use of incomplete type â€˜[01m[KOSQPWorkspace[m[Kâ€™ {aka â€˜[01m[Kstruct OSQPWorkspace_[m[Kâ€™}
[14.117s]   117 |     x_.at(i) = work[01;31m[K->[m[Ksolution->x[index];
[14.117s]       |                    [01;31m[K^~[m[K
[14.117s] In file included from [01m[K/usr/local/include/osqp/osqp.h:8[m[K,
[14.118s]                  from [01m[K/home/wsh/wheeltec/wheeltec_ros2/src/navigation2-humble/nav2_smac_planner/math/discretized_points_smoothing/fem_pos_deviation_osqp_interface.h:26[m[K,
[14.118s]                  from [01m[K/home/wsh/wheeltec/wheeltec_ros2/src/navigation2-humble/nav2_smac_planner/math/discretized_points_smoothing/fem_pos_deviation_osqp_interface.cc:21[m[K:
[14.118s] [01m[K/usr/local/include/osqp/osqp_api_types.h:135:16:[m[K [01;36m[Knote: [m[Kforward declaration of â€˜[01m[KOSQPWorkspace[m[Kâ€™ {aka â€˜[01m[Kstruct OSQPWorkspace_[m[Kâ€™}
[14.118s]   135 | typedef struct [01;36m[KOSQPWorkspace_[m[K OSQPWorkspace;
[14.118s]       |                [01;36m[K^~~~~~~~~~~~~~[m[K
[14.118s] [01m[K/home/wsh/wheeltec/wheeltec_ros2/src/navigation2-humble/nav2_smac_planner/math/discretized_points_smoothing/fem_pos_deviation_osqp_interface.cc:118:20:[m[K [01;31m[Kerror: [m[Kinvalid use of incomplete type â€˜[01m[KOSQPWorkspace[m[Kâ€™ {aka â€˜[01m[Kstruct OSQPWorkspace_[m[Kâ€™}
[14.118s]   118 |     y_.at(i) = work[01;31m[K->[m[Ksolution->x[index + 1];
[14.118s]       |                    [01;31m[K^~[m[K
[14.118s] In file included from [01m[K/usr/local/include/osqp/osqp.h:8[m[K,
[14.118s]                  from [01m[K/home/wsh/wheeltec/wheeltec_ros2/src/navigation2-humble/nav2_smac_planner/math/discretized_points_smoothing/fem_pos_deviation_osqp_interface.h:26[m[K,
[14.118s]                  from [01m[K/home/wsh/wheeltec/wheeltec_ros2/src/navigation2-humble/nav2_smac_planner/math/discretized_points_smoothing/fem_pos_deviation_osqp_interface.cc:21[m[K:
[14.118s] [01m[K/usr/local/include/osqp/osqp_api_types.h:135:16:[m[K [01;36m[Knote: [m[Kforward declaration of â€˜[01m[KOSQPWorkspace[m[Kâ€™ {aka â€˜[01m[Kstruct OSQPWorkspace_[m[Kâ€™}
[14.118s]   135 | typedef struct [01;36m[KOSQPWorkspace_[m[K OSQPWorkspace;
[14.118s]       |                [01;36m[K^~~~~~~~~~~~~~[m[K
[14.119s] [01m[K/home/wsh/wheeltec/wheeltec_ros2/src/navigation2-humble/nav2_smac_planner/math/discretized_points_smoothing/fem_pos_deviation_osqp_interface.cc:122:16:[m[K [01;31m[Kerror: [m[Kcannot convert â€˜[01m[KOSQPWorkspace*[m[Kâ€™ {aka â€˜[01m[KOSQPWorkspace_*[m[Kâ€™} to â€˜[01m[KOSQPSolver*[m[Kâ€™
[14.119s]   122 |   osqp_cleanup([01;31m[Kwork[m[K);
[14.119s]       |                [01;31m[K^~~~[m[K
[14.119s]       |                [01;31m[K|[m[K
[14.119s]       |                [01;31m[KOSQPWorkspace* {aka OSQPWorkspace_*}[m[K
[14.119s] In file included from [01m[K/usr/local/include/osqp/osqp.h:9[m[K,
[14.119s]                  from [01m[K/home/wsh/wheeltec/wheeltec_ros2/src/navigation2-humble/nav2_smac_planner/math/discretized_points_smoothing/fem_pos_deviation_osqp_interface.h:26[m[K,
[14.119s]                  from [01m[K/home/wsh/wheeltec/wheeltec_ros2/src/navigation2-humble/nav2_smac_planner/math/discretized_points_smoothing/fem_pos_deviation_osqp_interface.cc:21[m[K:
[14.119s] [01m[K/usr/local/include/osqp/osqp_api_functions.h:133:43:[m[K [01;36m[Knote: [m[K  initializing argument 1 of â€˜[01m[KOSQPInt osqp_cleanup(OSQPSolver*)[m[Kâ€™
[14.119s]   133 | OSQP_API OSQPInt osqp_cleanup([01;36m[KOSQPSolver* solver[m[K);
[14.119s]       |                               [01;36m[K~~~~~~~~~~~~^~~~~~[m[K
[14.119s] In file included from [01m[K/usr/local/include/osqp/osqp.h:8[m[K,
[14.119s]                  from [01m[K/home/wsh/wheeltec/wheeltec_ros2/src/navigation2-humble/nav2_smac_planner/math/discretized_points_smoothing/fem_pos_deviation_osqp_interface.h:26[m[K,
[14.119s]                  from [01m[K/home/wsh/wheeltec/wheeltec_ros2/src/navigation2-humble/nav2_smac_planner/math/discretized_points_smoothing/fem_pos_deviation_osqp_interface.cc:21[m[K:
[14.120s] [01m[K/usr/local/include/osqp/osqp_api_types.h:135:16:[m[K [01;36m[Knote: [m[Kclass type â€˜[01m[KOSQPWorkspace[m[Kâ€™ {aka â€˜[01m[KOSQPWorkspace_[m[Kâ€™} is incomplete
[14.120s]   135 | typedef struct [01;36m[KOSQPWorkspace_[m[K OSQPWorkspace;
[14.120s]       |                [01;36m[K^~~~~~~~~~~~~~[m[K
[14.120s] [01m[K/home/wsh/wheeltec/wheeltec_ros2/src/navigation2-humble/nav2_smac_planner/math/discretized_points_smoothing/fem_pos_deviation_osqp_interface.cc:123:3:[m[K [01;31m[Kerror: [m[Kâ€˜[01m[Kc_free[m[Kâ€™ was not declared in this scope; did you mean â€˜[01m[Kfree[m[Kâ€™?
[14.121s]   123 |   [01;31m[Kc_free[m[K(data->A);
[14.121s]       |   [01;31m[K^~~~~~[m[K
[14.121s]       |   [32m[Kfree[m[K
[14.125s] [01m[K/home/wsh/wheeltec/wheeltec_ros2/src/navigation2-humble/nav2_smac_planner/math/discretized_points_smoothing/fem_pos_deviation_osqp_interface.cc:[m[K At global scope:
[14.125s] [01m[K/home/wsh/wheeltec/wheeltec_ros2/src/navigation2-humble/nav2_smac_planner/math/discretized_points_smoothing/fem_pos_deviation_osqp_interface.cc:132:17:[m[K [01;31m[Kerror: [m[Kâ€˜[01m[Kc_float[m[Kâ€™ was not declared in this scope; did you mean â€˜[01m[Kfloat[m[Kâ€™?
[14.125s]   132 |     std::vector<[01;31m[Kc_float[m[K>* P_data, std::vector<c_int>* P_indices,
[14.125s]       |                 [01;31m[K^~~~~~~[m[K
[14.125s]       |                 [32m[Kfloat[m[K
[14.125s] [01m[K/home/wsh/wheeltec/wheeltec_ros2/src/navigation2-humble/nav2_smac_planner/math/discretized_points_smoothing/fem_pos_deviation_osqp_interface.cc:132:24:[m[K [01;31m[Kerror: [m[Ktemplate argument 1 is invalid
[14.125s]   132 |     std::vector<c_float[01;31m[K>[m[K* P_data, std::vector<c_int>* P_indices,
[14.125s]       |                        [01;31m[K^[m[K
[14.125s] [01m[K/home/wsh/wheeltec/wheeltec_ros2/src/navigation2-humble/nav2_smac_planner/math/discretized_points_smoothing/fem_pos_deviation_osqp_interface.cc:132:24:[m[K [01;31m[Kerror: [m[Ktemplate argument 2 is invalid
[14.128s] [01m[K/home/wsh/wheeltec/wheeltec_ros2/src/navigation2-humble/nav2_smac_planner/math/discretized_points_smoothing/fem_pos_deviation_osqp_interface.cc:132:47:[m[K [01;31m[Kerror: [m[Kâ€˜[01m[Kc_int[m[Kâ€™ was not declared in this scope; did you mean â€˜[01m[Ku_int[m[Kâ€™?
[14.128s]   132 |     std::vector<c_float>* P_data, std::vector<[01;31m[Kc_int[m[K>* P_indices,
[14.128s]       |                                               [01;31m[K^~~~~[m[K
[14.128s]       |                                               [32m[Ku_int[m[K
[14.128s] [01m[K/home/wsh/wheeltec/wheeltec_ros2/src/navigation2-humble/nav2_smac_planner/math/discretized_points_smoothing/fem_pos_deviation_osqp_interface.cc:132:52:[m[K [01;31m[Kerror: [m[Ktemplate argument 1 is invalid
[14.128s]   132 |     std::vector<c_float>* P_data, std::vector<c_int[01;31m[K>[m[K* P_indices,
[14.128s]       |                                                    [01;31m[K^[m[K
[14.128s] [01m[K/home/wsh/wheeltec/wheeltec_ros2/src/navigation2-humble/nav2_smac_planner/math/discretized_points_smoothing/fem_pos_deviation_osqp_interface.cc:132:52:[m[K [01;31m[Kerror: [m[Ktemplate argument 2 is invalid
[14.131s] [01m[K/home/wsh/wheeltec/wheeltec_ros2/src/navigation2-humble/nav2_smac_planner/math/discretized_points_smoothing/fem_pos_deviation_osqp_interface.cc:133:17:[m[K [01;31m[Kerror: [m[Kâ€˜[01m[Kc_int[m[Kâ€™ was not declared in this scope; did you mean â€˜[01m[Ku_int[m[Kâ€™?
[14.131s]   133 |     std::vector<[01;31m[Kc_int[m[K>* P_indptr) {
[14.131s]       |                 [01;31m[K^~~~~[m[K
[14.131s]       |                 [32m[Ku_int[m[K
[14.131s] [01m[K/home/wsh/wheeltec/wheeltec_ros2/src/navigation2-humble/nav2_smac_planner/math/discretized_points_smoothing/fem_pos_deviation_osqp_interface.cc:133:22:[m[K [01;31m[Kerror: [m[Ktemplate argument 1 is invalid
[14.131s]   133 |     std::vector<c_int[01;31m[K>[m[K* P_indptr) {
[14.131s]       |                      [01;31m[K^[m[K
[14.131s] [01m[K/home/wsh/wheeltec/wheeltec_ros2/src/navigation2-humble/nav2_smac_planner/math/discretized_points_smoothing/fem_pos_deviation_osqp_interface.cc:133:22:[m[K [01;31m[Kerror: [m[Ktemplate argument 2 is invalid
[14.134s] [01m[K/home/wsh/wheeltec/wheeltec_ros2/src/navigation2-humble/nav2_smac_planner/math/discretized_points_smoothing/fem_pos_deviation_osqp_interface.cc:[m[K In member function â€˜[01m[Kvoid nav2_smac_planner::FemPosDeviationOsqpInterface::CalculateKernel(int*, int*, int*)[m[Kâ€™:
[14.134s] [01m[K/home/wsh/wheeltec/wheeltec_ros2/src/navigation2-humble/nav2_smac_planner/math/discretized_points_smoothing/fem_pos_deviation_osqp_interface.cc:153:37:[m[K [01;31m[Kerror: [m[Kâ€˜[01m[Kc_int[m[Kâ€™ was not declared in this scope; did you mean â€˜[01m[Ku_int[m[Kâ€™?
[14.134s]   153 |   std::vector<std::vector<std::pair<[01;31m[Kc_int[m[K, c_float>>> columns;
[14.134s]       |                                     [01;31m[K^~~~~[m[K
[14.134s]       |                                     [32m[Ku_int[m[K
[14.138s] [01m[K/home/wsh/wheeltec/wheeltec_ros2/src/navigation2-humble/nav2_smac_planner/math/discretized_points_smoothing/fem_pos_deviation_osqp_interface.cc:153:44:[m[K [01;31m[Kerror: [m[Kâ€˜[01m[Kc_float[m[Kâ€™ was not declared in this scope; did you mean â€˜[01m[Kfloat[m[Kâ€™?
[14.138s]   153 |   std::vector<std::vector<std::pair<c_int, [01;31m[Kc_float[m[K>>> columns;
[14.138s]       |                                            [01;31m[K^~~~~~~[m[K
[14.138s]       |                                            [32m[Kfloat[m[K
[14.138s] [01m[K/home/wsh/wheeltec/wheeltec_ros2/src/navigation2-humble/nav2_smac_planner/math/discretized_points_smoothing/fem_pos_deviation_osqp_interface.cc:153:44:[m[K [01;31m[Kerror: [m[Ktemplate argument 1 is invalid
[14.138s] [01m[K/home/wsh/wheeltec/wheeltec_ros2/src/navigation2-humble/nav2_smac_planner/math/discretized_points_smoothing/fem_pos_deviation_osqp_interface.cc:153:44:[m[K [01;31m[Kerror: [m[Ktemplate argument 2 is invalid
[14.138s] [01m[K/home/wsh/wheeltec/wheeltec_ros2/src/navigation2-humble/nav2_smac_planner/math/discretized_points_smoothing/fem_pos_deviation_osqp_interface.cc:153:51:[m[K [01;31m[Kerror: [m[Ktemplate argument 1 is invalid
[14.138s]   153 |   std::vector<std::vector<std::pair<c_int, c_float[01;31m[K>>[m[K> columns;
[14.138s]       |                                                   [01;31m[K^~[m[K
[14.138s] [01m[K/home/wsh/wheeltec/wheeltec_ros2/src/navigation2-humble/nav2_smac_planner/math/discretized_points_smoothing/fem_pos_deviation_osqp_interface.cc:153:51:[m[K [01;31m[Kerror: [m[Ktemplate argument 2 is invalid
[14.138s] [01m[K/home/wsh/wheeltec/wheeltec_ros2/src/navigation2-humble/nav2_smac_planner/math/discretized_points_smoothing/fem_pos_deviation_osqp_interface.cc:153:53:[m[K [01;31m[Kerror: [m[Ktemplate argument 1 is invalid
[14.138s]   153 |   std::vector<std::vector<std::pair<c_int, c_float>>[01;31m[K>[m[K columns;
[14.139s]       |                                                     [01;31m[K^[m[K
[14.139s] [01m[K/home/wsh/wheeltec/wheeltec_ros2/src/navigation2-humble/nav2_smac_planner/math/discretized_points_smoothing/fem_pos_deviation_osqp_interface.cc:153:53:[m[K [01;31m[Kerror: [m[Ktemplate argument 2 is invalid
[14.139s] [01m[K/home/wsh/wheeltec/wheeltec_ros2/src/navigation2-humble/nav2_smac_planner/math/discretized_points_smoothing/fem_pos_deviation_osqp_interface.cc:154:11:[m[K [01;31m[Kerror: [m[Krequest for member â€˜[01m[Kresize[m[Kâ€™ in â€˜[01m[Kcolumns[m[Kâ€™, which is of non-class type â€˜[01m[Kint[m[Kâ€™
[14.139s]   154 |   columns.[01;31m[Kresize[m[K(num_of_variables_);
[14.139s]       |           [01;31m[K^~~~~~[m[K
[14.139s] [01m[K/home/wsh/wheeltec/wheeltec_ros2/src/navigation2-humble/nav2_smac_planner/math/discretized_points_smoothing/fem_pos_deviation_osqp_interface.cc:158:12:[m[K [01;31m[Kerror: [m[Kinvalid types â€˜[01m[Kint[int][m[Kâ€™ for array subscript
[14.139s]   158 |     columns[01;31m[K[[m[Kcol].emplace_back(col, weight_fem_pos_deviation_ +
[14.139s]       |            [01;31m[K^[m[K
[14.139s] [01m[K/home/wsh/wheeltec/wheeltec_ros2/src/navigation2-humble/nav2_smac_planner/math/discretized_points_smoothing/fem_pos_deviation_osqp_interface.cc:165:12:[m[K [01;31m[Kerror: [m[Kinvalid types â€˜[01m[Kint[int][m[Kâ€™ for array subscript
[14.139s]   165 |     columns[01;31m[K[[m[Kcol].emplace_back(
[14.139s]       |            [01;31m[K^[m[K
[14.139s] [01m[K/home/wsh/wheeltec/wheeltec_ros2/src/navigation2-humble/nav2_smac_planner/math/discretized_points_smoothing/fem_pos_deviation_osqp_interface.cc:167:12:[m[K [01;31m[Kerror: [m[Kinvalid types â€˜[01m[Kint[int][m[Kâ€™ for array subscript
[14.139s]   167 |     columns[01;31m[K[[m[Kcol].emplace_back(col, 5.0 * weight_fem_pos_deviation_ +
[14.139s]       |            [01;31m[K^[m[K
[14.140s] [01m[K/home/wsh/wheeltec/wheeltec_ros2/src/navigation2-humble/nav2_smac_planner/math/discretized_points_smoothing/fem_pos_deviation_osqp_interface.cc:179:14:[m[K [01;31m[Kerror: [m[Kinvalid types â€˜[01m[Kint[int][m[Kâ€™ for array subscript
[14.140s]   179 |       columns[01;31m[K[[m[Kcol_index].emplace_back(col_index - 4, weight_fem_pos_deviation_);
[14.140s]       |              [01;31m[K^[m[K
[14.140s] [01m[K/home/wsh/wheeltec/wheeltec_ros2/src/navigation2-humble/nav2_smac_planner/math/discretized_points_smoothing/fem_pos_deviation_osqp_interface.cc:180:14:[m[K [01;31m[Kerror: [m[Kinvalid types â€˜[01m[Kint[int][m[Kâ€™ for array subscript
[14.140s]   180 |       columns[01;31m[K[[m[Kcol_index].emplace_back(
[14.140s]       |              [01;31m[K^[m[K
[14.140s] [01m[K/home/wsh/wheeltec/wheeltec_ros2/src/navigation2-humble/nav2_smac_planner/math/discretized_points_smoothing/fem_pos_deviation_osqp_interface.cc:183:14:[m[K [01;31m[Kerror: [m[Kinvalid types â€˜[01m[Kint[int][m[Kâ€™ for array subscript
[14.140s]   183 |       columns[01;31m[K[[m[Kcol_index].emplace_back(
[14.140s]       |              [01;31m[K^[m[K
[14.140s] [01m[K/home/wsh/wheeltec/wheeltec_ros2/src/navigation2-humble/nav2_smac_planner/math/discretized_points_smoothing/fem_pos_deviation_osqp_interface.cc:194:12:[m[K [01;31m[Kerror: [m[Kinvalid types â€˜[01m[Kint[int][m[Kâ€™ for array subscript
[14.140s]   194 |     columns[01;31m[K[[m[Kcol].emplace_back(col - 4, weight_fem_pos_deviation_);
[14.140s]       |            [01;31m[K^[m[K
[14.140s] [01m[K/home/wsh/wheeltec/wheeltec_ros2/src/navigation2-humble/nav2_smac_planner/math/discretized_points_smoothing/fem_pos_deviation_osqp_interface.cc:195:12:[m[K [01;31m[Kerror: [m[Kinvalid types â€˜[01m[Kint[int][m[Kâ€™ for array subscript
[14.141s]   195 |     columns[01;31m[K[[m[Kcol].emplace_back(
[14.141s]       |            [01;31m[K^[m[K
[14.141s] [01m[K/home/wsh/wheeltec/wheeltec_ros2/src/navigation2-humble/nav2_smac_planner/math/discretized_points_smoothing/fem_pos_deviation_osqp_interface.cc:197:12:[m[K [01;31m[Kerror: [m[Kinvalid types â€˜[01m[Kint[int][m[Kâ€™ for array subscript
[14.141s]   197 |     columns[01;31m[K[[m[Kcol].emplace_back(col, 5.0 * weight_fem_pos_deviation_ +
[14.141s]       |            [01;31m[K^[m[K
[14.141s] [01m[K/home/wsh/wheeltec/wheeltec_ros2/src/navigation2-humble/nav2_smac_planner/math/discretized_points_smoothing/fem_pos_deviation_osqp_interface.cc:204:12:[m[K [01;31m[Kerror: [m[Kinvalid types â€˜[01m[Kint[int][m[Kâ€™ for array subscript
[14.141s]   204 |     columns[01;31m[K[[m[Kcol].emplace_back(col - 4, weight_fem_pos_deviation_);
[14.141s]       |            [01;31m[K^[m[K
[14.141s] [01m[K/home/wsh/wheeltec/wheeltec_ros2/src/navigation2-humble/nav2_smac_planner/math/discretized_points_smoothing/fem_pos_deviation_osqp_interface.cc:205:12:[m[K [01;31m[Kerror: [m[Kinvalid types â€˜[01m[Kint[int][m[Kâ€™ for array subscript
[14.141s]   205 |     columns[01;31m[K[[m[Kcol].emplace_back(
[14.141s]       |            [01;31m[K^[m[K
[14.142s] [01m[K/home/wsh/wheeltec/wheeltec_ros2/src/navigation2-humble/nav2_smac_planner/math/discretized_points_smoothing/fem_pos_deviation_osqp_interface.cc:207:12:[m[K [01;31m[Kerror: [m[Kinvalid types â€˜[01m[Kint[int][m[Kâ€™ for array subscript
[14.142s]   207 |     columns[01;31m[K[[m[Kcol].emplace_back(col, weight_fem_pos_deviation_ +
[14.142s]       |            [01;31m[K^[m[K
[14.142s] [01m[K/home/wsh/wheeltec/wheeltec_ros2/src/navigation2-humble/nav2_smac_planner/math/discretized_points_smoothing/fem_pos_deviation_osqp_interface.cc:217:15:[m[K [01;31m[Kerror: [m[Krequest for member â€˜[01m[Kpush_back[m[Kâ€™ in â€˜[01m[K* P_indptr[m[Kâ€™, which is of non-class type â€˜[01m[Kint[m[Kâ€™
[14.142s]   217 |     P_indptr->[01;31m[Kpush_back[m[K(ind_p);
[14.142s]       |               [01;31m[K^~~~~~~~~[m[K
[14.142s] [01m[K/home/wsh/wheeltec/wheeltec_ros2/src/navigation2-humble/nav2_smac_planner/math/discretized_points_smoothing/fem_pos_deviation_osqp_interface.cc:218:45:[m[K [01;31m[Kerror: [m[Kinvalid types â€˜[01m[Kint[int][m[Kâ€™ for array subscript
[14.142s]   218 |     for (const auto& row_data_pair : columns[01;31m[K[[m[Ki]) {
[14.142s]       |                                             [01;31m[K^[m[K
[14.142s] [01m[K/home/wsh/wheeltec/wheeltec_ros2/src/navigation2-humble/nav2_smac_planner/math/discretized_points_smoothing/fem_pos_deviation_osqp_interface.cc:221:15:[m[K [01;31m[Kerror: [m[Krequest for member â€˜[01m[Kpush_back[m[Kâ€™ in â€˜[01m[K* P_data[m[Kâ€™, which is of non-class type â€˜[01m[Kint[m[Kâ€™
[14.142s]   221 |       P_data->[01;31m[Kpush_back[m[K(row_data_pair.second * 2.0);
[14.142s]       |               [01;31m[K^~~~~~~~~[m[K
[14.142s] [01m[K/home/wsh/wheeltec/wheeltec_ros2/src/navigation2-humble/nav2_smac_planner/math/discretized_points_smoothing/fem_pos_deviation_osqp_interface.cc:222:18:[m[K [01;31m[Kerror: [m[Krequest for member â€˜[01m[Kpush_back[m[Kâ€™ in â€˜[01m[K* P_indices[m[Kâ€™, which is of non-class type â€˜[01m[Kint[m[Kâ€™
[14.143s]   222 |       P_indices->[01;31m[Kpush_back[m[K(row_data_pair.first);
[14.143s]       |                  [01;31m[K^~~~~~~~~[m[K
[14.143s] [01m[K/home/wsh/wheeltec/wheeltec_ros2/src/navigation2-humble/nav2_smac_planner/math/discretized_points_smoothing/fem_pos_deviation_osqp_interface.cc:226:13:[m[K [01;31m[Kerror: [m[Krequest for member â€˜[01m[Kpush_back[m[Kâ€™ in â€˜[01m[K* P_indptr[m[Kâ€™, which is of non-class type â€˜[01m[Kint[m[Kâ€™
[14.143s]   226 |   P_indptr->[01;31m[Kpush_back[m[K(ind_p);
[14.143s]       |             [01;31m[K^~~~~~~~~[m[K
[14.143s] [01m[K/home/wsh/wheeltec/wheeltec_ros2/src/navigation2-humble/nav2_smac_planner/math/discretized_points_smoothing/fem_pos_deviation_osqp_interface.cc:[m[K At global scope:
[14.143s] [01m[K/home/wsh/wheeltec/wheeltec_ros2/src/navigation2-humble/nav2_smac_planner/math/discretized_points_smoothing/fem_pos_deviation_osqp_interface.cc:229:64:[m[K [01;31m[Kerror: [m[Kâ€˜[01m[Kc_float[m[Kâ€™ was not declared in this scope; did you mean â€˜[01m[Kfloat[m[Kâ€™?
[14.143s]   229 | void FemPosDeviationOsqpInterface::CalculateOffset(std::vector<[01;31m[Kc_float[m[K>* q) {
[14.143s]       |                                                                [01;31m[K^~~~~~~[m[K
[14.143s]       |                                                                [32m[Kfloat[m[K
[14.143s] [01m[K/home/wsh/wheeltec/wheeltec_ros2/src/navigation2-humble/nav2_smac_planner/math/discretized_points_smoothing/fem_pos_deviation_osqp_interface.cc:229:71:[m[K [01;31m[Kerror: [m[Ktemplate argument 1 is invalid
[14.143s]   229 | void FemPosDeviationOsqpInterface::CalculateOffset(std::vector<c_float[01;31m[K>[m[K* q) {
[14.143s]       |                                                                       [01;31m[K^[m[K
[14.144s] [01m[K/home/wsh/wheeltec/wheeltec_ros2/src/navigation2-humble/nav2_smac_planner/math/discretized_points_smoothing/fem_pos_deviation_osqp_interface.cc:229:71:[m[K [01;31m[Kerror: [m[Ktemplate argument 2 is invalid
[14.144s] [01m[K/home/wsh/wheeltec/wheeltec_ros2/src/navigation2-humble/nav2_smac_planner/math/discretized_points_smoothing/fem_pos_deviation_osqp_interface.cc:[m[K In member function â€˜[01m[Kvoid nav2_smac_planner::FemPosDeviationOsqpInterface::CalculateOffset(int*)[m[Kâ€™:
[14.144s] [01m[K/home/wsh/wheeltec/wheeltec_ros2/src/navigation2-humble/nav2_smac_planner/math/discretized_points_smoothing/fem_pos_deviation_osqp_interface.cc:232:8:[m[K [01;31m[Kerror: [m[Krequest for member â€˜[01m[Kpush_back[m[Kâ€™ in â€˜[01m[K* q[m[Kâ€™, which is of non-class type â€˜[01m[Kint[m[Kâ€™
[14.144s]   232 |     q->[01;31m[Kpush_back[m[K(-2.0 * weight_ref_deviation_ * ref_point_xy.first);
[14.144s]       |        [01;31m[K^~~~~~~~~[m[K
[14.144s] [01m[K/home/wsh/wheeltec/wheeltec_ros2/src/navigation2-humble/nav2_smac_planner/math/discretized_points_smoothing/fem_pos_deviation_osqp_interface.cc:233:8:[m[K [01;31m[Kerror: [m[Krequest for member â€˜[01m[Kpush_back[m[Kâ€™ in â€˜[01m[K* q[m[Kâ€™, which is of non-class type â€˜[01m[Kint[m[Kâ€™
[14.144s]   233 |     q->[01;31m[Kpush_back[m[K(-2.0 * weight_ref_deviation_ * ref_point_xy.second);
[14.144s]       |        [01;31m[K^~~~~~~~~[m[K
[14.146s] [01m[K/home/wsh/wheeltec/wheeltec_ros2/src/navigation2-humble/nav2_smac_planner/math/discretized_points_smoothing/fem_pos_deviation_osqp_interface.cc:[m[K At global scope:
[14.147s] [01m[K/home/wsh/wheeltec/wheeltec_ros2/src/navigation2-humble/nav2_smac_planner/math/discretized_points_smoothing/fem_pos_deviation_osqp_interface.cc:238:17:[m[K [01;31m[Kerror: [m[Kâ€˜[01m[Kc_float[m[Kâ€™ was not declared in this scope; did you mean â€˜[01m[Kfloat[m[Kâ€™?
[14.147s]   238 |     std::vector<[01;31m[Kc_float[m[K>* A_data, std::vector<c_int>* A_indices,
[14.147s]       |                 [01;31m[K^~~~~~~[m[K
[14.147s]       |                 [32m[Kfloat[m[K
[14.147s] [01m[K/home/wsh/wheeltec/wheeltec_ros2/src/navigation2-humble/nav2_smac_planner/math/discretized_points_smoothing/fem_pos_deviation_osqp_interface.cc:238:24:[m[K [01;31m[Kerror: [m[Ktemplate argument 1 is invalid
[14.147s]   238 |     std::vector<c_float[01;31m[K>[m[K* A_data, std::vector<c_int>* A_indices,
[14.147s]       |                        [01;31m[K^[m[K
[14.147s] [01m[K/home/wsh/wheeltec/wheeltec_ros2/src/navigation2-humble/nav2_smac_planner/math/discretized_points_smoothing/fem_pos_deviation_osqp_interface.cc:238:24:[m[K [01;31m[Kerror: [m[Ktemplate argument 2 is invalid
[14.150s] [01m[K/home/wsh/wheeltec/wheeltec_ros2/src/navigation2-humble/nav2_smac_planner/math/discretized_points_smoothing/fem_pos_deviation_osqp_interface.cc:238:47:[m[K [01;31m[Kerror: [m[Kâ€˜[01m[Kc_int[m[Kâ€™ was not declared in this scope; did you mean â€˜[01m[Ku_int[m[Kâ€™?
[14.150s]   238 |     std::vector<c_float>* A_data, std::vector<[01;31m[Kc_int[m[K>* A_indices,
[14.150s]       |                                               [01;31m[K^~~~~[m[K
[14.150s]       |                                               [32m[Ku_int[m[K
[14.150s] [01m[K/home/wsh/wheeltec/wheeltec_ros2/src/navigation2-humble/nav2_smac_planner/math/discretized_points_smoothing/fem_pos_deviation_osqp_interface.cc:238:52:[m[K [01;31m[Kerror: [m[Ktemplate argument 1 is invalid
[14.150s]   238 |     std::vector<c_float>* A_data, std::vector<c_int[01;31m[K>[m[K* A_indices,
[14.150s]       |                                                    [01;31m[K^[m[K
[14.150s] [01m[K/home/wsh/wheeltec/wheeltec_ros2/src/navigation2-humble/nav2_smac_planner/math/discretized_points_smoothing/fem_pos_deviation_osqp_interface.cc:238:52:[m[K [01;31m[Kerror: [m[Ktemplate argument 2 is invalid
[14.153s] [01m[K/home/wsh/wheeltec/wheeltec_ros2/src/navigation2-humble/nav2_smac_planner/math/discretized_points_smoothing/fem_pos_deviation_osqp_interface.cc:239:17:[m[K [01;31m[Kerror: [m[Kâ€˜[01m[Kc_int[m[Kâ€™ was not declared in this scope; did you mean â€˜[01m[Ku_int[m[Kâ€™?
[14.153s]   239 |     std::vector<[01;31m[Kc_int[m[K>* A_indptr, std::vector<c_float>* lower_bounds,
[14.153s]       |                 [01;31m[K^~~~~[m[K
[14.153s]       |                 [32m[Ku_int[m[K
[14.153s] [01m[K/home/wsh/wheeltec/wheeltec_ros2/src/navigation2-humble/nav2_smac_planner/math/discretized_points_smoothing/fem_pos_deviation_osqp_interface.cc:239:22:[m[K [01;31m[Kerror: [m[Ktemplate argument 1 is invalid
[14.153s]   239 |     std::vector<c_int[01;31m[K>[m[K* A_indptr, std::vector<c_float>* lower_bounds,
[14.153s]       |                      [01;31m[K^[m[K
[14.153s] [01m[K/home/wsh/wheeltec/wheeltec_ros2/src/navigation2-humble/nav2_smac_planner/math/discretized_points_smoothing/fem_pos_deviation_osqp_interface.cc:239:22:[m[K [01;31m[Kerror: [m[Ktemplate argument 2 is invalid
[14.157s] [01m[K/home/wsh/wheeltec/wheeltec_ros2/src/navigation2-humble/nav2_smac_planner/math/discretized_points_smoothing/fem_pos_deviation_osqp_interface.cc:239:47:[m[K [01;31m[Kerror: [m[Kâ€˜[01m[Kc_float[m[Kâ€™ was not declared in this scope; did you mean â€˜[01m[Kfloat[m[Kâ€™?
[14.157s]   239 |     std::vector<c_int>* A_indptr, std::vector<[01;31m[Kc_float[m[K>* lower_bounds,
[14.157s]       |                                               [01;31m[K^~~~~~~[m[K
[14.157s]       |                                               [32m[Kfloat[m[K
[14.157s] [01m[K/home/wsh/wheeltec/wheeltec_ros2/src/navigation2-humble/nav2_smac_planner/math/discretized_points_smoothing/fem_pos_deviation_osqp_interface.cc:239:54:[m[K [01;31m[Kerror: [m[Ktemplate argument 1 is invalid
[14.157s]   239 |     std::vector<c_int>* A_indptr, std::vector<c_float[01;31m[K>[m[K* lower_bounds,
[14.157s]       |                                                      [01;31m[K^[m[K
[14.157s] [01m[K/home/wsh/wheeltec/wheeltec_ros2/src/navigation2-humble/nav2_smac_planner/math/discretized_points_smoothing/fem_pos_deviation_osqp_interface.cc:239:54:[m[K [01;31m[Kerror: [m[Ktemplate argument 2 is invalid
[14.161s] [01m[K/home/wsh/wheeltec/wheeltec_ros2/src/navigation2-humble/nav2_smac_planner/math/discretized_points_smoothing/fem_pos_deviation_osqp_interface.cc:240:17:[m[K [01;31m[Kerror: [m[Kâ€˜[01m[Kc_float[m[Kâ€™ was not declared in this scope; did you mean â€˜[01m[Kfloat[m[Kâ€™?
[14.161s]   240 |     std::vector<[01;31m[Kc_float[m[K>* upper_bounds) {
[14.161s]       |                 [01;31m[K^~~~~~~[m[K
[14.161s]       |                 [32m[Kfloat[m[K
[14.161s] [01m[K/home/wsh/wheeltec/wheeltec_ros2/src/navigation2-humble/nav2_smac_planner/math/discretized_points_smoothing/fem_pos_deviation_osqp_interface.cc:240:24:[m[K [01;31m[Kerror: [m[Ktemplate argument 1 is invalid
[14.161s]   240 |     std::vector<c_float[01;31m[K>[m[K* upper_bounds) {
[14.161s]       |                        [01;31m[K^[m[K
[14.161s] [01m[K/home/wsh/wheeltec/wheeltec_ros2/src/navigation2-humble/nav2_smac_planner/math/discretized_points_smoothing/fem_pos_deviation_osqp_interface.cc:240:24:[m[K [01;31m[Kerror: [m[Ktemplate argument 2 is invalid
[14.161s] [01m[K/home/wsh/wheeltec/wheeltec_ros2/src/navigation2-humble/nav2_smac_planner/math/discretized_points_smoothing/fem_pos_deviation_osqp_interface.cc:[m[K In member function â€˜[01m[Kvoid nav2_smac_planner::FemPosDeviationOsqpInterface::CalculateAffineConstraint(int*, int*, int*, int*, int*)[m[Kâ€™:
[14.162s] [01m[K/home/wsh/wheeltec/wheeltec_ros2/src/navigation2-humble/nav2_smac_planner/math/discretized_points_smoothing/fem_pos_deviation_osqp_interface.cc:243:13:[m[K [01;31m[Kerror: [m[Krequest for member â€˜[01m[Kpush_back[m[Kâ€™ in â€˜[01m[K* A_data[m[Kâ€™, which is of non-class type â€˜[01m[Kint[m[Kâ€™
[14.162s]   243 |     A_data->[01;31m[Kpush_back[m[K(1.0);
[14.162s]       |             [01;31m[K^~~~~~~~~[m[K
[14.162s] [01m[K/home/wsh/wheeltec/wheeltec_ros2/src/navigation2-humble/nav2_smac_planner/math/discretized_points_smoothing/fem_pos_deviation_osqp_interface.cc:244:16:[m[K [01;31m[Kerror: [m[Krequest for member â€˜[01m[Kpush_back[m[Kâ€™ in â€˜[01m[K* A_indices[m[Kâ€™, which is of non-class type â€˜[01m[Kint[m[Kâ€™
[14.162s]   244 |     A_indices->[01;31m[Kpush_back[m[K(i);
[14.162s]       |                [01;31m[K^~~~~~~~~[m[K
[14.162s] [01m[K/home/wsh/wheeltec/wheeltec_ros2/src/navigation2-humble/nav2_smac_planner/math/discretized_points_smoothing/fem_pos_deviation_osqp_interface.cc:245:15:[m[K [01;31m[Kerror: [m[Krequest for member â€˜[01m[Kpush_back[m[Kâ€™ in â€˜[01m[K* A_indptr[m[Kâ€™, which is of non-class type â€˜[01m[Kint[m[Kâ€™
[14.162s]   245 |     A_indptr->[01;31m[Kpush_back[m[K(ind_A);
[14.162s]       |               [01;31m[K^~~~~~~~~[m[K
[14.162s] [01m[K/home/wsh/wheeltec/wheeltec_ros2/src/navigation2-humble/nav2_smac_planner/math/discretized_points_smoothing/fem_pos_deviation_osqp_interface.cc:248:13:[m[K [01;31m[Kerror: [m[Krequest for member â€˜[01m[Kpush_back[m[Kâ€™ in â€˜[01m[K* A_indptr[m[Kâ€™, which is of non-class type â€˜[01m[Kint[m[Kâ€™
[14.162s]   248 |   A_indptr->[01;31m[Kpush_back[m[K(ind_A);
[14.162s]       |             [01;31m[K^~~~~~~~~[m[K
[14.162s] [01m[K/home/wsh/wheeltec/wheeltec_ros2/src/navigation2-humble/nav2_smac_planner/math/discretized_points_smoothing/fem_pos_deviation_osqp_interface.cc:252:19:[m[K [01;31m[Kerror: [m[Krequest for member â€˜[01m[Kpush_back[m[Kâ€™ in â€˜[01m[K* upper_bounds[m[Kâ€™, which is of non-class type â€˜[01m[Kint[m[Kâ€™
[14.163s]   252 |     upper_bounds->[01;31m[Kpush_back[m[K(ref_point_xy.first + bounds_around_refs_[i]);
[14.163s]       |                   [01;31m[K^~~~~~~~~[m[K
[14.163s] [01m[K/home/wsh/wheeltec/wheeltec_ros2/src/navigation2-humble/nav2_smac_planner/math/discretized_points_smoothing/fem_pos_deviation_osqp_interface.cc:253:19:[m[K [01;31m[Kerror: [m[Krequest for member â€˜[01m[Kpush_back[m[Kâ€™ in â€˜[01m[K* upper_bounds[m[Kâ€™, which is of non-class type â€˜[01m[Kint[m[Kâ€™
[14.163s]   253 |     upper_bounds->[01;31m[Kpush_back[m[K(ref_point_xy.second + bounds_around_refs_[i]);
[14.163s]       |                   [01;31m[K^~~~~~~~~[m[K
[14.163s] [01m[K/home/wsh/wheeltec/wheeltec_ros2/src/navigation2-humble/nav2_smac_planner/math/discretized_points_smoothing/fem_pos_deviation_osqp_interface.cc:254:19:[m[K [01;31m[Kerror: [m[Krequest for member â€˜[01m[Kpush_back[m[Kâ€™ in â€˜[01m[K* lower_bounds[m[Kâ€™, which is of non-class type â€˜[01m[Kint[m[Kâ€™
[14.163s]   254 |     lower_bounds->[01;31m[Kpush_back[m[K(ref_point_xy.first - bounds_around_refs_[i]);
[14.163s]       |                   [01;31m[K^~~~~~~~~[m[K
[14.163s] [01m[K/home/wsh/wheeltec/wheeltec_ros2/src/navigation2-humble/nav2_smac_planner/math/discretized_points_smoothing/fem_pos_deviation_osqp_interface.cc:255:19:[m[K [01;31m[Kerror: [m[Krequest for member â€˜[01m[Kpush_back[m[Kâ€™ in â€˜[01m[K* lower_bounds[m[Kâ€™, which is of non-class type â€˜[01m[Kint[m[Kâ€™
[14.163s]   255 |     lower_bounds->[01;31m[Kpush_back[m[K(ref_point_xy.second - bounds_around_refs_[i]);
[14.163s]       |                   [01;31m[K^~~~~~~~~[m[K
[14.165s] [01m[K/home/wsh/wheeltec/wheeltec_ros2/src/navigation2-humble/nav2_smac_planner/math/discretized_points_smoothing/fem_pos_deviation_osqp_interface.cc:[m[K At global scope:
[14.165s] [01m[K/home/wsh/wheeltec/wheeltec_ros2/src/navigation2-humble/nav2_smac_planner/math/discretized_points_smoothing/fem_pos_deviation_osqp_interface.cc:260:17:[m[K [01;31m[Kerror: [m[Kâ€˜[01m[Kc_float[m[Kâ€™ was not declared in this scope; did you mean â€˜[01m[Kfloat[m[Kâ€™?
[14.165s]   260 |     std::vector<[01;31m[Kc_float[m[K>* primal_warm_start) {
[14.165s]       |                 [01;31m[K^~~~~~~[m[K
[14.165s]       |                 [32m[Kfloat[m[K
[14.166s] [01m[K/home/wsh/wheeltec/wheeltec_ros2/src/navigation2-humble/nav2_smac_planner/math/discretized_points_smoothing/fem_pos_deviation_osqp_interface.cc:260:24:[m[K [01;31m[Kerror: [m[Ktemplate argument 1 is invalid
[14.166s]   260 |     std::vector<c_float[01;31m[K>[m[K* primal_warm_start) {
[14.166s]       |                        [01;31m[K^[m[K
[14.166s] [01m[K/home/wsh/wheeltec/wheeltec_ros2/src/navigation2-humble/nav2_smac_planner/math/discretized_points_smoothing/fem_pos_deviation_osqp_interface.cc:260:24:[m[K [01;31m[Kerror: [m[Ktemplate argument 2 is invalid
[14.166s] [01m[K/home/wsh/wheeltec/wheeltec_ros2/src/navigation2-humble/nav2_smac_planner/math/discretized_points_smoothing/fem_pos_deviation_osqp_interface.cc:[m[K In member function â€˜[01m[Kvoid nav2_smac_planner::FemPosDeviationOsqpInterface::SetPrimalWarmStart(int*)[m[Kâ€™:
[14.166s] [01m[K/home/wsh/wheeltec/wheeltec_ros2/src/navigation2-humble/nav2_smac_planner/math/discretized_points_smoothing/fem_pos_deviation_osqp_interface.cc:263:24:[m[K [01;31m[Kerror: [m[Krequest for member â€˜[01m[Kpush_back[m[Kâ€™ in â€˜[01m[K* primal_warm_start[m[Kâ€™, which is of non-class type â€˜[01m[Kint[m[Kâ€™
[14.166s]   263 |     primal_warm_start->[01;31m[Kpush_back[m[K(ref_point_xy.first);
[14.166s]       |                        [01;31m[K^~~~~~~~~[m[K
[14.166s] [01m[K/home/wsh/wheeltec/wheeltec_ros2/src/navigation2-humble/nav2_smac_planner/math/discretized_points_smoothing/fem_pos_deviation_osqp_interface.cc:264:24:[m[K [01;31m[Kerror: [m[Krequest for member â€˜[01m[Kpush_back[m[Kâ€™ in â€˜[01m[K* primal_warm_start[m[Kâ€™, which is of non-class type â€˜[01m[Kint[m[Kâ€™
[14.166s]   264 |     primal_warm_start->[01;31m[Kpush_back[m[K(ref_point_xy.second);
[14.166s]       |                        [01;31m[K^~~~~~~~~[m[K
[14.170s] [01m[K/home/wsh/wheeltec/wheeltec_ros2/src/navigation2-humble/nav2_smac_planner/math/discretized_points_smoothing/fem_pos_deviation_osqp_interface.cc:[m[K At global scope:
[14.170s] [01m[K/home/wsh/wheeltec/wheeltec_ros2/src/navigation2-humble/nav2_smac_planner/math/discretized_points_smoothing/fem_pos_deviation_osqp_interface.cc:270:17:[m[K [01;31m[Kerror: [m[Kâ€˜[01m[Kc_float[m[Kâ€™ was not declared in this scope; did you mean â€˜[01m[Kfloat[m[Kâ€™?
[14.170s]   270 |     std::vector<[01;31m[Kc_float[m[K>* P_data, std::vector<c_int>* P_indices,
[14.170s]       |                 [01;31m[K^~~~~~~[m[K
[14.170s]       |                 [32m[Kfloat[m[K
[14.171s] [01m[K/home/wsh/wheeltec/wheeltec_ros2/src/navigation2-humble/nav2_smac_planner/math/discretized_points_smoothing/fem_pos_deviation_osqp_interface.cc:270:24:[m[K [01;31m[Kerror: [m[Ktemplate argument 1 is invalid
[14.171s]   270 |     std::vector<c_float[01;31m[K>[m[K* P_data, std::vector<c_int>* P_indices,
[14.171s]       |                        [01;31m[K^[m[K
[14.171s] [01m[K/home/wsh/wheeltec/wheeltec_ros2/src/navigation2-humble/nav2_smac_planner/math/discretized_points_smoothing/fem_pos_deviation_osqp_interface.cc:270:24:[m[K [01;31m[Kerror: [m[Ktemplate argument 2 is invalid
[14.174s] [01m[K/home/wsh/wheeltec/wheeltec_ros2/src/navigation2-humble/nav2_smac_planner/math/discretized_points_smoothing/fem_pos_deviation_osqp_interface.cc:270:47:[m[K [01;31m[Kerror: [m[Kâ€˜[01m[Kc_int[m[Kâ€™ was not declared in this scope; did you mean â€˜[01m[Ku_int[m[Kâ€™?
[14.174s]   270 |     std::vector<c_float>* P_data, std::vector<[01;31m[Kc_int[m[K>* P_indices,
[14.174s]       |                                               [01;31m[K^~~~~[m[K
[14.174s]       |                                               [32m[Ku_int[m[K
[14.174s] [01m[K/home/wsh/wheeltec/wheeltec_ros2/src/navigation2-humble/nav2_smac_planner/math/discretized_points_smoothing/fem_pos_deviation_osqp_interface.cc:270:52:[m[K [01;31m[Kerror: [m[Ktemplate argument 1 is invalid
[14.174s]   270 |     std::vector<c_float>* P_data, std::vector<c_int[01;31m[K>[m[K* P_indices,
[14.174s]       |                                                    [01;31m[K^[m[K
[14.174s] [01m[K/home/wsh/wheeltec/wheeltec_ros2/src/navigation2-humble/nav2_smac_planner/math/discretized_points_smoothing/fem_pos_deviation_osqp_interface.cc:270:52:[m[K [01;31m[Kerror: [m[Ktemplate argument 2 is invalid
[14.177s] [01m[K/home/wsh/wheeltec/wheeltec_ros2/src/navigation2-humble/nav2_smac_planner/math/discretized_points_smoothing/fem_pos_deviation_osqp_interface.cc:271:17:[m[K [01;31m[Kerror: [m[Kâ€˜[01m[Kc_int[m[Kâ€™ was not declared in this scope; did you mean â€˜[01m[Ku_int[m[Kâ€™?
[14.177s]   271 |     std::vector<[01;31m[Kc_int[m[K>* P_indptr, std::vector<c_float>* A_data,
[14.177s]       |                 [01;31m[K^~~~~[m[K
[14.177s]       |                 [32m[Ku_int[m[K
[14.177s] [01m[K/home/wsh/wheeltec/wheeltec_ros2/src/navigation2-humble/nav2_smac_planner/math/discretized_points_smoothing/fem_pos_deviation_osqp_interface.cc:271:22:[m[K [01;31m[Kerror: [m[Ktemplate argument 1 is invalid
[14.177s]   271 |     std::vector<c_int[01;31m[K>[m[K* P_indptr, std::vector<c_float>* A_data,
[14.177s]       |                      [01;31m[K^[m[K
[14.178s] [01m[K/home/wsh/wheeltec/wheeltec_ros2/src/navigation2-humble/nav2_smac_planner/math/discretized_points_smoothing/fem_pos_deviation_osqp_interface.cc:271:22:[m[K [01;31m[Kerror: [m[Ktemplate argument 2 is invalid
[14.181s] [01m[K/home/wsh/wheeltec/wheeltec_ros2/src/navigation2-humble/nav2_smac_planner/math/discretized_points_smoothing/fem_pos_deviation_osqp_interface.cc:271:47:[m[K [01;31m[Kerror: [m[Kâ€˜[01m[Kc_float[m[Kâ€™ was not declared in this scope; did you mean â€˜[01m[Kfloat[m[Kâ€™?
[14.181s]   271 |     std::vector<c_int>* P_indptr, std::vector<[01;31m[Kc_float[m[K>* A_data,
[14.181s]       |                                               [01;31m[K^~~~~~~[m[K
[14.181s]       |                                               [32m[Kfloat[m[K
[14.181s] [01m[K/home/wsh/wheeltec/wheeltec_ros2/src/navigation2-humble/nav2_smac_planner/math/discretized_points_smoothing/fem_pos_deviation_osqp_interface.cc:271:54:[m[K [01;31m[Kerror: [m[Ktemplate argument 1 is invalid
[14.181s]   271 |     std::vector<c_int>* P_indptr, std::vector<c_float[01;31m[K>[m[K* A_data,
[14.181s]       |                                                      [01;31m[K^[m[K
[14.181s] [01m[K/home/wsh/wheeltec/wheeltec_ros2/src/navigation2-humble/nav2_smac_planner/math/discretized_points_smoothing/fem_pos_deviation_osqp_interface.cc:271:54:[m[K [01;31m[Kerror: [m[Ktemplate argument 2 is invalid
[14.184s] [01m[K/home/wsh/wheeltec/wheeltec_ros2/src/navigation2-humble/nav2_smac_planner/math/discretized_points_smoothing/fem_pos_deviation_osqp_interface.cc:272:17:[m[K [01;31m[Kerror: [m[Kâ€˜[01m[Kc_int[m[Kâ€™ was not declared in this scope; did you mean â€˜[01m[Ku_int[m[Kâ€™?
[14.184s]   272 |     std::vector<[01;31m[Kc_int[m[K>* A_indices, std::vector<c_int>* A_indptr,
[14.184s]       |                 [01;31m[K^~~~~[m[K
[14.184s]       |                 [32m[Ku_int[m[K
[14.184s] [01m[K/home/wsh/wheeltec/wheeltec_ros2/src/navigation2-humble/nav2_smac_planner/math/discretized_points_smoothing/fem_pos_deviation_osqp_interface.cc:272:22:[m[K [01;31m[Kerror: [m[Ktemplate argument 1 is invalid
[14.184s]   272 |     std::vector<c_int[01;31m[K>[m[K* A_indices, std::vector<c_int>* A_indptr,
[14.184s]       |                      [01;31m[K^[m[K
[14.185s] [01m[K/home/wsh/wheeltec/wheeltec_ros2/src/navigation2-humble/nav2_smac_planner/math/discretized_points_smoothing/fem_pos_deviation_osqp_interface.cc:272:22:[m[K [01;31m[Kerror: [m[Ktemplate argument 2 is invalid
[14.187s] [01m[K/home/wsh/wheeltec/wheeltec_ros2/src/navigation2-humble/nav2_smac_planner/math/discretized_points_smoothing/fem_pos_deviation_osqp_interface.cc:272:48:[m[K [01;31m[Kerror: [m[Kâ€˜[01m[Kc_int[m[Kâ€™ was not declared in this scope; did you mean â€˜[01m[Ku_int[m[Kâ€™?
[14.187s]   272 |     std::vector<c_int>* A_indices, std::vector<[01;31m[Kc_int[m[K>* A_indptr,
[14.187s]       |                                                [01;31m[K^~~~~[m[K
[14.187s]       |                                                [32m[Ku_int[m[K
[14.187s] [01m[K/home/wsh/wheeltec/wheeltec_ros2/src/navigation2-humble/nav2_smac_planner/math/discretized_points_smoothing/fem_pos_deviation_osqp_interface.cc:272:53:[m[K [01;31m[Kerror: [m[Ktemplate argument 1 is invalid
[14.187s]   272 |     std::vector<c_int>* A_indices, std::vector<c_int[01;31m[K>[m[K* A_indptr,
[14.187s]       |                                                     [01;31m[K^[m[K
[14.188s] [01m[K/home/wsh/wheeltec/wheeltec_ros2/src/navigation2-humble/nav2_smac_planner/math/discretized_points_smoothing/fem_pos_deviation_osqp_interface.cc:272:53:[m[K [01;31m[Kerror: [m[Ktemplate argument 2 is invalid
[14.190s] [01m[K/home/wsh/wheeltec/wheeltec_ros2/src/navigation2-humble/nav2_smac_planner/math/discretized_points_smoothing/fem_pos_deviation_osqp_interface.cc:273:17:[m[K [01;31m[Kerror: [m[Kâ€˜[01m[Kc_float[m[Kâ€™ was not declared in this scope; did you mean â€˜[01m[Kfloat[m[Kâ€™?
[14.191s]   273 |     std::vector<[01;31m[Kc_float[m[K>* lower_bounds, std::vector<c_float>* upper_bounds,
[14.191s]       |                 [01;31m[K^~~~~~~[m[K
[14.191s]       |                 [32m[Kfloat[m[K
[14.191s] [01m[K/home/wsh/wheeltec/wheeltec_ros2/src/navigation2-humble/nav2_smac_planner/math/discretized_points_smoothing/fem_pos_deviation_osqp_interface.cc:273:24:[m[K [01;31m[Kerror: [m[Ktemplate argument 1 is invalid
[14.191s]   273 |     std::vector<c_float[01;31m[K>[m[K* lower_bounds, std::vector<c_float>* upper_bounds,
[14.191s]       |                        [01;31m[K^[m[K
[14.191s] [01m[K/home/wsh/wheeltec/wheeltec_ros2/src/navigation2-humble/nav2_smac_planner/math/discretized_points_smoothing/fem_pos_deviation_osqp_interface.cc:273:24:[m[K [01;31m[Kerror: [m[Ktemplate argument 2 is invalid
[14.194s] [01m[K/home/wsh/wheeltec/wheeltec_ros2/src/navigation2-humble/nav2_smac_planner/math/discretized_points_smoothing/fem_pos_deviation_osqp_interface.cc:273:53:[m[K [01;31m[Kerror: [m[Kâ€˜[01m[Kc_float[m[Kâ€™ was not declared in this scope; did you mean â€˜[01m[Kfloat[m[Kâ€™?
[14.194s]   273 |     std::vector<c_float>* lower_bounds, std::vector<[01;31m[Kc_float[m[K>* upper_bounds,
[14.194s]       |                                                     [01;31m[K^~~~~~~[m[K
[14.194s]       |                                                     [32m[Kfloat[m[K
[14.194s] [01m[K/home/wsh/wheeltec/wheeltec_ros2/src/navigation2-humble/nav2_smac_planner/math/discretized_points_smoothing/fem_pos_deviation_osqp_interface.cc:273:60:[m[K [01;31m[Kerror: [m[Ktemplate argument 1 is invalid
[14.194s]   273 |     std::vector<c_float>* lower_bounds, std::vector<c_float[01;31m[K>[m[K* upper_bounds,
[14.195s]       |                                                            [01;31m[K^[m[K
[14.195s] [01m[K/home/wsh/wheeltec/wheeltec_ros2/src/navigation2-humble/nav2_smac_planner/math/discretized_points_smoothing/fem_pos_deviation_osqp_interface.cc:273:60:[m[K [01;31m[Kerror: [m[Ktemplate argument 2 is invalid
[14.198s] [01m[K/home/wsh/wheeltec/wheeltec_ros2/src/navigation2-humble/nav2_smac_planner/math/discretized_points_smoothing/fem_pos_deviation_osqp_interface.cc:274:17:[m[K [01;31m[Kerror: [m[Kâ€˜[01m[Kc_float[m[Kâ€™ was not declared in this scope; did you mean â€˜[01m[Kfloat[m[Kâ€™?
[14.198s]   274 |     std::vector<[01;31m[Kc_float[m[K>* q, std::vector<c_float>* primal_warm_start,
[14.198s]       |                 [01;31m[K^~~~~~~[m[K
[14.198s]       |                 [32m[Kfloat[m[K
[14.198s] [01m[K/home/wsh/wheeltec/wheeltec_ros2/src/navigation2-humble/nav2_smac_planner/math/discretized_points_smoothing/fem_pos_deviation_osqp_interface.cc:274:24:[m[K [01;31m[Kerror: [m[Ktemplate argument 1 is invalid
[14.198s]   274 |     std::vector<c_float[01;31m[K>[m[K* q, std::vector<c_float>* primal_warm_start,
[14.198s]       |                        [01;31m[K^[m[K
[14.198s] [01m[K/home/wsh/wheeltec/wheeltec_ros2/src/navigation2-humble/nav2_smac_planner/math/discretized_points_smoothing/fem_pos_deviation_osqp_interface.cc:274:24:[m[K [01;31m[Kerror: [m[Ktemplate argument 2 is invalid
[14.201s] [01m[K/home/wsh/wheeltec/wheeltec_ros2/src/navigation2-humble/nav2_smac_planner/math/discretized_points_smoothing/fem_pos_deviation_osqp_interface.cc:274:42:[m[K [01;31m[Kerror: [m[Kâ€˜[01m[Kc_float[m[Kâ€™ was not declared in this scope; did you mean â€˜[01m[Kfloat[m[Kâ€™?
[14.201s]   274 |     std::vector<c_float>* q, std::vector<[01;31m[Kc_float[m[K>* primal_warm_start,
[14.201s]       |                                          [01;31m[K^~~~~~~[m[K
[14.202s]       |                                          [32m[Kfloat[m[K
[14.202s] [01m[K/home/wsh/wheeltec/wheeltec_ros2/src/navigation2-humble/nav2_smac_planner/math/discretized_points_smoothing/fem_pos_deviation_osqp_interface.cc:274:49:[m[K [01;31m[Kerror: [m[Ktemplate argument 1 is invalid
[14.202s]   274 |     std::vector<c_float>* q, std::vector<c_float[01;31m[K>[m[K* primal_warm_start,
[14.202s]       |                                                 [01;31m[K^[m[K
[14.202s] [01m[K/home/wsh/wheeltec/wheeltec_ros2/src/navigation2-humble/nav2_smac_planner/math/discretized_points_smoothing/fem_pos_deviation_osqp_interface.cc:274:49:[m[K [01;31m[Kerror: [m[Ktemplate argument 2 is invalid
[14.202s] [01m[K/home/wsh/wheeltec/wheeltec_ros2/src/navigation2-humble/nav2_smac_planner/math/discretized_points_smoothing/fem_pos_deviation_osqp_interface.cc:275:5:[m[K [01;31m[Kerror: [m[Kâ€˜[01m[KOSQPData[m[Kâ€™ has not been declared
[14.202s]   275 |     [01;31m[KOSQPData[m[K* data, OSQPWorkspace** work, OSQPSettings* settings) {
[14.202s]       |     [01;31m[K^~~~~~~~[m[K
[14.202s] [01m[K/home/wsh/wheeltec/wheeltec_ros2/src/navigation2-humble/nav2_smac_planner/math/discretized_points_smoothing/fem_pos_deviation_osqp_interface.cc:[m[K In member function â€˜[01m[Kbool nav2_smac_planner::FemPosDeviationOsqpInterface::OptimizeWithOsqp(size_t, size_t, int*, int*, int*, int*, int*, int*, int*, int*, int*, int*, int*, OSQPWorkspace**, OSQPSettings*)[m[Kâ€™:
[14.202s] [01m[K/home/wsh/wheeltec/wheeltec_ros2/src/navigation2-humble/nav2_smac_planner/math/discretized_points_smoothing/fem_pos_deviation_osqp_interface.cc:278:9:[m[K [01;31m[Kerror: [m[Krequest for member â€˜[01m[Kn[m[Kâ€™ in â€˜[01m[K* data[m[Kâ€™, which is of non-class type â€˜[01m[Kint[m[Kâ€™
[14.202s]   278 |   data->[01;31m[Kn[m[K = kernel_dim;
[14.202s]       |         [01;31m[K^[m[K
[14.202s] [01m[K/home/wsh/wheeltec/wheeltec_ros2/src/navigation2-humble/nav2_smac_planner/math/discretized_points_smoothing/fem_pos_deviation_osqp_interface.cc:279:9:[m[K [01;31m[Kerror: [m[Krequest for member â€˜[01m[Km[m[Kâ€™ in â€˜[01m[K* data[m[Kâ€™, which is of non-class type â€˜[01m[Kint[m[Kâ€™
[14.202s]   279 |   data->[01;31m[Km[m[K = num_affine_constraint;
[14.203s]       |         [01;31m[K^[m[K
[14.203s] [01m[K/home/wsh/wheeltec/wheeltec_ros2/src/navigation2-humble/nav2_smac_planner/math/discretized_points_smoothing/fem_pos_deviation_osqp_interface.cc:280:9:[m[K [01;31m[Kerror: [m[Krequest for member â€˜[01m[KP[m[Kâ€™ in â€˜[01m[K* data[m[Kâ€™, which is of non-class type â€˜[01m[Kint[m[Kâ€™
[14.203s]   280 |   data->[01;31m[KP[m[K = csc_matrix(data->n, data->n, P_data->size(), P_data->data(),
[14.203s]       |         [01;31m[K^[m[K
[14.203s] [01m[K/home/wsh/wheeltec/wheeltec_ros2/src/navigation2-humble/nav2_smac_planner/math/discretized_points_smoothing/fem_pos_deviation_osqp_interface.cc:280:30:[m[K [01;31m[Kerror: [m[Krequest for member â€˜[01m[Kn[m[Kâ€™ in â€˜[01m[K* data[m[Kâ€™, which is of non-class type â€˜[01m[Kint[m[Kâ€™
[14.203s]   280 |   data->P = csc_matrix(data->[01;31m[Kn[m[K, data->n, P_data->size(), P_data->data(),
[14.203s]       |                              [01;31m[K^[m[K
[14.203s] [01m[K/home/wsh/wheeltec/wheeltec_ros2/src/navigation2-humble/nav2_smac_planner/math/discretized_points_smoothing/fem_pos_deviation_osqp_interface.cc:280:39:[m[K [01;31m[Kerror: [m[Krequest for member â€˜[01m[Kn[m[Kâ€™ in â€˜[01m[K* data[m[Kâ€™, which is of non-class type â€˜[01m[Kint[m[Kâ€™
[14.203s]   280 |   data->P = csc_matrix(data->n, data->[01;31m[Kn[m[K, P_data->size(), P_data->data(),
[14.203s]       |                                       [01;31m[K^[m[K
[14.203s] [01m[K/home/wsh/wheeltec/wheeltec_ros2/src/navigation2-humble/nav2_smac_planner/math/discretized_points_smoothing/fem_pos_deviation_osqp_interface.cc:280:50:[m[K [01;31m[Kerror: [m[Krequest for member â€˜[01m[Ksize[m[Kâ€™ in â€˜[01m[K* P_data[m[Kâ€™, which is of non-class type â€˜[01m[Kint[m[Kâ€™
[14.203s]   280 |   data->P = csc_matrix(data->n, data->n, P_data->[01;31m[Ksize[m[K(), P_data->data(),
[14.203s]       |                                                  [01;31m[K^~~~[m[K
[14.204s] [01m[K/home/wsh/wheeltec/wheeltec_ros2/src/navigation2-humble/nav2_smac_planner/math/discretized_points_smoothing/fem_pos_deviation_osqp_interface.cc:280:66:[m[K [01;31m[Kerror: [m[Krequest for member â€˜[01m[Kdata[m[Kâ€™ in â€˜[01m[K* P_data[m[Kâ€™, which is of non-class type â€˜[01m[Kint[m[Kâ€™
[14.204s]   280 |   data->P = csc_matrix(data->n, data->n, P_data->size(), P_data->[01;31m[Kdata[m[K(),
[14.204s]       |                                                                  [01;31m[K^~~~[m[K
[14.204s] [01m[K/home/wsh/wheeltec/wheeltec_ros2/src/navigation2-humble/nav2_smac_planner/math/discretized_points_smoothing/fem_pos_deviation_osqp_interface.cc:281:35:[m[K [01;31m[Kerror: [m[Krequest for member â€˜[01m[Kdata[m[Kâ€™ in â€˜[01m[K* P_indices[m[Kâ€™, which is of non-class type â€˜[01m[Kint[m[Kâ€™
[14.204s]   281 |                        P_indices->[01;31m[Kdata[m[K(), P_indptr->data());
[14.204s]       |                                   [01;31m[K^~~~[m[K
[14.204s] [01m[K/home/wsh/wheeltec/wheeltec_ros2/src/navigation2-humble/nav2_smac_planner/math/discretized_points_smoothing/fem_pos_deviation_osqp_interface.cc:281:53:[m[K [01;31m[Kerror: [m[Krequest for member â€˜[01m[Kdata[m[Kâ€™ in â€˜[01m[K* P_indptr[m[Kâ€™, which is of non-class type â€˜[01m[Kint[m[Kâ€™
[14.204s]   281 |                        P_indices->data(), P_indptr->[01;31m[Kdata[m[K());
[14.204s]       |                                                     [01;31m[K^~~~[m[K
[14.207s] [01m[K/home/wsh/wheeltec/wheeltec_ros2/src/navigation2-humble/nav2_smac_planner/math/discretized_points_smoothing/fem_pos_deviation_osqp_interface.cc:280:13:[m[K [01;31m[Kerror: [m[Kâ€˜[01m[Kcsc_matrix[m[Kâ€™ was not declared in this scope
[14.207s]   280 |   data->P = [01;31m[Kcsc_matrix[m[K(data->n, data->n, P_data->size(), P_data->data(),
[14.207s]       |             [01;31m[K^~~~~~~~~~[m[K
[14.207s] [01m[K/home/wsh/wheeltec/wheeltec_ros2/src/navigation2-humble/nav2_smac_planner/math/discretized_points_smoothing/fem_pos_deviation_osqp_interface.cc:282:9:[m[K [01;31m[Kerror: [m[Krequest for member â€˜[01m[Kq[m[Kâ€™ in â€˜[01m[K* data[m[Kâ€™, which is of non-class type â€˜[01m[Kint[m[Kâ€™
[14.207s]   282 |   data->[01;31m[Kq[m[K = q->data();
[14.207s]       |         [01;31m[K^[m[K
[14.207s] [01m[K/home/wsh/wheeltec/wheeltec_ros2/src/navigation2-humble/nav2_smac_planner/math/discretized_points_smoothing/fem_pos_deviation_osqp_interface.cc:282:16:[m[K [01;31m[Kerror: [m[Krequest for member â€˜[01m[Kdata[m[Kâ€™ in â€˜[01m[K* q[m[Kâ€™, which is of non-class type â€˜[01m[Kint[m[Kâ€™
[14.207s]   282 |   data->q = q->[01;31m[Kdata[m[K();
[14.207s]       |                [01;31m[K^~~~[m[K
[14.207s] [01m[K/home/wsh/wheeltec/wheeltec_ros2/src/navigation2-humble/nav2_smac_planner/math/discretized_points_smoothing/fem_pos_deviation_osqp_interface.cc:283:9:[m[K [01;31m[Kerror: [m[Krequest for member â€˜[01m[KA[m[Kâ€™ in â€˜[01m[K* data[m[Kâ€™, which is of non-class type â€˜[01m[Kint[m[Kâ€™
[14.207s]   283 |   data->[01;31m[KA[m[K = csc_matrix(data->m, data->n, A_data->size(), A_data->data(),
[14.208s]       |         [01;31m[K^[m[K
[14.208s] [01m[K/home/wsh/wheeltec/wheeltec_ros2/src/navigation2-humble/nav2_smac_planner/math/discretized_points_smoothing/fem_pos_deviation_osqp_interface.cc:283:30:[m[K [01;31m[Kerror: [m[Krequest for member â€˜[01m[Km[m[Kâ€™ in â€˜[01m[K* data[m[Kâ€™, which is of non-class type â€˜[01m[Kint[m[Kâ€™
[14.208s]   283 |   data->A = csc_matrix(data->[01;31m[Km[m[K, data->n, A_data->size(), A_data->data(),
[14.208s]       |                              [01;31m[K^[m[K
[14.208s] [01m[K/home/wsh/wheeltec/wheeltec_ros2/src/navigation2-humble/nav2_smac_planner/math/discretized_points_smoothing/fem_pos_deviation_osqp_interface.cc:283:39:[m[K [01;31m[Kerror: [m[Krequest for member â€˜[01m[Kn[m[Kâ€™ in â€˜[01m[K* data[m[Kâ€™, which is of non-class type â€˜[01m[Kint[m[Kâ€™
[14.208s]   283 |   data->A = csc_matrix(data->m, data->[01;31m[Kn[m[K, A_data->size(), A_data->data(),
[14.208s]       |                                       [01;31m[K^[m[K
[14.208s] [01m[K/home/wsh/wheeltec/wheeltec_ros2/src/navigation2-humble/nav2_smac_planner/math/discretized_points_smoothing/fem_pos_deviation_osqp_interface.cc:283:50:[m[K [01;31m[Kerror: [m[Krequest for member â€˜[01m[Ksize[m[Kâ€™ in â€˜[01m[K* A_data[m[Kâ€™, which is of non-class type â€˜[01m[Kint[m[Kâ€™
[14.208s]   283 |   data->A = csc_matrix(data->m, data->n, A_data->[01;31m[Ksize[m[K(), A_data->data(),
[14.208s]       |                                                  [01;31m[K^~~~[m[K
[14.208s] [01m[K/home/wsh/wheeltec/wheeltec_ros2/src/navigation2-humble/nav2_smac_planner/math/discretized_points_smoothing/fem_pos_deviation_osqp_interface.cc:283:66:[m[K [01;31m[Kerror: [m[Krequest for member â€˜[01m[Kdata[m[Kâ€™ in â€˜[01m[K* A_data[m[Kâ€™, which is of non-class type â€˜[01m[Kint[m[Kâ€™
[14.208s]   283 |   data->A = csc_matrix(data->m, data->n, A_data->size(), A_data->[01;31m[Kdata[m[K(),
[14.208s]       |                                                                  [01;31m[K^~~~[m[K
[14.209s] [01m[K/home/wsh/wheeltec/wheeltec_ros2/src/navigation2-humble/nav2_smac_planner/math/discretized_points_smoothing/fem_pos_deviation_osqp_interface.cc:284:35:[m[K [01;31m[Kerror: [m[Krequest for member â€˜[01m[Kdata[m[Kâ€™ in â€˜[01m[K* A_indices[m[Kâ€™, which is of non-class type â€˜[01m[Kint[m[Kâ€™
[14.209s]   284 |                        A_indices->[01;31m[Kdata[m[K(), A_indptr->data());
[14.209s]       |                                   [01;31m[K^~~~[m[K
[14.209s] [01m[K/home/wsh/wheeltec/wheeltec_ros2/src/navigation2-humble/nav2_smac_planner/math/discretized_points_smoothing/fem_pos_deviation_osqp_interface.cc:284:53:[m[K [01;31m[Kerror: [m[Krequest for member â€˜[01m[Kdata[m[Kâ€™ in â€˜[01m[K* A_indptr[m[Kâ€™, which is of non-class type â€˜[01m[Kint[m[Kâ€™
[14.209s]   284 |                        A_indices->data(), A_indptr->[01;31m[Kdata[m[K());
[14.209s]       |                                                     [01;31m[K^~~~[m[K
[14.209s] [01m[K/home/wsh/wheeltec/wheeltec_ros2/src/navigation2-humble/nav2_smac_planner/math/discretized_points_smoothing/fem_pos_deviation_osqp_interface.cc:285:9:[m[K [01;31m[Kerror: [m[Krequest for member â€˜[01m[Kl[m[Kâ€™ in â€˜[01m[K* data[m[Kâ€™, which is of non-class type â€˜[01m[Kint[m[Kâ€™
[14.209s]   285 |   data->[01;31m[Kl[m[K = lower_bounds->data();
[14.209s]       |         [01;31m[K^[m[K
[14.209s] [01m[K/home/wsh/wheeltec/wheeltec_ros2/src/navigation2-humble/nav2_smac_planner/math/discretized_points_smoothing/fem_pos_deviation_osqp_interface.cc:285:27:[m[K [01;31m[Kerror: [m[Krequest for member â€˜[01m[Kdata[m[Kâ€™ in â€˜[01m[K* lower_bounds[m[Kâ€™, which is of non-class type â€˜[01m[Kint[m[Kâ€™
[14.209s]   285 |   data->l = lower_bounds->[01;31m[Kdata[m[K();
[14.209s]       |                           [01;31m[K^~~~[m[K
[14.209s] [01m[K/home/wsh/wheeltec/wheeltec_ros2/src/navigation2-humble/nav2_smac_planner/math/discretized_points_smoothing/fem_pos_deviation_osqp_interface.cc:286:9:[m[K [01;31m[Kerror: [m[Krequest for member â€˜[01m[Ku[m[Kâ€™ in â€˜[01m[K* data[m[Kâ€™, which is of non-class type â€˜[01m[Kint[m[Kâ€™
[14.210s]   286 |   data->[01;31m[Ku[m[K = upper_bounds->data();
[14.210s]       |         [01;31m[K^[m[K
[14.210s] [01m[K/home/wsh/wheeltec/wheeltec_ros2/src/navigation2-humble/nav2_smac_planner/math/discretized_points_smoothing/fem_pos_deviation_osqp_interface.cc:286:27:[m[K [01;31m[Kerror: [m[Krequest for member â€˜[01m[Kdata[m[Kâ€™ in â€˜[01m[K* upper_bounds[m[Kâ€™, which is of non-class type â€˜[01m[Kint[m[Kâ€™
[14.210s]   286 |   data->u = upper_bounds->[01;31m[Kdata[m[K();
[14.210s]       |                           [01;31m[K^~~~[m[K
[14.210s] [01m[K/home/wsh/wheeltec/wheeltec_ros2/src/navigation2-humble/nav2_smac_planner/math/discretized_points_smoothing/fem_pos_deviation_osqp_interface.cc:288:22:[m[K [01;31m[Kerror: [m[Kcannot convert â€˜[01m[Kint*[m[Kâ€™ to â€˜[01m[KOSQPSolver**[m[Kâ€™
[14.210s]   288 |   *work = osqp_setup([01;31m[Kdata[m[K, settings);
[14.210s]       |                      [01;31m[K^~~~[m[K
[14.210s]       |                      [01;31m[K|[m[K
[14.210s]       |                      [01;31m[Kint*[m[K
[14.210s] In file included from [01m[K/usr/local/include/osqp/osqp.h:9[m[K,
[14.210s]                  from [01m[K/home/wsh/wheeltec/wheeltec_ros2/src/navigation2-humble/nav2_smac_planner/math/discretized_points_smoothing/fem_pos_deviation_osqp_interface.h:26[m[K,
[14.210s]                  from [01m[K/home/wsh/wheeltec/wheeltec_ros2/src/navigation2-humble/nav2_smac_planner/math/discretized_points_smoothing/fem_pos_deviation_osqp_interface.cc:21[m[K:
[14.210s] [01m[K/usr/local/include/osqp/osqp_api_functions.h:83:50:[m[K [01;36m[Knote: [m[K  initializing argument 1 of â€˜[01m[KOSQPInt osqp_setup(OSQPSolver**, const OSQPCscMatrix*, const OSQPFloat*, const OSQPCscMatrix*, const OSQPFloat*, const OSQPFloat*, OSQPInt, OSQPInt, const OSQPSettings*)[m[Kâ€™
[14.211s]    83 | OSQP_API OSQPInt osqp_setup([01;36m[KOSQPSolver**         solverp[m[K,
[14.211s]       |                             [01;36m[K~~~~~~~~~~~~~~~~~~~~~^~~~~~~[m[K
[14.211s] [01m[K/home/wsh/wheeltec/wheeltec_ros2/src/navigation2-humble/nav2_smac_planner/math/discretized_points_smoothing/fem_pos_deviation_osqp_interface.cc:291:47:[m[K [01;31m[Kerror: [m[Krequest for member â€˜[01m[Kdata[m[Kâ€™ in â€˜[01m[K* primal_warm_start[m[Kâ€™, which is of non-class type â€˜[01m[Kint[m[Kâ€™
[14.211s]   291 |   osqp_warm_start_x(*work, primal_warm_start->[01;31m[Kdata[m[K());
[14.211s]       |                                               [01;31m[K^~~~[m[K
[14.211s] [01m[K/home/wsh/wheeltec/wheeltec_ros2/src/navigation2-humble/nav2_smac_planner/math/discretized_points_smoothing/fem_pos_deviation_osqp_interface.cc:291:3:[m[K [01;31m[Kerror: [m[Kâ€˜[01m[Kosqp_warm_start_x[m[Kâ€™ was not declared in this scope; did you mean â€˜[01m[Kosqp_warm_start[m[Kâ€™?
[14.211s]   291 |   [01;31m[Kosqp_warm_start_x[m[K(*work, primal_warm_start->data());
[14.211s]       |   [01;31m[K^~~~~~~~~~~~~~~~~[m[K
[14.212s]       |   [32m[Kosqp_warm_start[m[K
[14.212s] [01m[K/home/wsh/wheeltec/wheeltec_ros2/src/navigation2-humble/nav2_smac_planner/math/discretized_points_smoothing/fem_pos_deviation_osqp_interface.cc:294:14:[m[K [01;31m[Kerror: [m[Kcannot convert â€˜[01m[KOSQPWorkspace*[m[Kâ€™ {aka â€˜[01m[KOSQPWorkspace_*[m[Kâ€™} to â€˜[01m[KOSQPSolver*[m[Kâ€™
[14.212s]   294 |   osqp_solve([01;31m[K*work[m[K);
[14.212s]       |              [01;31m[K^~~~~[m[K
[14.212s]       |              [01;31m[K|[m[K
[14.212s]       |              [01;31m[KOSQPWorkspace* {aka OSQPWorkspace_*}[m[K
[14.212s] In file included from [01m[K/usr/local/include/osqp/osqp.h:9[m[K,
[14.212s]                  from [01m[K/home/wsh/wheeltec/wheeltec_ros2/src/navigation2-humble/nav2_smac_planner/math/discretized_points_smoothing/fem_pos_deviation_osqp_interface.h:26[m[K,
[14.212s]                  from [01m[K/home/wsh/wheeltec/wheeltec_ros2/src/navigation2-humble/nav2_smac_planner/math/discretized_points_smoothing/fem_pos_deviation_osqp_interface.cc:21[m[K:
[14.212s] [01m[K/usr/local/include/osqp/osqp_api_functions.h:111:41:[m[K [01;36m[Knote: [m[K  initializing argument 1 of â€˜[01m[KOSQPInt osqp_solve(OSQPSolver*)[m[Kâ€™
[14.212s]   111 | OSQP_API OSQPInt osqp_solve([01;36m[KOSQPSolver* solver[m[K);
[14.212s]       |                             [01;36m[K~~~~~~~~~~~~^~~~~~[m[K
[14.213s] In file included from [01m[K/usr/local/include/osqp/osqp.h:8[m[K,
[14.213s]                  from [01m[K/home/wsh/wheeltec/wheeltec_ros2/src/navigation2-humble/nav2_smac_planner/math/discretized_points_smoothing/fem_pos_deviation_osqp_interface.h:26[m[K,
[14.213s]                  from [01m[K/home/wsh/wheeltec/wheeltec_ros2/src/navigation2-humble/nav2_smac_planner/math/discretized_points_smoothing/fem_pos_deviation_osqp_interface.cc:21[m[K:
[14.213s] [01m[K/usr/local/include/osqp/osqp_api_types.h:135:16:[m[K [01;36m[Knote: [m[Kclass type â€˜[01m[KOSQPWorkspace[m[Kâ€™ {aka â€˜[01m[KOSQPWorkspace_[m[Kâ€™} is incomplete
[14.213s]   135 | typedef struct [01;36m[KOSQPWorkspace_[m[K OSQPWorkspace;
[14.213s]       |                [01;36m[K^~~~~~~~~~~~~~[m[K
[14.213s] [01m[K/home/wsh/wheeltec/wheeltec_ros2/src/navigation2-humble/nav2_smac_planner/math/discretized_points_smoothing/fem_pos_deviation_osqp_interface.cc:296:24:[m[K [01;31m[Kerror: [m[Kinvalid use of incomplete type â€˜[01m[KOSQPWorkspace[m[Kâ€™ {aka â€˜[01m[Kstruct OSQPWorkspace_[m[Kâ€™}
[14.213s]   296 |   auto status = (*work)[01;31m[K->[m[Kinfo->status_val;
[14.213s]       |                        [01;31m[K^~[m[K
[14.213s] In file included from [01m[K/usr/local/include/osqp/osqp.h:8[m[K,
[14.213s]                  from [01m[K/home/wsh/wheeltec/wheeltec_ros2/src/navigation2-humble/nav2_smac_planner/math/discretized_points_smoothing/fem_pos_deviation_osqp_interface.h:26[m[K,
[14.213s]                  from [01m[K/home/wsh/wheeltec/wheeltec_ros2/src/navigation2-humble/nav2_smac_planner/math/discretized_points_smoothing/fem_pos_deviation_osqp_interface.cc:21[m[K:
[14.213s] [01m[K/usr/local/include/osqp/osqp_api_types.h:135:16:[m[K [01;36m[Knote: [m[Kforward declaration of â€˜[01m[KOSQPWorkspace[m[Kâ€™ {aka â€˜[01m[Kstruct OSQPWorkspace_[m[Kâ€™}
[14.213s]   135 | typedef struct [01;36m[KOSQPWorkspace_[m[K OSQPWorkspace;
[14.214s]       |                [01;36m[K^~~~~~~~~~~~~~[m[K
[14.214s] In file included from [01m[K/opt/ros/humble/include/rclcpp/rclcpp/logging.hpp:24[m[K,
[14.214s]                  from [01m[K/opt/ros/humble/include/rclcpp/rclcpp/client.hpp:40[m[K,
[14.214s]                  from [01m[K/opt/ros/humble/include/rclcpp/rclcpp/callback_group.hpp:24[m[K,
[14.214s]                  from [01m[K/opt/ros/humble/include/rclcpp/rclcpp/any_executable.hpp:20[m[K,
[14.214s]                  from [01m[K/opt/ros/humble/include/rclcpp/rclcpp/memory_strategy.hpp:25[m[K,
[14.214s]                  from [01m[K/opt/ros/humble/include/rclcpp/rclcpp/memory_strategies.hpp:18[m[K,
[14.214s]                  from [01m[K/opt/ros/humble/include/rclcpp/rclcpp/executor_options.hpp:20[m[K,
[14.214s]                  from [01m[K/opt/ros/humble/include/rclcpp/rclcpp/executor.hpp:37[m[K,
[14.214s]                  from [01m[K/opt/ros/humble/include/rclcpp/rclcpp/executors/multi_threaded_executor.hpp:25[m[K,
[14.214s]                  from [01m[K/opt/ros/humble/include/rclcpp/rclcpp/executors.hpp:21[m[K,
[14.214s]                  from [01m[K/opt/ros/humble/include/rclcpp/rclcpp/rclcpp.hpp:155[m[K,
[14.214s]                  from [01m[K/home/wsh/wheeltec/wheeltec_ros2/src/navigation2-humble/nav2_smac_planner/math/discretized_points_smoothing/fem_pos_deviation_osqp_interface.h:27[m[K,
[14.214s]                  from [01m[K/home/wsh/wheeltec/wheeltec_ros2/src/navigation2-humble/nav2_smac_planner/math/discretized_points_smoothing/fem_pos_deviation_osqp_interface.cc:21[m[K:
[14.215s] [01m[K/home/wsh/wheeltec/wheeltec_ros2/src/navigation2-humble/nav2_smac_planner/math/discretized_points_smoothing/fem_pos_deviation_osqp_interface.cc:300:56:[m[K [01;31m[Kerror: [m[Kinvalid use of incomplete type â€˜[01m[KOSQPWorkspace[m[Kâ€™ {aka â€˜[01m[Kstruct OSQPWorkspace_[m[Kâ€™}
[14.215s]   300 |              "failed optimization status:\t%d", (*work)[01;31m[K->[m[Kinfo->status);
[14.215s]       |                                                        [01;31m[K^~[m[K
[14.215s] In file included from [01m[K/usr/local/include/osqp/osqp.h:8[m[K,
[14.215s]                  from [01m[K/home/wsh/wheeltec/wheeltec_ros2/src/navigation2-humble/nav2_smac_planner/math/discretized_points_smoothing/fem_pos_deviation_osqp_interface.h:26[m[K,
[14.215s]                  from [01m[K/home/wsh/wheeltec/wheeltec_ros2/src/navigation2-humble/nav2_smac_planner/math/discretized_points_smoothing/fem_pos_deviation_osqp_interface.cc:21[m[K:
[14.215s] [01m[K/usr/local/include/osqp/osqp_api_types.h:135:16:[m[K [01;36m[Knote: [m[Kforward declaration of â€˜[01m[KOSQPWorkspace[m[Kâ€™ {aka â€˜[01m[Kstruct OSQPWorkspace_[m[Kâ€™}
[14.215s]   135 | typedef struct [01;36m[KOSQPWorkspace_[m[K OSQPWorkspace;
[14.215s]       |                [01;36m[K^~~~~~~~~~~~~~[m[K
[14.215s] In file included from [01m[K/opt/ros/humble/include/rclcpp/rclcpp/logging.hpp:24[m[K,
[14.215s]                  from [01m[K/opt/ros/humble/include/rclcpp/rclcpp/client.hpp:40[m[K,
[14.215s]                  from [01m[K/opt/ros/humble/include/rclcpp/rclcpp/callback_group.hpp:24[m[K,
[14.215s]                  from [01m[K/opt/ros/humble/include/rclcpp/rclcpp/any_executable.hpp:20[m[K,
[14.215s]                  from [01m[K/opt/ros/humble/include/rclcpp/rclcpp/memory_strategy.hpp:25[m[K,
[14.216s]                  from [01m[K/opt/ros/humble/include/rclcpp/rclcpp/memory_strategies.hpp:18[m[K,
[14.216s]                  from [01m[K/opt/ros/humble/include/rclcpp/rclcpp/executor_options.hpp:20[m[K,
[14.216s]                  from [01m[K/opt/ros/humble/include/rclcpp/rclcpp/executor.hpp:37[m[K,
[14.216s]                  from [01m[K/opt/ros/humble/include/rclcpp/rclcpp/executors/multi_threaded_executor.hpp:25[m[K,
[14.216s]                  from [01m[K/opt/ros/humble/include/rclcpp/rclcpp/executors.hpp:21[m[K,
[14.216s]                  from [01m[K/opt/ros/humble/include/rclcpp/rclcpp/rclcpp.hpp:155[m[K,
[14.216s]                  from [01m[K/home/wsh/wheeltec/wheeltec_ros2/src/navigation2-humble/nav2_smac_planner/math/discretized_points_smoothing/fem_pos_deviation_osqp_interface.h:27[m[K,
[14.216s]                  from [01m[K/home/wsh/wheeltec/wheeltec_ros2/src/navigation2-humble/nav2_smac_planner/math/discretized_points_smoothing/fem_pos_deviation_osqp_interface.cc:21[m[K:
[14.216s] [01m[K/home/wsh/wheeltec/wheeltec_ros2/src/navigation2-humble/nav2_smac_planner/math/discretized_points_smoothing/fem_pos_deviation_osqp_interface.cc:306:56:[m[K [01;31m[Kerror: [m[Kinvalid use of incomplete type â€˜[01m[KOSQPWorkspace[m[Kâ€™ {aka â€˜[01m[Kstruct OSQPWorkspace_[m[Kâ€™}
[14.216s]   306 |              "failed optimization status:\t%d", (*work)[01;31m[K->[m[Kinfo->status);
[14.216s]       |                                                        [01;31m[K^~[m[K
[14.216s] In file included from [01m[K/usr/local/include/osqp/osqp.h:8[m[K,
[14.216s]                  from [01m[K/home/wsh/wheeltec/wheeltec_ros2/src/navigation2-humble/nav2_smac_planner/math/discretized_points_smoothing/fem_pos_deviation_osqp_interface.h:26[m[K,
[14.216s]                  from [01m[K/home/wsh/wheeltec/wheeltec_ros2/src/navigation2-humble/nav2_smac_planner/math/discretized_points_smoothing/fem_pos_deviation_osqp_interface.cc:21[m[K:
[14.216s] [01m[K/usr/local/include/osqp/osqp_api_types.h:135:16:[m[K [01;36m[Knote: [m[Kforward declaration of â€˜[01m[KOSQPWorkspace[m[Kâ€™ {aka â€˜[01m[Kstruct OSQPWorkspace_[m[Kâ€™}
[14.217s]   135 | typedef struct [01;36m[KOSQPWorkspace_[m[K OSQPWorkspace;
[14.217s]       |                [01;36m[K^~~~~~~~~~~~~~[m[K
[14.499s] gmake[2]: *** [CMakeFiles/nav2_smac_planner_lattice.dir/build.make:410: CMakeFiles/nav2_smac_planner_lattice.dir/math/discretized_points_smoothing/fem_pos_deviation_osqp_interface.cc.o] Error 1
[16.446s] gmake[1]: *** [CMakeFiles/Makefile2:193: CMakeFiles/nav2_smac_planner_lattice.dir/all] Error 2
[16.446s] gmake[1]: *** Waiting for unfinished jobs....
[16.502s] gmake[1]: *** [CMakeFiles/Makefile2:167: CMakeFiles/nav2_smac_planner_2d.dir/all] Error 2
[17.074s] gmake[1]: *** [CMakeFiles/Makefile2:141: CMakeFiles/nav2_smac_planner.dir/all] Error 2
[17.074s] gmake: *** [Makefile:146: all] Error 2
[17.077s] Invoked command in '/home/wsh/wheeltec/wheeltec_ros2/build/nav2_smac_planner' returned '2': CMAKE_PREFIX_PATH=/home/wsh/wheeltec/wheeltec_ros2/install/nav2_core:/home/wsh/wheeltec/wheeltec_ros2/install/nav2_costmap_2d:/home/wsh/wheeltec/wheeltec_ros2/install/nav2_map_server:/home/wsh/wheeltec/wheeltec_ros2/install/nav2_lifecycle_manager:/home/wsh/wheeltec/wheeltec_ros2/install/nav2_util:/home/wsh/wheeltec/wheeltec_ros2/install/nav2_voxel_grid:/home/wsh/wheeltec/wheeltec_ros2/install/nav2_msgs:/home/wsh/wheeltec/wheeltec_ros2/install/nav2_common:/home/wsh/wheeltec/wheeltec_ros2/install/wheeltec_slam_toolbox:/home/wsh/wheeltec/wheeltec_ros2/install/wheeltec_rviz2:/home/wsh/wheeltec/wheeltec_ros2/install/wheeltec_rrt_msg:/home/wsh/wheeltec/wheeltec_ros2/install/wheeltec_robot_urdf:/home/wsh/wheeltec/wheeltec_ros2/install/wheeltec_robot_rtab:/home/wsh/wheeltec/wheeltec_ros2/install/wheeltec_robot_rrt:/home/wsh/wheeltec/wheeltec_ros2/install/turn_on_wheeltec_robot:/home/wsh/wheeltec/wheeltec_ros2/install/wheeltec_robot_msg:/home/wsh/wheeltec/wheeltec_ros2/install/wheeltec_robot_kcf:/home/wsh/wheeltec/wheeltec_ros2/install/wheeltec_nav2:/home/wsh/wheeltec/wheeltec_ros2/install/wheeltec_joy:/home/wsh/wheeltec/wheeltec_ros2/install/wheeltec_gps_path:/home/wsh/wheeltec/wheeltec_ros2/install/wheeltec_cartographer:/home/wsh/wheeltec/wheeltec_ros2/install/web_video_server:/home/wsh/wheeltec/wheeltec_ros2/install/usb_cam:/home/wsh/wheeltec/wheeltec_ros2/install/slam_gmapping:/home/wsh/wheeltec/wheeltec_ros2/install/serial:/home/wsh/wheeltec/wheeltec_ros2/install/openslam_gmapping:/home/wsh/wheeltec/wheeltec_ros2/install/nmea_msgs:/home/wsh/wheeltec/wheeltec_ros2/install/nav2_bringup:/home/wsh/wheeltec/wheeltec_ros2/install/navigation2:/home/wsh/wheeltec/wheeltec_ros2/install/nav2_smoother:/home/wsh/wheeltec/wheeltec_ros2/install/nav2_dwb_controller:/home/wsh/wheeltec/wheeltec_ros2/install/nav2_controller:/home/wsh/wheeltec/wheeltec_ros2/install/dwb_plugins:/home/wsh/wheeltec/wheeltec_ros2/install/dwb_critics:/home/wsh/wheeltec/wheeltec_ros2/install/dwb_core:/home/wsh/wheeltec/wheeltec_ros2/install/nav_2d_utils:/home/wsh/wheeltec/wheeltec_ros2/install/dwb_msgs:/home/wsh/wheeltec/wheeltec_ros2/install/nav_2d_msgs:/home/wsh/wheeltec/wheeltec_ros2/install/nav2_waypoint_follower:/home/wsh/wheeltec/wheeltec_ros2/install/nav2_theta_star_planner:/home/wsh/wheeltec/wheeltec_ros2/install/nav2_smac_planner:/home/wsh/wheeltec/wheeltec_ros2/install/nav2_regulated_pure_pursuit_controller:/home/wsh/wheeltec/wheeltec_ros2/install/nav2_planner:/home/wsh/wheeltec/wheeltec_ros2/install/nav2_navfn_planner:/home/wsh/wheeltec/wheeltec_ros2/install/nav2_mppi_controller:/home/wsh/wheeltec/wheeltec_ros2/install/nav2_constrained_smoother:/home/wsh/wheeltec/wheeltec_ros2/install/nav2_bt_navigator:/home/wsh/wheeltec/wheeltec_ros2/install/nav2_behaviors:/home/wsh/wheeltec/wheeltec_ros2/install/nav2_collision_monitor:/home/wsh/wheeltec/wheeltec_ros2/install/costmap_queue:/home/wsh/wheeltec/wheeltec_ros2/install/nav2_velocity_smoother:/home/wsh/wheeltec/wheeltec_ros2/install/nav2_rviz_plugins:/home/wsh/wheeltec/wheeltec_ros2/install/nav2_behavior_tree:/home/wsh/wheeltec/wheeltec_ros2/install/nav2_amcl:/home/wsh/wheeltec/wheeltec_ros2/install/lslidar_driver:/home/wsh/wheeltec/wheeltec_ros2/install/lslidar_msgs:/home/wsh/wheeltec/wheeltec_ros2/install/ldlidar_stl_ros2:/home/wsh/wheeltec/wheeltec_ros2/install/ldlidar_sl_ros2:/home/wsh/wheeltec/wheeltec_ros2/install/astra_camera_msgs:/home/wsh/wheeltec/wheeltec_ros2/install/ackermann_msgs:/home/wsh/wheeltec/wheeltec_ros2/install/wheeltec_robot_keyboard:/home/wsh/wheeltec/wheeltec_ros2/install/tf2_tools:/home/wsh/wheeltec/wheeltec_ros2/install/nmea_navsat_driver:/home/wsh/wheeltec/wheeltec_ros2/install/nav2_simple_commander:/home/wsh/wheeltec/wheeltec_ros2/install/auto_recharge_ros2:/opt/ros/humble LD_LIBRARY_PATH=/home/wsh/wheeltec/wheeltec_ros2/install/nav2_costmap_2d/lib:/home/wsh/wheeltec/wheeltec_ros2/install/nav2_map_server/lib:/home/wsh/wheeltec/wheeltec_ros2/install/nav2_lifecycle_manager/lib:/home/wsh/wheeltec/wheeltec_ros2/install/nav2_util/lib:/home/wsh/wheeltec/wheeltec_ros2/install/nav2_voxel_grid/lib:/home/wsh/wheeltec/wheeltec_ros2/install/nav2_msgs/lib:/home/wsh/wheeltec/wheeltec_ros2/install/wheeltec_rrt_msg/lib:/home/wsh/wheeltec/wheeltec_ros2/install/wheeltec_robot_rrt/lib:/home/wsh/wheeltec/wheeltec_ros2/install/turn_on_wheeltec_robot/lib:/home/wsh/wheeltec/wheeltec_ros2/install/wheeltec_robot_msg/lib:/home/wsh/wheeltec/wheeltec_ros2/install/usb_cam/lib:/home/wsh/wheeltec/wheeltec_ros2/install/serial/lib:/home/wsh/wheeltec/wheeltec_ros2/install/openslam_gmapping/lib:/home/wsh/wheeltec/wheeltec_ros2/install/nmea_msgs/lib:/home/wsh/wheeltec/wheeltec_ros2/install/nav2_smoother/lib:/home/wsh/wheeltec/wheeltec_ros2/install/nav2_controller/lib:/home/wsh/wheeltec/wheeltec_ros2/install/dwb_plugins/lib:/home/wsh/wheeltec/wheeltec_ros2/install/dwb_critics/lib:/home/wsh/wheeltec/wheeltec_ros2/install/dwb_core/lib:/home/wsh/wheeltec/wheeltec_ros2/install/nav_2d_utils/lib:/home/wsh/wheeltec/wheeltec_ros2/install/dwb_msgs/lib:/home/wsh/wheeltec/wheeltec_ros2/install/nav_2d_msgs/lib:/home/wsh/wheeltec/wheeltec_ros2/install/nav2_waypoint_follower/lib:/home/wsh/wheeltec/wheeltec_ros2/install/nav2_theta_star_planner/lib:/home/wsh/wheeltec/wheeltec_ros2/install/nav2_smac_planner/lib:/home/wsh/wheeltec/wheeltec_ros2/install/nav2_regulated_pure_pursuit_controller/lib:/home/wsh/wheeltec/wheeltec_ros2/install/nav2_planner/lib:/home/wsh/wheeltec/wheeltec_ros2/install/nav2_navfn_planner/lib:/home/wsh/wheeltec/wheeltec_ros2/install/nav2_mppi_controller/lib:/home/wsh/wheeltec/wheeltec_ros2/install/nav2_constrained_smoother/lib:/home/wsh/wheeltec/wheeltec_ros2/install/nav2_bt_navigator/lib:/home/wsh/wheeltec/wheeltec_ros2/install/nav2_behaviors/lib:/home/wsh/wheeltec/wheeltec_ros2/install/nav2_collision_monitor/lib:/home/wsh/wheeltec/wheeltec_ros2/install/costmap_queue/lib:/home/wsh/wheeltec/wheeltec_ros2/install/nav2_velocity_smoother/lib:/home/wsh/wheeltec/wheeltec_ros2/install/nav2_rviz_plugins/lib:/home/wsh/wheeltec/wheeltec_ros2/install/nav2_behavior_tree/lib:/home/wsh/wheeltec/wheeltec_ros2/install/nav2_amcl/lib:/home/wsh/wheeltec/wheeltec_ros2/install/lslidar_msgs/lib:/home/wsh/wheeltec/wheeltec_ros2/install/astra_camera_msgs/lib:/home/wsh/wheeltec/wheeltec_ros2/install/ackermann_msgs/lib:/usr/local/adolc/lib:/usr/local/lib:/usr/local/adolc/lib:/usr/local/lib:/usr/lib/x86_64-linux-gnu/gazebo-11/plugins:/opt/ros/humble/opt/rviz_ogre_vendor/lib:/opt/ros/humble/lib/x86_64-linux-gnu:/opt/ros/humble/lib /usr/bin/cmake --build /home/wsh/wheeltec/wheeltec_ros2/build/nav2_smac_planner -- -j20 -l20
