[35m[1mConsolidate compiler generated dependencies of target nav2_smac_planner_2d[0m
[35m[1mConsolidate compiler generated dependencies of target nav2_smac_planner_lattice[0m
[35m[1mConsolidate compiler generated dependencies of target nav2_smac_planner[0m
[  1%] [32mBuilding CXX object CMakeFiles/nav2_smac_planner_2d.dir/src/smoother.cpp.o[0m
[  2%] [32mBuilding CXX object CMakeFiles/nav2_smac_planner_lattice.dir/src/smoother.cpp.o[0m
[  3%] [32mBuilding CXX object CMakeFiles/nav2_smac_planner.dir/src/smoother.cpp.o[0m
[01m[K/home/wsh/wheeltec/wheeltec_ros2/src/navigation2-humble/nav2_smac_planner/src/smoother.cpp:[m[K In member function â€˜[01m[Kbool nav2_smac_planner::Smoother::smooth(nav_msgs::msg::Path&, nav_msgs::msg::Path&, const nav2_costmap_2d::Costmap2D*, const double&)[m[Kâ€™:
[01m[K/home/wsh/wheeltec/wheeltec_ros2/src/navigation2-humble/nav2_smac_planner/src/smoother.cpp:91:7:[m[K [01;31m[Kerror: [m[Kâ€˜[01m[KEnforce[m[Kâ€™ was not declared in this scope
   91 |       [01;31m[KEnforce[m[K boundary conditions
      |       [01;31m[K^~~~~~~[m[K
[01m[K/home/wsh/wheeltec/wheeltec_ros2/src/navigation2-humble/nav2_smac_planner/src/smoother.cpp:[m[K In member function â€˜[01m[Kbool nav2_smac_planner::Smoother::smooth(nav_msgs::msg::Path&, nav_msgs::msg::Path&, const nav2_costmap_2d::Costmap2D*, const double&)[m[Kâ€™:
[01m[K/home/wsh/wheeltec/wheeltec_ros2/src/navigation2-humble/nav2_smac_planner/src/smoother.cpp:91:7:[m[K [01;31m[Kerror: [m[Kâ€˜[01m[KEnforce[m[Kâ€™ was not declared in this scope
   91 |       [01;31m[KEnforce[m[K boundary conditions
      |       [01;31m[K^~~~~~~[m[K
[01m[K/home/wsh/wheeltec/wheeltec_ros2/src/navigation2-humble/nav2_smac_planner/src/smoother.cpp:[m[K In member function â€˜[01m[Kbool nav2_smac_planner::Smoother::smooth(nav_msgs::msg::Path&, nav_msgs::msg::Path&, const nav2_costmap_2d::Costmap2D*, const double&)[m[Kâ€™:
[01m[K/home/wsh/wheeltec/wheeltec_ros2/src/navigation2-humble/nav2_smac_planner/src/smoother.cpp:91:7:[m[K [01;31m[Kerror: [m[Kâ€˜[01m[KEnforce[m[Kâ€™ was not declared in this scope
   91 |       [01;31m[KEnforce[m[K boundary conditions
      |       [01;31m[K^~~~~~~[m[K
gmake[2]: *** [CMakeFiles/nav2_smac_planner_2d.dir/build.make:144: CMakeFiles/nav2_smac_planner_2d.dir/src/smoother.cpp.o] Error 1
gmake[1]: *** [CMakeFiles/Makefile2:167: CMakeFiles/nav2_smac_planner_2d.dir/all] Error 2
gmake[1]: *** Waiting for unfinished jobs....
gmake[2]: *** [CMakeFiles/nav2_smac_planner_lattice.dir/build.make:144: CMakeFiles/nav2_smac_planner_lattice.dir/src/smoother.cpp.o] Error 1
gmake[1]: *** [CMakeFiles/Makefile2:193: CMakeFiles/nav2_smac_planner_lattice.dir/all] Error 2
gmake[2]: *** [CMakeFiles/nav2_smac_planner.dir/build.make:158: CMakeFiles/nav2_smac_planner.dir/src/smoother.cpp.o] Error 1
gmake[1]: *** [CMakeFiles/Makefile2:141: CMakeFiles/nav2_smac_planner.dir/all] Error 2
gmake: *** [Makefile:146: all] Error 2
